#
# There is insufficient memory for the Java Runtime Environment to continue.
# Native memory allocation (mmap) failed to map 29360128 bytes for G1 virtual space
# Possible reasons:
#   The system is out of physical RAM or swap space
#   The process is running with CompressedOops enabled, and the Java Heap may be blocking the growth of the native heap
# Possible solutions:
#   Reduce memory load on the system
#   Increase physical memory or swap space
#   Check if swap backing store is full
#   Decrease Java heap size (-Xmx/-Xms)
#   Decrease number of Java threads
#   Decrease Java thread stack sizes (-Xss)
#   Set larger code cache with -XX:ReservedCodeCacheSize=
#   JVM is running with Unscaled Compressed Oops mode in which the Java heap is
#     placed in the first 4GB address space. The Java Heap base address is the
#     maximum limit for the native heap growth. Please use -XX:HeapBaseMinAddress
#     to set the Java Heap base and to place the Java Heap above 4GB virtual address.
# This output file may be truncated or incomplete.
#
#  Out of Memory Error (os_windows.cpp:3613), pid=22072, tid=25400
#
# JRE version: OpenJDK Runtime Environment Microsoft-8902769 (17.0.10+7) (build 17.0.10+7-LTS)
# Java VM: OpenJDK 64-Bit Server VM Microsoft-8902769 (17.0.10+7-LTS, mixed mode, sharing, tiered, compressed oops, compressed class ptrs, g1 gc, windows-amd64)
# No core dump will be written. Minidumps are not enabled by default on client versions of Windows
#

---------------  S U M M A R Y ------------

Command Line: -XX:MaxMetaspaceSize=512m --add-opens=java.base/java.util=ALL-UNNAMED --add-opens=java.base/java.lang=ALL-UNNAMED --add-opens=java.base/java.lang.invoke=ALL-UNNAMED --add-opens=java.prefs/java.util.prefs=ALL-UNNAMED --add-opens=java.base/java.nio.charset=ALL-UNNAMED --add-opens=java.base/java.net=ALL-UNNAMED --add-opens=java.base/java.util.concurrent.atomic=ALL-UNNAMED -Xmx2048m -Dfile.encoding=utf8 -Duser.country=PE -Duser.language=es -Duser.variant -javaagent:C:\Users\razer\.gradle\wrapper\dists\gradle-8.3-all\6en3ugtfdg5xnpx44z4qbwgas\gradle-8.3\lib\agents\gradle-instrumentation-agent-8.3.jar org.gradle.launcher.daemon.bootstrap.GradleDaemon 8.3

Host: AMD Ryzen 5 3500U with Radeon Vega Mobile Gfx  , 8 cores, 5G,  Windows 11 , 64 bit Build 22621 (10.0.22621.3527)
Time: Mon May 27 17:09:51 2024 Hora est. Pacífico, Sudamérica elapsed time: 46.015756 seconds (0d 0h 0m 46s)

---------------  T H R E A D  ---------------

Current thread (0x000001ad6ee28ee0):  VMThread "VM Thread" [stack: 0x0000002f04100000,0x0000002f04200000] [id=25400]

Stack: [0x0000002f04100000,0x0000002f04200000]
Native frames: (J=compiled Java code, j=interpreted, Vv=VM code, C=native code)
V  [jvm.dll+0x67f829]
V  [jvm.dll+0x83750a]
V  [jvm.dll+0x838fce]
V  [jvm.dll+0x839633]
V  [jvm.dll+0x247cbf]
V  [jvm.dll+0x67c669]
V  [jvm.dll+0x6710da]
V  [jvm.dll+0x309b8b]
V  [jvm.dll+0x311036]
V  [jvm.dll+0x360d5e]
V  [jvm.dll+0x360f8f]
V  [jvm.dll+0x2e0798]
V  [jvm.dll+0x2de974]
V  [jvm.dll+0x2ddf7c]
V  [jvm.dll+0x32200b]
V  [jvm.dll+0x83db2b]
V  [jvm.dll+0x83e871]
V  [jvm.dll+0x83ed8d]
V  [jvm.dll+0x83f164]
V  [jvm.dll+0x83f230]
V  [jvm.dll+0x7e69da]
V  [jvm.dll+0x67e715]
C  [ucrtbase.dll+0x29333]
C  [KERNEL32.DLL+0x1257d]
C  [ntdll.dll+0x5aa48]

VM_Operation (0x0000002f049fe2b0): G1CollectForAllocation, mode: safepoint, requested by thread 0x000001ad6ee5baa0


---------------  P R O C E S S  ---------------

Threads class SMR info:
_java_thread_list=0x000001ad7757d800, length=90, elements={
0x000001ad4ea1e460, 0x000001ad6ee2d790, 0x000001ad6ee2e610, 0x000001ad6ee46c80,
0x000001ad6ee48760, 0x000001ad6ee49320, 0x000001ad6ee4dd00, 0x000001ad6ee534c0,
0x000001ad6ee5baa0, 0x000001ad6ee5e8a0, 0x000001ad6eeaea50, 0x000001ad73202440,
0x000001ad73fe6bd0, 0x000001ad73bbb910, 0x000001ad740f9cc0, 0x000001ad74a2ccf0,
0x000001ad74a7a850, 0x000001ad749e3a10, 0x000001ad749e4700, 0x000001ad745e7d30,
0x000001ad745eaac0, 0x000001ad745e8240, 0x000001ad745e8c60, 0x000001ad745e9170,
0x000001ad745ea0a0, 0x000001ad745e8750, 0x000001ad745e7820, 0x000001ad745e9680,
0x000001ad745e9b90, 0x000001ad745ea5b0, 0x000001ad74b37360, 0x000001ad74b3ba40,
0x000001ad74b3a0f0, 0x000001ad74b36940, 0x000001ad74b36430, 0x000001ad74b396d0,
0x000001ad74b36e50, 0x000001ad74b3d390, 0x000001ad74b3c460, 0x000001ad74b3b530,
0x000001ad74b39be0, 0x000001ad74b38cb0, 0x000001ad74b3ce80, 0x000001ad74b3a600,
0x000001ad74b3bf50, 0x000001ad74b38290, 0x000001ad74b3c970, 0x000001ad74b35f20,
0x000001ad74b3ab10, 0x000001ad74b3d8a0, 0x000001ad74b387a0, 0x000001ad74b3b020,
0x000001ad74b391c0, 0x000001ad76da4270, 0x000001ad76d9ec60, 0x000001ad76da2410,
0x000001ad76da05b0, 0x000001ad76da2920, 0x000001ad76da14e0, 0x000001ad76da19f0,
0x000001ad76da1f00, 0x000001ad76d9e750, 0x000001ad76da3850, 0x000001ad76da2e30,
0x000001ad76da3d60, 0x000001ad76d9fb90, 0x000001ad76da4c90, 0x000001ad76d9f170,
0x000001ad76d9d820, 0x000001ad76da51a0, 0x000001ad76da4780, 0x000001ad76d9e240,
0x000001ad76d9f680, 0x000001ad76da00a0, 0x000001ad76da0fd0, 0x000001ad766fc310,
0x000001ad766fc820, 0x000001ad766fd750, 0x000001ad766fb3e0, 0x000001ad766fb8f0,
0x000001ad766f9fa0, 0x000001ad766ff5b0, 0x000001ad766f9070, 0x000001ad766fe680,
0x000001ad766ff0a0, 0x000001ad766fdc60, 0x000001ad766fcd30, 0x000001ad766fd240,
0x000001ad766feb90, 0x000001ad766fa9c0
}

Java Threads: ( => current thread )
  0x000001ad4ea1e460 JavaThread "main" [_thread_blocked, id=6964, stack(0x0000002f03b00000,0x0000002f03c00000)]
  0x000001ad6ee2d790 JavaThread "Reference Handler" daemon [_thread_blocked, id=9504, stack(0x0000002f04200000,0x0000002f04300000)]
  0x000001ad6ee2e610 JavaThread "Finalizer" daemon [_thread_blocked, id=26268, stack(0x0000002f04300000,0x0000002f04400000)]
  0x000001ad6ee46c80 JavaThread "Signal Dispatcher" daemon [_thread_blocked, id=14748, stack(0x0000002f04400000,0x0000002f04500000)]
  0x000001ad6ee48760 JavaThread "Attach Listener" daemon [_thread_blocked, id=24724, stack(0x0000002f04500000,0x0000002f04600000)]
  0x000001ad6ee49320 JavaThread "Service Thread" daemon [_thread_blocked, id=24720, stack(0x0000002f04600000,0x0000002f04700000)]
  0x000001ad6ee4dd00 JavaThread "Monitor Deflation Thread" daemon [_thread_blocked, id=21096, stack(0x0000002f04700000,0x0000002f04800000)]
  0x000001ad6ee534c0 JavaThread "C2 CompilerThread0" daemon [_thread_blocked, id=4784, stack(0x0000002f04800000,0x0000002f04900000)]
  0x000001ad6ee5baa0 JavaThread "C1 CompilerThread0" daemon [_thread_blocked, id=9436, stack(0x0000002f04900000,0x0000002f04a00000)]
  0x000001ad6ee5e8a0 JavaThread "Sweeper thread" daemon [_thread_blocked, id=3948, stack(0x0000002f04a00000,0x0000002f04b00000)]
  0x000001ad6eeaea50 JavaThread "Common-Cleaner" daemon [_thread_blocked, id=26556, stack(0x0000002f04b00000,0x0000002f04c00000)]
  0x000001ad73202440 JavaThread "Notification Thread" daemon [_thread_blocked, id=5148, stack(0x0000002f04c00000,0x0000002f04d00000)]
  0x000001ad73fe6bd0 JavaThread "Daemon health stats" [_thread_blocked, id=308, stack(0x0000002f05200000,0x0000002f05300000)]
  0x000001ad73bbb910 JavaThread "Incoming local TCP Connector on port 64666" [_thread_in_native, id=27120, stack(0x0000002f05300000,0x0000002f05400000)]
  0x000001ad740f9cc0 JavaThread "Daemon periodic checks" [_thread_blocked, id=22936, stack(0x0000002f05400000,0x0000002f05500000)]
  0x000001ad74a2ccf0 JavaThread "Daemon" [_thread_blocked, id=27176, stack(0x0000002f05500000,0x0000002f05600000)]
  0x000001ad74a7a850 JavaThread "Handler for socket connection from /127.0.0.1:64666 to /127.0.0.1:64667" [_thread_in_native, id=7152, stack(0x0000002f05600000,0x0000002f05700000)]
  0x000001ad749e3a10 JavaThread "Cancel handler" [_thread_blocked, id=21516, stack(0x0000002f05700000,0x0000002f05800000)]
  0x000001ad749e4700 JavaThread "Daemon worker" [_thread_blocked, id=18780, stack(0x0000002f05800000,0x0000002f05900000)]
  0x000001ad745e7d30 JavaThread "Asynchronous log dispatcher for DefaultDaemonConnection: socket connection from /127.0.0.1:64666 to /127.0.0.1:64667" [_thread_blocked, id=10436, stack(0x0000002f05900000,0x0000002f05a00000)]
  0x000001ad745eaac0 JavaThread "Stdin handler" [_thread_blocked, id=15508, stack(0x0000002f05a00000,0x0000002f05b00000)]
  0x000001ad745e8240 JavaThread "Daemon client event forwarder" [_thread_blocked, id=15124, stack(0x0000002f05b00000,0x0000002f05c00000)]
  0x000001ad745e8c60 JavaThread "Cache worker for journal cache (C:\Users\razer\.gradle\caches\journal-1)" [_thread_blocked, id=23656, stack(0x0000002f05f00000,0x0000002f06000000)]
  0x000001ad745e9170 JavaThread "File lock request listener" [_thread_in_native, id=3964, stack(0x0000002f06000000,0x0000002f06100000)]
  0x000001ad745ea0a0 JavaThread "Cache worker for file hash cache (C:\Users\razer\.gradle\caches\8.3\fileHashes)" [_thread_blocked, id=13912, stack(0x0000002f06100000,0x0000002f06200000)]
  0x000001ad745e8750 JavaThread "File watcher server" daemon [_thread_in_native, id=13468, stack(0x0000002f06200000,0x0000002f06300000)]
  0x000001ad745e7820 JavaThread "File watcher consumer" daemon [_thread_blocked, id=24816, stack(0x0000002f06300000,0x0000002f06400000)]
  0x000001ad745e9680 JavaThread "Cache worker for checksums cache (C:\Users\razer\Documents\dprom-minsa\dpromApp\android\.gradle\8.3\checksums)" [_thread_blocked, id=6120, stack(0x0000002f06400000,0x0000002f06500000)]
  0x000001ad745e9b90 JavaThread "Cache worker for file hash cache (C:\Users\razer\Documents\dprom-minsa\dpromApp\android\.gradle\8.3\fileHashes)" [_thread_blocked, id=20220, stack(0x0000002f06600000,0x0000002f06700000)]
  0x000001ad745ea5b0 JavaThread "Cache worker for cache directory md-supplier (C:\Users\razer\.gradle\caches\8.3\md-supplier)" [_thread_blocked, id=7148, stack(0x0000002f06700000,0x0000002f06800000)]
  0x000001ad74b37360 JavaThread "Cache worker for file content cache (C:\Users\razer\.gradle\caches\8.3\fileContent)" [_thread_blocked, id=14428, stack(0x0000002f06800000,0x0000002f06900000)]
  0x000001ad74b3ba40 JavaThread "Cache worker for cache directory md-rule (C:\Users\razer\.gradle\caches\8.3\md-rule)" [_thread_blocked, id=19676, stack(0x0000002f06900000,0x0000002f06a00000)]
  0x000001ad74b3a0f0 JavaThread "Cache worker for execution history cache (C:\Users\razer\.gradle\caches\8.3\executionHistory)" [_thread_blocked, id=25908, stack(0x0000002f06a00000,0x0000002f06b00000)]
  0x000001ad74b36940 JavaThread "jar transforms" [_thread_blocked, id=23896, stack(0x0000002f06b00000,0x0000002f06c00000)]
  0x000001ad74b36430 JavaThread "jar transforms Thread 2" [_thread_blocked, id=14776, stack(0x0000002f06c00000,0x0000002f06d00000)]
  0x000001ad74b396d0 JavaThread "jar transforms Thread 3" [_thread_blocked, id=5428, stack(0x0000002f06e00000,0x0000002f06f00000)]
  0x000001ad74b36e50 JavaThread "jar transforms Thread 4" [_thread_blocked, id=19700, stack(0x0000002f06f00000,0x0000002f07000000)]
  0x000001ad74b3d390 JavaThread "jar transforms Thread 5" [_thread_blocked, id=22964, stack(0x0000002f07000000,0x0000002f07100000)]
  0x000001ad74b3c460 JavaThread "jar transforms Thread 6" [_thread_blocked, id=22920, stack(0x0000002f07100000,0x0000002f07200000)]
  0x000001ad74b3b530 JavaThread "Cache worker for kotlin-dsl (C:\Users\razer\.gradle\caches\8.3\kotlin-dsl)" [_thread_blocked, id=23548, stack(0x0000002f07200000,0x0000002f07300000)]
  0x000001ad74b39be0 JavaThread "jar transforms Thread 7" [_thread_blocked, id=4052, stack(0x0000002f07300000,0x0000002f07400000)]
  0x000001ad74b38cb0 JavaThread "jar transforms Thread 8" [_thread_blocked, id=20760, stack(0x0000002f07400000,0x0000002f07500000)]
  0x000001ad74b3ce80 JavaThread "Unconstrained build operations" [_thread_blocked, id=7164, stack(0x0000002f07500000,0x0000002f07600000)]
  0x000001ad74b3a600 JavaThread "Unconstrained build operations Thread 2" [_thread_blocked, id=4952, stack(0x0000002f07600000,0x0000002f07700000)]
  0x000001ad74b3bf50 JavaThread "Cache worker for dependencies-accessors (C:\Users\razer\Documents\dprom-minsa\dpromApp\android\.gradle\8.3\dependencies-accessors)" [_thread_blocked, id=10824, stack(0x0000002f07700000,0x0000002f07800000)]
  0x000001ad74b38290 JavaThread "Cache worker for Build Output Cleanup Cache (C:\Users\razer\Documents\dprom-minsa\dpromApp\node_modules\@react-native\gradle-plugin\.gradle\buildOutputCleanup)" [_thread_blocked, id=5128, stack(0x0000002f07800000,0x0000002f07900000)]
  0x000001ad74b3c970 JavaThread "Unconstrained build operations Thread 3" [_thread_blocked, id=23032, stack(0x0000002f07900000,0x0000002f07a00000)]
  0x000001ad74b35f20 JavaThread "Unconstrained build operations Thread 4" [_thread_blocked, id=27504, stack(0x0000002f07a00000,0x0000002f07b00000)]
  0x000001ad74b3ab10 JavaThread "Unconstrained build operations Thread 5" [_thread_blocked, id=11404, stack(0x0000002f07b00000,0x0000002f07c00000)]
  0x000001ad74b3d8a0 JavaThread "Unconstrained build operations Thread 6" [_thread_blocked, id=21604, stack(0x0000002f07c00000,0x0000002f07d00000)]
  0x000001ad74b387a0 JavaThread "Unconstrained build operations Thread 7" [_thread_blocked, id=2804, stack(0x0000002f07d00000,0x0000002f07e00000)]
  0x000001ad74b3b020 JavaThread "Unconstrained build operations Thread 8" [_thread_blocked, id=13888, stack(0x0000002f07e00000,0x0000002f07f00000)]
  0x000001ad74b391c0 JavaThread "Unconstrained build operations Thread 9" [_thread_blocked, id=15992, stack(0x0000002f07f00000,0x0000002f08000000)]
  0x000001ad76da4270 JavaThread "Memory manager" [_thread_blocked, id=5964, stack(0x0000002f08000000,0x0000002f08100000)]
  0x000001ad76d9ec60 JavaThread "Cache worker for Build Output Cleanup Cache (C:\Users\razer\Documents\dprom-minsa\dpromApp\android\.gradle\buildOutputCleanup)" [_thread_blocked, id=26028, stack(0x0000002f08300000,0x0000002f08400000)]
  0x000001ad76da2410 JavaThread "ForkJoinPool.commonPool-worker-1" daemon [_thread_blocked, id=23760, stack(0x0000002f08400000,0x0000002f08500000)]
  0x000001ad76da05b0 JavaThread "ForkJoinPool.commonPool-worker-2" daemon [_thread_blocked, id=18092, stack(0x0000002f08500000,0x0000002f08600000)]
  0x000001ad76da2920 JavaThread "ForkJoinPool.commonPool-worker-3" daemon [_thread_blocked, id=21332, stack(0x0000002f08600000,0x0000002f08700000)]
  0x000001ad76da14e0 JavaThread "ForkJoinPool.commonPool-worker-4" daemon [_thread_blocked, id=15996, stack(0x0000002f08700000,0x0000002f08800000)]
  0x000001ad76da19f0 JavaThread "ForkJoinPool.commonPool-worker-5" daemon [_thread_blocked, id=15880, stack(0x0000002f08800000,0x0000002f08900000)]
  0x000001ad76da1f00 JavaThread "ForkJoinPool.commonPool-worker-6" daemon [_thread_blocked, id=20276, stack(0x0000002f08900000,0x0000002f08a00000)]
  0x000001ad76d9e750 JavaThread "ForkJoinPool.commonPool-worker-7" daemon [_thread_blocked, id=26376, stack(0x0000002f08a00000,0x0000002f08b00000)]
  0x000001ad76da3850 JavaThread "Exec process" [_thread_blocked, id=18012, stack(0x0000002f08b00000,0x0000002f08c00000)]
  0x000001ad76da2e30 JavaThread "Exec process Thread 2" [_thread_blocked, id=25668, stack(0x0000002f08c00000,0x0000002f08d00000)]
  0x000001ad76da3d60 JavaThread "Exec process Thread 3" [_thread_blocked, id=25544, stack(0x0000002f08d00000,0x0000002f08e00000)]
  0x000001ad76d9fb90 JavaThread "included builds" [_thread_blocked, id=16112, stack(0x0000002f08e00000,0x0000002f08f00000)]
  0x000001ad76da4c90 JavaThread "Execution worker" [_thread_blocked, id=15064, stack(0x0000002f08f00000,0x0000002f09000000)]
  0x000001ad76d9f170 JavaThread "Execution worker Thread 2" [_thread_blocked, id=16772, stack(0x0000002f09000000,0x0000002f09100000)]
  0x000001ad76d9d820 JavaThread "Execution worker Thread 3" [_thread_blocked, id=26696, stack(0x0000002f09100000,0x0000002f09200000)]
  0x000001ad76da51a0 JavaThread "Execution worker Thread 4" [_thread_blocked, id=12384, stack(0x0000002f09200000,0x0000002f09300000)]
  0x000001ad76da4780 JavaThread "Execution worker Thread 5" [_thread_blocked, id=22300, stack(0x0000002f09300000,0x0000002f09400000)]
  0x000001ad76d9e240 JavaThread "Execution worker Thread 6" [_thread_blocked, id=14288, stack(0x0000002f09400000,0x0000002f09500000)]
  0x000001ad76d9f680 JavaThread "Execution worker Thread 7" [_thread_blocked, id=15564, stack(0x0000002f09500000,0x0000002f09600000)]
  0x000001ad76da00a0 JavaThread "Cache worker for execution history cache (C:\Users\razer\Documents\dprom-minsa\dpromApp\node_modules\@react-native\gradle-plugin\.gradle\8.3\executionHistory)" [_thread_blocked, id=14448, stack(0x0000002f09600000,0x0000002f09700000)]
  0x000001ad76da0fd0 JavaThread "Unconstrained build operations Thread 10" [_thread_blocked, id=24844, stack(0x0000002f09700000,0x0000002f09800000)]
  0x000001ad766fc310 JavaThread "Unconstrained build operations Thread 11" [_thread_blocked, id=25636, stack(0x0000002f09800000,0x0000002f09900000)]
  0x000001ad766fc820 JavaThread "Unconstrained build operations Thread 12" [_thread_blocked, id=16100, stack(0x0000002f09900000,0x0000002f09a00000)]
  0x000001ad766fd750 JavaThread "Unconstrained build operations Thread 13" [_thread_blocked, id=21204, stack(0x0000002f09a00000,0x0000002f09b00000)]
  0x000001ad766fb3e0 JavaThread "Unconstrained build operations Thread 14" [_thread_blocked, id=25424, stack(0x0000002f09b00000,0x0000002f09c00000)]
  0x000001ad766fb8f0 JavaThread "Unconstrained build operations Thread 15" [_thread_blocked, id=20796, stack(0x0000002f09c00000,0x0000002f09d00000)]
  0x000001ad766f9fa0 JavaThread "Unconstrained build operations Thread 16" [_thread_blocked, id=3844, stack(0x0000002f09d00000,0x0000002f09e00000)]
  0x000001ad766ff5b0 JavaThread "Unconstrained build operations Thread 17" [_thread_blocked, id=13944, stack(0x0000002f09e00000,0x0000002f09f00000)]
  0x000001ad766f9070 JavaThread "Unconstrained build operations Thread 18" [_thread_blocked, id=23344, stack(0x0000002f09f00000,0x0000002f0a000000)]
  0x000001ad766fe680 JavaThread "Unconstrained build operations Thread 19" [_thread_blocked, id=432, stack(0x0000002f0a000000,0x0000002f0a100000)]
  0x000001ad766ff0a0 JavaThread "Unconstrained build operations Thread 20" [_thread_blocked, id=7960, stack(0x0000002f0a100000,0x0000002f0a200000)]
  0x000001ad766fdc60 JavaThread "Unconstrained build operations Thread 21" [_thread_blocked, id=25072, stack(0x0000002f0a200000,0x0000002f0a300000)]
  0x000001ad766fcd30 JavaThread "Unconstrained build operations Thread 22" [_thread_blocked, id=16684, stack(0x0000002f0a300000,0x0000002f0a400000)]
  0x000001ad766fd240 JavaThread "Unconstrained build operations Thread 23" [_thread_blocked, id=9976, stack(0x0000002f0a400000,0x0000002f0a500000)]
  0x000001ad766feb90 JavaThread "Unconstrained build operations Thread 24" [_thread_blocked, id=21464, stack(0x0000002f0a500000,0x0000002f0a600000)]
  0x000001ad766fa9c0 JavaThread "Unconstrained build operations Thread 25" [_thread_blocked, id=22144, stack(0x0000002f0a600000,0x0000002f0a700000)]

Other Threads:
=>0x000001ad6ee28ee0 VMThread "VM Thread" [stack: 0x0000002f04100000,0x0000002f04200000] [id=25400]
  0x000001ad73163380 WatcherThread [stack: 0x0000002f04d00000,0x0000002f04e00000] [id=16056]
  0x000001ad4ea78490 GCTaskThread "GC Thread#0" [stack: 0x0000002f03c00000,0x0000002f03d00000] [id=17212]
  0x000001ad73a47a10 GCTaskThread "GC Thread#1" [stack: 0x0000002f04e00000,0x0000002f04f00000] [id=9848]
  0x000001ad73a48250 GCTaskThread "GC Thread#2" [stack: 0x0000002f04f00000,0x0000002f05000000] [id=4060]
  0x000001ad73a48510 GCTaskThread "GC Thread#3" [stack: 0x0000002f05000000,0x0000002f05100000] [id=24540]
  0x000001ad73a47750 GCTaskThread "GC Thread#4" [stack: 0x0000002f05100000,0x0000002f05200000] [id=12768]
  0x000001ad73a47cd0 GCTaskThread "GC Thread#5" [stack: 0x0000002f05c00000,0x0000002f05d00000] [id=19000]
  0x000001ad73a47f90 GCTaskThread "GC Thread#6" [stack: 0x0000002f05d00000,0x0000002f05e00000] [id=18720]
  0x000001ad73a48d50 GCTaskThread "GC Thread#7" [stack: 0x0000002f05e00000,0x0000002f05f00000] [id=11540]
  0x000001ad4ea893e0 ConcurrentGCThread "G1 Main Marker" [stack: 0x0000002f03d00000,0x0000002f03e00000] [id=13000]
  0x000001ad4ea8b5b0 ConcurrentGCThread "G1 Conc#0" [stack: 0x0000002f03e00000,0x0000002f03f00000] [id=25556]
  0x000001ad73a492d0 ConcurrentGCThread "G1 Conc#1" [stack: 0x0000002f06500000,0x0000002f06600000] [id=7184]
  0x000001ad4eace370 ConcurrentGCThread "G1 Refine#0" [stack: 0x0000002f03f00000,0x0000002f04000000] [id=10976]
  0x000001ad7341d870 ConcurrentGCThread "G1 Refine#1" [stack: 0x0000002f06d00000,0x0000002f06e00000] [id=20588]
  0x000001ad6ece60e0 ConcurrentGCThread "G1 Service" [stack: 0x0000002f04000000,0x0000002f04100000] [id=20112]

Threads with active compile tasks:
C2 CompilerThread0    46106 9189       4       sun.security.provider.ByteArrayAccess::b2iBig64 (231 bytes)
C1 CompilerThread0    46106 9307       3       java.lang.invoke.MethodHandles::privateLookupIn (333 bytes)

VM state: at safepoint (normal execution)

VM Mutex/Monitor currently owned by a thread:  ([mutex/lock_event])
[0x000001ad4ea19b10] Threads_lock - owner thread: 0x000001ad6ee28ee0
[0x000001ad4ea1a530] Heap_lock - owner thread: 0x000001ad6ee5baa0

Heap address: 0x0000000080000000, size: 2048 MB, Compressed Oops mode: 32-bit

CDS archive(s) mapped at: [0x000001ad00000000-0x000001ad00bb0000-0x000001ad00bb0000), size 12255232, SharedBaseAddress: 0x000001ad00000000, ArchiveRelocationMode: 1.
Compressed class space mapped at: 0x000001ad01000000-0x000001ad1b000000, reserved size: 436207616
Narrow klass base: 0x000001ad00000000, Narrow klass shift: 0, Narrow klass range: 0x100000000

GC Precious Log:
 CPUs: 8 total, 8 available
 Memory: 6091M
 Large Page Support: Disabled
 NUMA Support: Disabled
 Compressed Oops: Enabled (32-bit)
 Heap Region Size: 1M
 Heap Min Capacity: 8M
 Heap Initial Capacity: 96M
 Heap Max Capacity: 2G
 Pre-touch: Disabled
 Parallel Workers: 8
 Concurrent Workers: 2
 Concurrent Refinement Workers: 8
 Periodic GC: Disabled

Heap:
 garbage-first heap   total 142336K, used 85806K [0x0000000080000000, 0x0000000100000000)
  region size 1024K, 3 young (3072K), 3 survivors (3072K)
 Metaspace       used 74454K, committed 75264K, reserved 491520K
  class space    used 10440K, committed 10816K, reserved 425984K

Heap Regions: E=young(eden), S=young(survivor), O=old, HS=humongous(starts), HC=humongous(continues), CS=collection set, F=free, OA=open archive, CA=closed archive, TAMS=top-at-mark-start (previous, next)
|   0|0x0000000080000000, 0x0000000080100000, 0x0000000080100000|100%|HS|  |TAMS 0x0000000080100000, 0x0000000080000000| Complete 
|   1|0x0000000080100000, 0x0000000080200000, 0x0000000080200000|100%|HC|  |TAMS 0x0000000080200000, 0x0000000080100000| Complete 
|   2|0x0000000080200000, 0x0000000080300000, 0x0000000080300000|100%|HC|  |TAMS 0x0000000080300000, 0x0000000080200000| Complete 
|   3|0x0000000080300000, 0x0000000080400000, 0x0000000080400000|100%|HC|  |TAMS 0x0000000080400000, 0x0000000080300000| Complete 
|   4|0x0000000080400000, 0x0000000080500000, 0x0000000080500000|100%| O|  |TAMS 0x0000000080500000, 0x0000000080400000| Untracked 
|   5|0x0000000080500000, 0x0000000080600000, 0x0000000080600000|100%| O|  |TAMS 0x0000000080600000, 0x0000000080500000| Untracked 
|   6|0x0000000080600000, 0x0000000080700000, 0x0000000080700000|100%| O|  |TAMS 0x0000000080700000, 0x0000000080600000| Untracked 
|   7|0x0000000080700000, 0x0000000080800000, 0x0000000080800000|100%| O|  |TAMS 0x0000000080800000, 0x0000000080700000| Untracked 
|   8|0x0000000080800000, 0x0000000080900000, 0x0000000080900000|100%| O|  |TAMS 0x0000000080900000, 0x0000000080800000| Untracked 
|   9|0x0000000080900000, 0x0000000080a00000, 0x0000000080a00000|100%| O|  |TAMS 0x0000000080a00000, 0x0000000080900000| Untracked 
|  10|0x0000000080a00000, 0x0000000080b00000, 0x0000000080b00000|100%| O|  |TAMS 0x0000000080b00000, 0x0000000080a00000| Untracked 
|  11|0x0000000080b00000, 0x0000000080c00000, 0x0000000080c00000|100%| O|  |TAMS 0x0000000080c00000, 0x0000000080b00000| Untracked 
|  12|0x0000000080c00000, 0x0000000080d00000, 0x0000000080d00000|100%| O|  |TAMS 0x0000000080d00000, 0x0000000080c00000| Untracked 
|  13|0x0000000080d00000, 0x0000000080e00000, 0x0000000080e00000|100%| O|  |TAMS 0x0000000080e00000, 0x0000000080d00000| Untracked 
|  14|0x0000000080e00000, 0x0000000080f00000, 0x0000000080f00000|100%| O|  |TAMS 0x0000000080f00000, 0x0000000080e00000| Untracked 
|  15|0x0000000080f00000, 0x0000000081000000, 0x0000000081000000|100%| O|  |TAMS 0x0000000081000000, 0x0000000080f00000| Untracked 
|  16|0x0000000081000000, 0x0000000081100000, 0x0000000081100000|100%| O|  |TAMS 0x0000000081100000, 0x0000000081000000| Untracked 
|  17|0x0000000081100000, 0x0000000081200000, 0x0000000081200000|100%| O|  |TAMS 0x0000000081200000, 0x0000000081100000| Untracked 
|  18|0x0000000081200000, 0x0000000081300000, 0x0000000081300000|100%| O|  |TAMS 0x0000000081300000, 0x0000000081200000| Untracked 
|  19|0x0000000081300000, 0x0000000081400000, 0x0000000081400000|100%| O|  |TAMS 0x0000000081400000, 0x0000000081300000| Untracked 
|  20|0x0000000081400000, 0x0000000081500000, 0x0000000081500000|100%| O|  |TAMS 0x0000000081500000, 0x0000000081400000| Untracked 
|  21|0x0000000081500000, 0x0000000081600000, 0x0000000081600000|100%| O|  |TAMS 0x0000000081600000, 0x0000000081500000| Untracked 
|  22|0x0000000081600000, 0x0000000081700000, 0x0000000081700000|100%| O|  |TAMS 0x0000000081700000, 0x0000000081600000| Untracked 
|  23|0x0000000081700000, 0x0000000081800000, 0x0000000081800000|100%| O|  |TAMS 0x0000000081800000, 0x0000000081700000| Untracked 
|  24|0x0000000081800000, 0x0000000081900000, 0x0000000081900000|100%| O|  |TAMS 0x0000000081900000, 0x0000000081800000| Untracked 
|  25|0x0000000081900000, 0x0000000081a00000, 0x0000000081a00000|100%| O|  |TAMS 0x0000000081a00000, 0x0000000081900000| Untracked 
|  26|0x0000000081a00000, 0x0000000081b00000, 0x0000000081b00000|100%| O|  |TAMS 0x0000000081b00000, 0x0000000081a00000| Untracked 
|  27|0x0000000081b00000, 0x0000000081c00000, 0x0000000081c00000|100%| O|  |TAMS 0x0000000081c00000, 0x0000000081b00000| Untracked 
|  28|0x0000000081c00000, 0x0000000081d00000, 0x0000000081d00000|100%| O|  |TAMS 0x0000000081d00000, 0x0000000081c00000| Untracked 
|  29|0x0000000081d00000, 0x0000000081e00000, 0x0000000081e00000|100%| O|  |TAMS 0x0000000081e00000, 0x0000000081d00000| Untracked 
|  30|0x0000000081e00000, 0x0000000081f00000, 0x0000000081f00000|100%| O|  |TAMS 0x0000000081f00000, 0x0000000081e00000| Untracked 
|  31|0x0000000081f00000, 0x0000000081f00000, 0x0000000082000000|  0%| F|  |TAMS 0x0000000081f00000, 0x0000000081f00000| Untracked 
|  32|0x0000000082000000, 0x0000000082100000, 0x0000000082100000|100%| O|  |TAMS 0x0000000082100000, 0x0000000082000000| Untracked 
|  33|0x0000000082100000, 0x0000000082200000, 0x0000000082200000|100%| O|  |TAMS 0x0000000082200000, 0x0000000082100000| Untracked 
|  34|0x0000000082200000, 0x0000000082300000, 0x0000000082300000|100%| O|  |TAMS 0x0000000082300000, 0x0000000082200000| Untracked 
|  35|0x0000000082300000, 0x0000000082400000, 0x0000000082400000|100%| O|  |TAMS 0x0000000082400000, 0x0000000082300000| Untracked 
|  36|0x0000000082400000, 0x0000000082500000, 0x0000000082500000|100%|HS|  |TAMS 0x0000000082500000, 0x0000000082400000| Complete 
|  37|0x0000000082500000, 0x0000000082600000, 0x0000000082600000|100%|HC|  |TAMS 0x0000000082600000, 0x0000000082500000| Complete 
|  38|0x0000000082600000, 0x0000000082700000, 0x0000000082700000|100%|HS|  |TAMS 0x0000000082700000, 0x0000000082600000| Complete 
|  39|0x0000000082700000, 0x0000000082800000, 0x0000000082800000|100%|HC|  |TAMS 0x0000000082800000, 0x0000000082700000| Complete 
|  40|0x0000000082800000, 0x0000000082900000, 0x0000000082900000|100%|HS|  |TAMS 0x0000000082900000, 0x0000000082800000| Complete 
|  41|0x0000000082900000, 0x0000000082a00000, 0x0000000082a00000|100%|HC|  |TAMS 0x0000000082a00000, 0x0000000082900000| Complete 
|  42|0x0000000082a00000, 0x0000000082b00000, 0x0000000082b00000|100%|HC|  |TAMS 0x0000000082b00000, 0x0000000082a00000| Complete 
|  43|0x0000000082b00000, 0x0000000082c00000, 0x0000000082c00000|100%|HC|  |TAMS 0x0000000082c00000, 0x0000000082b00000| Complete 
|  44|0x0000000082c00000, 0x0000000082d00000, 0x0000000082d00000|100%| O|  |TAMS 0x0000000082d00000, 0x0000000082c00000| Untracked 
|  45|0x0000000082d00000, 0x0000000082e00000, 0x0000000082e00000|100%| O|  |TAMS 0x0000000082e00000, 0x0000000082d00000| Untracked 
|  46|0x0000000082e00000, 0x0000000082f00000, 0x0000000082f00000|100%| O|  |TAMS 0x0000000082f00000, 0x0000000082e00000| Untracked 
|  47|0x0000000082f00000, 0x0000000083000000, 0x0000000083000000|100%| O|  |TAMS 0x0000000083000000, 0x0000000082f00000| Untracked 
|  48|0x0000000083000000, 0x0000000083100000, 0x0000000083100000|100%| O|  |TAMS 0x0000000083100000, 0x0000000083000000| Untracked 
|  49|0x0000000083100000, 0x0000000083200000, 0x0000000083200000|100%| O|  |TAMS 0x0000000083200000, 0x0000000083100000| Untracked 
|  50|0x0000000083200000, 0x0000000083300000, 0x0000000083300000|100%| O|  |TAMS 0x0000000083300000, 0x0000000083200000| Untracked 
|  51|0x0000000083300000, 0x0000000083400000, 0x0000000083400000|100%| O|  |TAMS 0x0000000083400000, 0x0000000083300000| Untracked 
|  52|0x0000000083400000, 0x0000000083500000, 0x0000000083500000|100%| O|  |TAMS 0x0000000083500000, 0x0000000083400000| Untracked 
|  53|0x0000000083500000, 0x0000000083600000, 0x0000000083600000|100%| O|  |TAMS 0x0000000083600000, 0x0000000083500000| Untracked 
|  54|0x0000000083600000, 0x0000000083700000, 0x0000000083700000|100%|HS|  |TAMS 0x0000000083700000, 0x0000000083600000| Complete 
|  55|0x0000000083700000, 0x0000000083800000, 0x0000000083800000|100%|HC|  |TAMS 0x0000000083800000, 0x0000000083700000| Complete 
|  56|0x0000000083800000, 0x0000000083900000, 0x0000000083900000|100%|HC|  |TAMS 0x0000000083900000, 0x0000000083800000| Complete 
|  57|0x0000000083900000, 0x0000000083a00000, 0x0000000083a00000|100%|HC|  |TAMS 0x0000000083a00000, 0x0000000083900000| Complete 
|  58|0x0000000083a00000, 0x0000000083b00000, 0x0000000083b00000|100%| O|  |TAMS 0x0000000083b00000, 0x0000000083a00000| Untracked 
|  59|0x0000000083b00000, 0x0000000083c00000, 0x0000000083c00000|100%| O|  |TAMS 0x0000000083c00000, 0x0000000083b00000| Untracked 
|  60|0x0000000083c00000, 0x0000000083d00000, 0x0000000083d00000|100%| O|  |TAMS 0x0000000083d00000, 0x0000000083c00000| Untracked 
|  61|0x0000000083d00000, 0x0000000083e00000, 0x0000000083e00000|100%| O|  |TAMS 0x0000000083e00000, 0x0000000083d00000| Untracked 
|  62|0x0000000083e00000, 0x0000000083f00000, 0x0000000083f00000|100%| O|  |TAMS 0x0000000083f00000, 0x0000000083e00000| Untracked 
|  63|0x0000000083f00000, 0x0000000084000000, 0x0000000084000000|100%| O|  |TAMS 0x0000000084000000, 0x0000000083f00000| Untracked 
|  64|0x0000000084000000, 0x0000000084100000, 0x0000000084100000|100%| O|  |TAMS 0x0000000084100000, 0x0000000084000000| Untracked 
|  65|0x0000000084100000, 0x0000000084200000, 0x0000000084200000|100%| O|  |TAMS 0x0000000084200000, 0x0000000084100000| Untracked 
|  66|0x0000000084200000, 0x0000000084300000, 0x0000000084300000|100%| O|  |TAMS 0x0000000084300000, 0x0000000084200000| Untracked 
|  67|0x0000000084300000, 0x0000000084400000, 0x0000000084400000|100%|HS|  |TAMS 0x0000000084400000, 0x0000000084300000| Complete 
|  68|0x0000000084400000, 0x0000000084500000, 0x0000000084500000|100%|HS|  |TAMS 0x0000000084500000, 0x0000000084400000| Complete 
|  69|0x0000000084500000, 0x0000000084600000, 0x0000000084600000|100%|HS|  |TAMS 0x0000000084600000, 0x0000000084500000| Complete 
|  70|0x0000000084600000, 0x0000000084700000, 0x0000000084700000|100%| O|  |TAMS 0x0000000084700000, 0x0000000084600000| Untracked 
|  71|0x0000000084700000, 0x0000000084800000, 0x0000000084800000|100%|HS|  |TAMS 0x0000000084800000, 0x0000000084700000| Complete 
|  72|0x0000000084800000, 0x0000000084900000, 0x0000000084900000|100%| O|  |TAMS 0x0000000084900000, 0x0000000084800000| Untracked 
|  73|0x0000000084900000, 0x0000000084a00000, 0x0000000084a00000|100%| O|  |TAMS 0x0000000084a00000, 0x0000000084900000| Untracked 
|  74|0x0000000084a00000, 0x0000000084b00000, 0x0000000084b00000|100%| O|  |TAMS 0x0000000084b00000, 0x0000000084a00000| Untracked 
|  75|0x0000000084b00000, 0x0000000084c00000, 0x0000000084c00000|100%| O|  |TAMS 0x0000000084c00000, 0x0000000084b00000| Untracked 
|  76|0x0000000084c00000, 0x0000000084d00000, 0x0000000084d00000|100%| O|  |TAMS 0x0000000084d00000, 0x0000000084c00000| Untracked 
|  77|0x0000000084d00000, 0x0000000084e00000, 0x0000000084e00000|100%| O|  |TAMS 0x0000000084e00000, 0x0000000084d00000| Untracked 
|  78|0x0000000084e00000, 0x0000000084f00000, 0x0000000084f00000|100%| O|  |TAMS 0x0000000084ecbe08, 0x0000000084e00000| Untracked 
|  79|0x0000000084f00000, 0x0000000084f00000, 0x0000000085000000|  0%| F|  |TAMS 0x0000000084f00000, 0x0000000084f00000| Untracked 
|  80|0x0000000085000000, 0x0000000085000000, 0x0000000085100000|  0%| F|  |TAMS 0x0000000085000000, 0x0000000085000000| Untracked 
|  81|0x0000000085100000, 0x0000000085100000, 0x0000000085200000|  0%| F|  |TAMS 0x0000000085100000, 0x0000000085100000| Untracked 
|  82|0x0000000085200000, 0x0000000085300000, 0x0000000085300000|100%| O|  |TAMS 0x0000000085200000, 0x0000000085200000| Untracked 
|  83|0x0000000085300000, 0x0000000085300000, 0x0000000085400000|  0%| F|  |TAMS 0x0000000085300000, 0x0000000085300000| Untracked 
|  84|0x0000000085400000, 0x0000000085500000, 0x0000000085500000|100%| O|  |TAMS 0x0000000085400000, 0x0000000085400000| Untracked 
|  85|0x0000000085500000, 0x0000000085600000, 0x0000000085600000|100%| O|  |TAMS 0x0000000085500000, 0x0000000085500000| Untracked 
|  86|0x0000000085600000, 0x0000000085624a00, 0x0000000085700000| 14%| O|  |TAMS 0x0000000085600000, 0x0000000085600000| Untracked 
|  87|0x0000000085700000, 0x0000000085700000, 0x0000000085800000|  0%| F|  |TAMS 0x0000000085700000, 0x0000000085700000| Untracked 
|  88|0x0000000085800000, 0x0000000085800000, 0x0000000085900000|  0%| F|  |TAMS 0x0000000085800000, 0x0000000085800000| Untracked 
|  89|0x0000000085900000, 0x0000000085900000, 0x0000000085a00000|  0%| F|  |TAMS 0x0000000085900000, 0x0000000085900000| Untracked 
|  90|0x0000000085a00000, 0x0000000085a00000, 0x0000000085b00000|  0%| F|  |TAMS 0x0000000085a00000, 0x0000000085a00000| Untracked 
|  91|0x0000000085b00000, 0x0000000085b00000, 0x0000000085c00000|  0%| F|  |TAMS 0x0000000085b00000, 0x0000000085b00000| Untracked 
|  92|0x0000000085c00000, 0x0000000085c00000, 0x0000000085d00000|  0%| F|  |TAMS 0x0000000085c00000, 0x0000000085c00000| Untracked 
|  93|0x0000000085d00000, 0x0000000085d00000, 0x0000000085e00000|  0%| F|  |TAMS 0x0000000085d00000, 0x0000000085d00000| Untracked 
|  94|0x0000000085e00000, 0x0000000085e00000, 0x0000000085f00000|  0%| F|  |TAMS 0x0000000085e00000, 0x0000000085e00000| Untracked 
|  95|0x0000000085f00000, 0x0000000085f00000, 0x0000000086000000|  0%| F|  |TAMS 0x0000000085f00000, 0x0000000085f00000| Untracked 
|  96|0x0000000086000000, 0x0000000086000000, 0x0000000086100000|  0%| F|  |TAMS 0x0000000086000000, 0x0000000086000000| Untracked 
|  97|0x0000000086100000, 0x0000000086100000, 0x0000000086200000|  0%| F|  |TAMS 0x0000000086100000, 0x0000000086100000| Untracked 
|  98|0x0000000086200000, 0x0000000086200000, 0x0000000086300000|  0%| F|  |TAMS 0x0000000086200000, 0x0000000086200000| Untracked 
|  99|0x0000000086300000, 0x0000000086300000, 0x0000000086400000|  0%| F|  |TAMS 0x0000000086300000, 0x0000000086300000| Untracked 
| 100|0x0000000086400000, 0x0000000086400000, 0x0000000086500000|  0%| F|  |TAMS 0x0000000086400000, 0x0000000086400000| Untracked 
| 101|0x0000000086500000, 0x0000000086500000, 0x0000000086600000|  0%| F|  |TAMS 0x0000000086500000, 0x0000000086500000| Untracked 
| 102|0x0000000086600000, 0x0000000086600000, 0x0000000086700000|  0%| F|  |TAMS 0x0000000086600000, 0x0000000086600000| Untracked 
| 103|0x0000000086700000, 0x0000000086700000, 0x0000000086800000|  0%| F|  |TAMS 0x0000000086700000, 0x0000000086700000| Untracked 
| 104|0x0000000086800000, 0x00000000868a7070, 0x0000000086900000| 65%| S|CS|TAMS 0x0000000086800000, 0x0000000086800000| Complete 
| 105|0x0000000086900000, 0x0000000086a00000, 0x0000000086a00000|100%| S|CS|TAMS 0x0000000086900000, 0x0000000086900000| Complete 
| 106|0x0000000086a00000, 0x0000000086b00000, 0x0000000086b00000|100%| S|CS|TAMS 0x0000000086a00000, 0x0000000086a00000| Complete 
| 107|0x0000000086b00000, 0x0000000086b00000, 0x0000000086c00000|  0%| F|  |TAMS 0x0000000086b00000, 0x0000000086b00000| Untracked 
| 108|0x0000000086c00000, 0x0000000086c00000, 0x0000000086d00000|  0%| F|  |TAMS 0x0000000086c00000, 0x0000000086c00000| Untracked 
| 109|0x0000000086d00000, 0x0000000086d00000, 0x0000000086e00000|  0%| F|  |TAMS 0x0000000086d00000, 0x0000000086d00000| Untracked 
| 110|0x0000000086e00000, 0x0000000086e00000, 0x0000000086f00000|  0%| F|  |TAMS 0x0000000086e00000, 0x0000000086e00000| Untracked 
| 111|0x0000000086f00000, 0x0000000086f00000, 0x0000000087000000|  0%| F|  |TAMS 0x0000000086f00000, 0x0000000086f00000| Untracked 
| 112|0x0000000087000000, 0x0000000087000000, 0x0000000087100000|  0%| F|  |TAMS 0x0000000087000000, 0x0000000087000000| Untracked 
| 113|0x0000000087100000, 0x0000000087100000, 0x0000000087200000|  0%| F|  |TAMS 0x0000000087100000, 0x0000000087100000| Untracked 
| 114|0x0000000087200000, 0x0000000087200000, 0x0000000087300000|  0%| F|  |TAMS 0x0000000087200000, 0x0000000087200000| Untracked 
| 115|0x0000000087300000, 0x0000000087300000, 0x0000000087400000|  0%| F|  |TAMS 0x0000000087300000, 0x0000000087300000| Untracked 
| 116|0x0000000087400000, 0x0000000087400000, 0x0000000087500000|  0%| F|  |TAMS 0x0000000087400000, 0x0000000087400000| Untracked 
| 117|0x0000000087500000, 0x0000000087500000, 0x0000000087600000|  0%| F|  |TAMS 0x0000000087500000, 0x0000000087500000| Untracked 
| 118|0x0000000087600000, 0x0000000087600000, 0x0000000087700000|  0%| F|  |TAMS 0x0000000087600000, 0x0000000087600000| Untracked 
| 119|0x0000000087700000, 0x0000000087700000, 0x0000000087800000|  0%| F|  |TAMS 0x0000000087700000, 0x0000000087700000| Untracked 
| 120|0x0000000087800000, 0x0000000087800000, 0x0000000087900000|  0%| F|  |TAMS 0x0000000087800000, 0x0000000087800000| Untracked 
| 121|0x0000000087900000, 0x0000000087900000, 0x0000000087a00000|  0%| F|  |TAMS 0x0000000087900000, 0x0000000087900000| Untracked 
| 122|0x0000000087a00000, 0x0000000087a00000, 0x0000000087b00000|  0%| F|  |TAMS 0x0000000087a00000, 0x0000000087a00000| Untracked 
| 123|0x0000000087b00000, 0x0000000087b00000, 0x0000000087c00000|  0%| F|  |TAMS 0x0000000087b00000, 0x0000000087b00000| Untracked 
| 124|0x0000000087c00000, 0x0000000087c00000, 0x0000000087d00000|  0%| F|  |TAMS 0x0000000087c00000, 0x0000000087c00000| Untracked 
| 125|0x0000000087d00000, 0x0000000087d00000, 0x0000000087e00000|  0%| F|  |TAMS 0x0000000087d00000, 0x0000000087d00000| Untracked 
| 126|0x0000000087e00000, 0x0000000087e00000, 0x0000000087f00000|  0%| F|  |TAMS 0x0000000087e00000, 0x0000000087e00000| Untracked 
| 127|0x0000000087f00000, 0x0000000087f00000, 0x0000000088000000|  0%| F|  |TAMS 0x0000000087f00000, 0x0000000087f00000| Untracked 
| 128|0x0000000088000000, 0x0000000088000000, 0x0000000088100000|  0%| F|  |TAMS 0x0000000088000000, 0x0000000088000000| Untracked 
| 129|0x0000000088100000, 0x0000000088100000, 0x0000000088200000|  0%| F|  |TAMS 0x0000000088100000, 0x0000000088100000| Untracked 
| 130|0x0000000088200000, 0x0000000088200000, 0x0000000088300000|  0%| F|  |TAMS 0x0000000088200000, 0x0000000088200000| Untracked 
| 131|0x0000000088300000, 0x0000000088300000, 0x0000000088400000|  0%| F|  |TAMS 0x0000000088300000, 0x0000000088300000| Untracked 
| 132|0x0000000088400000, 0x0000000088400000, 0x0000000088500000|  0%| F|  |TAMS 0x0000000088400000, 0x0000000088400000| Untracked 
| 133|0x0000000088500000, 0x0000000088500000, 0x0000000088600000|  0%| F|  |TAMS 0x0000000088500000, 0x0000000088500000| Untracked 
| 134|0x0000000088600000, 0x0000000088600000, 0x0000000088700000|  0%| F|  |TAMS 0x0000000088600000, 0x0000000088600000| Untracked 
| 135|0x0000000088700000, 0x0000000088700000, 0x0000000088800000|  0%| F|  |TAMS 0x0000000088700000, 0x0000000088700000| Untracked 
| 136|0x0000000088800000, 0x0000000088800000, 0x0000000088900000|  0%| F|  |TAMS 0x0000000088800000, 0x0000000088800000| Untracked 
| 137|0x0000000088900000, 0x0000000088900000, 0x0000000088a00000|  0%| F|  |TAMS 0x0000000088900000, 0x0000000088900000| Untracked 
| 138|0x0000000088a00000, 0x0000000088a00000, 0x0000000088b00000|  0%| F|  |TAMS 0x0000000088a00000, 0x0000000088a00000| Untracked 

Card table byte_map: [0x000001ad67b80000,0x000001ad67f80000] _byte_map_base: 0x000001ad67780000

Marking Bits (Prev, Next): (CMBitMap*) 0x000001ad4ea78ab0, (CMBitMap*) 0x000001ad4ea78af0
 Prev Bits: [0x000001ad68380000, 0x000001ad6a380000)
 Next Bits: [0x000001ad6a380000, 0x000001ad6c380000)

Polling page: 0x000001ad4ead0000

Metaspace:

Usage:
  Non-class:     62.51 MB used.
      Class:     10.20 MB used.
       Both:     72.71 MB used.

Virtual space:
  Non-class space:       64.00 MB reserved,      62.94 MB ( 98%) committed,  1 nodes.
      Class space:      416.00 MB reserved,      10.56 MB (  3%) committed,  1 nodes.
             Both:      480.00 MB reserved,      73.50 MB ( 15%) committed. 

Chunk freelists:
   Non-Class:  688.00 KB
       Class:  5.33 MB
        Both:  6.00 MB

MaxMetaspaceSize: 512.00 MB
CompressedClassSpaceSize: 416.00 MB
Initial GC threshold: 21.00 MB
Current GC threshold: 116.81 MB
CDS: on
MetaspaceReclaimPolicy: balanced
 - commit_granule_bytes: 65536.
 - commit_granule_words: 8192.
 - virtual_space_node_default_size: 8388608.
 - enlarge_chunks_in_place: 1.
 - new_chunks_are_fully_committed: 0.
 - uncommit_free_chunks: 1.
 - use_allocation_guard: 0.
 - handle_deallocations: 1.


Internal statistics:

num_allocs_failed_limit: 6.
num_arena_births: 960.
num_arena_deaths: 0.
num_vsnodes_births: 2.
num_vsnodes_deaths: 0.
num_space_committed: 1176.
num_space_uncommitted: 0.
num_chunks_returned_to_freelist: 6.
num_chunks_taken_from_freelist: 4018.
num_chunk_merges: 6.
num_chunk_splits: 2640.
num_chunks_enlarged: 1768.
num_inconsistent_stats: 0.

CodeHeap 'non-profiled nmethods': size=120000Kb used=4008Kb max_used=4008Kb free=115991Kb
 bounds [0x000001ad5f7f0000, 0x000001ad5fbe0000, 0x000001ad66d20000]
CodeHeap 'profiled nmethods': size=120000Kb used=16287Kb max_used=16287Kb free=103712Kb
 bounds [0x000001ad57d20000, 0x000001ad58d10000, 0x000001ad5f250000]
CodeHeap 'non-nmethods': size=5760Kb used=2385Kb max_used=2424Kb free=3374Kb
 bounds [0x000001ad5f250000, 0x000001ad5f4c0000, 0x000001ad5f7f0000]
 total_blobs=9372 nmethods=8460 adapters=824
 compilation: enabled
              stopped_count=0, restarted_count=0
 full_count=0

Compilation events (20 events):
Event: 45.996 Thread 0x000001ad6ee534c0 nmethod 9125 0x000001ad5fbd8e10 code [0x000001ad5fbd8fa0, 0x000001ad5fbd9118]
Event: 45.996 Thread 0x000001ad6ee534c0 9126       4       java.math.BigInteger::implMulAddCheck (176 bytes)
Event: 45.998 Thread 0x000001ad6ee5baa0 nmethod 9301 0x000001ad58d04a10 code [0x000001ad58d04cc0, 0x000001ad58d05478]
Event: 45.998 Thread 0x000001ad6ee534c0 nmethod 9126 0x000001ad5fbd9310 code [0x000001ad5fbd94a0, 0x000001ad5fbd95b8]
Event: 45.998 Thread 0x000001ad6ee534c0 9129       4       java.math.BigInteger::addOne (77 bytes)
Event: 46.001 Thread 0x000001ad6ee534c0 nmethod 9129 0x000001ad5fbd9710 code [0x000001ad5fbd9880, 0x000001ad5fbd99b8]
Event: 46.001 Thread 0x000001ad6ee534c0 9171       4       java.util.jar.Manifest$FastInputStream::peek (38 bytes)
Event: 46.002 Thread 0x000001ad6ee534c0 nmethod 9171 0x000001ad5fbd9b10 code [0x000001ad5fbd9ca0, 0x000001ad5fbd9d88]
Event: 46.002 Thread 0x000001ad6ee5baa0 9302       3       org.objectweb.asm.ByteVector::putInt (74 bytes)
Event: 46.002 Thread 0x000001ad6ee534c0 9189       4       sun.security.provider.ByteArrayAccess::b2iBig64 (231 bytes)
Event: 46.003 Thread 0x000001ad6ee5baa0 nmethod 9302 0x000001ad58d05a90 code [0x000001ad58d05c40, 0x000001ad58d05ea8]
Event: 46.003 Thread 0x000001ad6ee5baa0 9305 %     3       org.objectweb.asm.ByteVector::putUTF8 @ 76 (144 bytes)
Event: 46.004 Thread 0x000001ad6ee5baa0 nmethod 9305% 0x000001ad58d06010 code [0x000001ad58d06280, 0x000001ad58d06f28]
Event: 46.004 Thread 0x000001ad6ee5baa0 9303       3       org.objectweb.asm.MethodWriter::visitAbstractType (8 bytes)
Event: 46.004 Thread 0x000001ad6ee5baa0 nmethod 9303 0x000001ad58d07510 code [0x000001ad58d076a0, 0x000001ad58d077d8]
Event: 46.004 Thread 0x000001ad6ee5baa0 9306       3       org.gradle.internal.instantiation.generator.AsmBackedClassGenerator$ClassBuilderImpl::lambda$addConventionSetter$38 (19 bytes)
Event: 46.005 Thread 0x000001ad6ee5baa0 nmethod 9306 0x000001ad58d07910 code [0x000001ad58d07ac0, 0x000001ad58d07ca8]
Event: 46.005 Thread 0x000001ad6ee5baa0 9304       1       org.objectweb.asm.SymbolTable::getClassName (5 bytes)
Event: 46.005 Thread 0x000001ad6ee5baa0 nmethod 9304 0x000001ad5fbd9e90 code [0x000001ad5fbda020, 0x000001ad5fbda0f8]
Event: 46.005 Thread 0x000001ad6ee5baa0 9307       3       java.lang.invoke.MethodHandles::privateLookupIn (333 bytes)

GC Heap History (20 events):
Event: 38.779 GC heap after
{Heap after GC invocations=23 (full 0):
 garbage-first heap   total 106496K, used 63616K [0x0000000080000000, 0x0000000100000000)
  region size 1024K, 3 young (3072K), 3 survivors (3072K)
 Metaspace       used 60898K, committed 61632K, reserved 491520K
  class space    used 8619K, committed 8960K, reserved 425984K
}
Event: 39.676 GC heap before
{Heap before GC invocations=24 (full 0):
 garbage-first heap   total 114688K, used 86144K [0x0000000080000000, 0x0000000100000000)
  region size 1024K, 26 young (26624K), 3 survivors (3072K)
 Metaspace       used 62604K, committed 63296K, reserved 491520K
  class space    used 8898K, committed 9216K, reserved 425984K
}
Event: 39.681 GC heap after
{Heap after GC invocations=25 (full 0):
 garbage-first heap   total 114688K, used 64663K [0x0000000080000000, 0x0000000100000000)
  region size 1024K, 3 young (3072K), 3 survivors (3072K)
 Metaspace       used 62604K, committed 63296K, reserved 491520K
  class space    used 8898K, committed 9216K, reserved 425984K
}
Event: 39.824 GC heap before
{Heap before GC invocations=25 (full 0):
 garbage-first heap   total 114688K, used 66711K [0x0000000080000000, 0x0000000100000000)
  region size 1024K, 5 young (5120K), 3 survivors (3072K)
 Metaspace       used 62719K, committed 63424K, reserved 491520K
  class space    used 8916K, committed 9216K, reserved 425984K
}
Event: 39.835 GC heap after
{Heap after GC invocations=26 (full 0):
 garbage-first heap   total 114688K, used 64590K [0x0000000080000000, 0x0000000100000000)
  region size 1024K, 1 young (1024K), 1 survivors (1024K)
 Metaspace       used 62719K, committed 63424K, reserved 491520K
  class space    used 8916K, committed 9216K, reserved 425984K
}
Event: 41.712 GC heap before
{Heap before GC invocations=26 (full 0):
 garbage-first heap   total 114688K, used 95310K [0x0000000080000000, 0x0000000100000000)
  region size 1024K, 31 young (31744K), 1 survivors (1024K)
 Metaspace       used 64878K, committed 65600K, reserved 491520K
  class space    used 9260K, committed 9600K, reserved 425984K
}
Event: 41.726 GC heap after
{Heap after GC invocations=27 (full 0):
 garbage-first heap   total 114688K, used 68034K [0x0000000080000000, 0x0000000100000000)
  region size 1024K, 4 young (4096K), 4 survivors (4096K)
 Metaspace       used 64878K, committed 65600K, reserved 491520K
  class space    used 9260K, committed 9600K, reserved 425984K
}
Event: 43.251 GC heap before
{Heap before GC invocations=28 (full 0):
 garbage-first heap   total 119808K, used 93634K [0x0000000080000000, 0x0000000100000000)
  region size 1024K, 30 young (30720K), 4 survivors (4096K)
 Metaspace       used 66553K, committed 67328K, reserved 491520K
  class space    used 9496K, committed 9856K, reserved 425984K
}
Event: 43.261 GC heap after
{Heap after GC invocations=29 (full 0):
 garbage-first heap   total 119808K, used 69358K [0x0000000080000000, 0x0000000100000000)
  region size 1024K, 2 young (2048K), 2 survivors (2048K)
 Metaspace       used 66553K, committed 67328K, reserved 491520K
  class space    used 9496K, committed 9856K, reserved 425984K
}
Event: 43.634 GC heap before
{Heap before GC invocations=29 (full 0):
 garbage-first heap   total 119808K, used 79598K [0x0000000080000000, 0x0000000100000000)
  region size 1024K, 13 young (13312K), 2 survivors (2048K)
 Metaspace       used 66843K, committed 67648K, reserved 491520K
  class space    used 9527K, committed 9920K, reserved 425984K
}
Event: 43.638 GC heap after
{Heap after GC invocations=30 (full 0):
 garbage-first heap   total 119808K, used 69517K [0x0000000080000000, 0x0000000100000000)
  region size 1024K, 2 young (2048K), 2 survivors (2048K)
 Metaspace       used 66843K, committed 67648K, reserved 491520K
  class space    used 9527K, committed 9920K, reserved 425984K
}
Event: 44.358 GC heap before
{Heap before GC invocations=31 (full 0):
 garbage-first heap   total 126976K, used 103309K [0x0000000080000000, 0x0000000100000000)
  region size 1024K, 31 young (31744K), 2 survivors (2048K)
 Metaspace       used 68369K, committed 69248K, reserved 491520K
  class space    used 9718K, committed 10112K, reserved 425984K
}
Event: 44.363 GC heap after
{Heap after GC invocations=32 (full 0):
 garbage-first heap   total 126976K, used 80310K [0x0000000080000000, 0x0000000100000000)
  region size 1024K, 4 young (4096K), 4 survivors (4096K)
 Metaspace       used 68369K, committed 69248K, reserved 491520K
  class space    used 9718K, committed 10112K, reserved 425984K
}
Event: 44.404 GC heap before
{Heap before GC invocations=32 (full 0):
 garbage-first heap   total 126976K, used 82358K [0x0000000080000000, 0x0000000100000000)
  region size 1024K, 6 young (6144K), 4 survivors (4096K)
 Metaspace       used 68526K, committed 69376K, reserved 491520K
  class space    used 9742K, committed 10112K, reserved 425984K
}
Event: 44.408 GC heap after
{Heap after GC invocations=33 (full 0):
 garbage-first heap   total 126976K, used 79924K [0x0000000080000000, 0x0000000100000000)
  region size 1024K, 1 young (1024K), 1 survivors (1024K)
 Metaspace       used 68526K, committed 69376K, reserved 491520K
  class space    used 9742K, committed 10112K, reserved 425984K
}
Event: 44.913 GC heap before
{Heap before GC invocations=33 (full 0):
 garbage-first heap   total 126976K, used 103476K [0x0000000080000000, 0x0000000100000000)
  region size 1024K, 25 young (25600K), 1 survivors (1024K)
 Metaspace       used 70741K, committed 71552K, reserved 491520K
  class space    used 9971K, committed 10368K, reserved 425984K
}
Event: 44.916 GC heap after
{Heap after GC invocations=34 (full 0):
 garbage-first heap   total 126976K, used 80333K [0x0000000080000000, 0x0000000100000000)
  region size 1024K, 1 young (1024K), 1 survivors (1024K)
 Metaspace       used 70741K, committed 71552K, reserved 491520K
  class space    used 9971K, committed 10368K, reserved 425984K
}
Event: 45.505 GC heap before
{Heap before GC invocations=35 (full 0):
 garbage-first heap   total 142336K, used 109005K [0x0000000080000000, 0x0000000100000000)
  region size 1024K, 26 young (26624K), 1 survivors (1024K)
 Metaspace       used 72754K, committed 73600K, reserved 491520K
  class space    used 10208K, committed 10624K, reserved 425984K
}
Event: 45.511 GC heap after
{Heap after GC invocations=36 (full 0):
 garbage-first heap   total 142336K, used 87354K [0x0000000080000000, 0x0000000100000000)
  region size 1024K, 4 young (4096K), 4 survivors (4096K)
 Metaspace       used 72754K, committed 73600K, reserved 491520K
  class space    used 10208K, committed 10624K, reserved 425984K
}
Event: 46.006 GC heap before
{Heap before GC invocations=36 (full 0):
 garbage-first heap   total 142336K, used 118074K [0x0000000080000000, 0x0000000100000000)
  region size 1024K, 32 young (32768K), 4 survivors (4096K)
 Metaspace       used 74454K, committed 75264K, reserved 491520K
  class space    used 10440K, committed 10816K, reserved 425984K
}

Dll operation events (15 events):
Event: 0.036 Loaded shared library C:\Program Files\Microsoft\jdk-17.0.10.7-hotspot\bin\java.dll
Event: 0.085 Loaded shared library C:\Program Files\Microsoft\jdk-17.0.10.7-hotspot\bin\jsvml.dll
Event: 0.260 Loaded shared library C:\Program Files\Microsoft\jdk-17.0.10.7-hotspot\bin\zip.dll
Event: 0.271 Loaded shared library C:\Program Files\Microsoft\jdk-17.0.10.7-hotspot\bin\instrument.dll
Event: 0.283 Loaded shared library C:\Program Files\Microsoft\jdk-17.0.10.7-hotspot\bin\net.dll
Event: 0.286 Loaded shared library C:\Program Files\Microsoft\jdk-17.0.10.7-hotspot\bin\nio.dll
Event: 0.298 Loaded shared library C:\Program Files\Microsoft\jdk-17.0.10.7-hotspot\bin\zip.dll
Event: 1.193 Loaded shared library C:\Program Files\Microsoft\jdk-17.0.10.7-hotspot\bin\jimage.dll
Event: 1.511 Loaded shared library C:\Program Files\Microsoft\jdk-17.0.10.7-hotspot\bin\verify.dll
Event: 2.263 Loaded shared library C:\Users\razer\.gradle\native\68d5fa5c4cc2d200863cafc0d521ce42e7d3e7ee720ec0a83991735586a16f82\windows-amd64\native-platform.dll
Event: 2.311 Loaded shared library C:\Users\razer\.gradle\native\e376f236ea51e6404a007f0833ffe2c6e607c4080706a723a18a27aeea778392\windows-amd64\native-platform-file-events.dll
Event: 5.226 Loaded shared library C:\Program Files\Microsoft\jdk-17.0.10.7-hotspot\bin\management.dll
Event: 5.233 Loaded shared library C:\Program Files\Microsoft\jdk-17.0.10.7-hotspot\bin\management_ext.dll
Event: 6.102 Loaded shared library C:\Program Files\Microsoft\jdk-17.0.10.7-hotspot\bin\extnet.dll
Event: 8.471 Loaded shared library C:\Program Files\Microsoft\jdk-17.0.10.7-hotspot\bin\sunmscapi.dll

Deoptimization events (20 events):
Event: 45.438 Thread 0x000001ad749e4700 DEOPT PACKING pc=0x000001ad5f9482f4 sp=0x0000002f058ef7f0
Event: 45.438 Thread 0x000001ad749e4700 DEOPT UNPACKING pc=0x000001ad5f2a69a3 sp=0x0000002f058ef778 mode 2
Event: 45.445 Thread 0x000001ad749e4700 Uncommon trap: trap_request=0xffffff45 fr.pc=0x000001ad5f98a294 relative=0x00000000000001f4
Event: 45.445 Thread 0x000001ad749e4700 Uncommon trap: reason=unstable_if action=reinterpret pc=0x000001ad5f98a294 method=java.util.jar.JarFile.maybeInstantiateVerifier()V @ 4 c2
Event: 45.445 Thread 0x000001ad749e4700 DEOPT PACKING pc=0x000001ad5f98a294 sp=0x0000002f058ee0b0
Event: 45.445 Thread 0x000001ad749e4700 DEOPT UNPACKING pc=0x000001ad5f2a69a3 sp=0x0000002f058ee008 mode 2
Event: 45.445 Thread 0x000001ad749e4700 Uncommon trap: trap_request=0xffffff45 fr.pc=0x000001ad5fa8fcb8 relative=0x0000000000001338
Event: 45.445 Thread 0x000001ad749e4700 Uncommon trap: reason=unstable_if action=reinterpret pc=0x000001ad5fa8fcb8 method=java.security.CodeSource.matchCerts(Ljava/security/CodeSource;Z)Z @ 11 c2
Event: 45.445 Thread 0x000001ad749e4700 DEOPT PACKING pc=0x000001ad5fa8fcb8 sp=0x0000002f058edfb0
Event: 45.445 Thread 0x000001ad749e4700 DEOPT UNPACKING pc=0x000001ad5f2a69a3 sp=0x0000002f058ede30 mode 2
Event: 45.445 Thread 0x000001ad749e4700 Uncommon trap: trap_request=0xffffff45 fr.pc=0x000001ad5fa6b76c relative=0x000000000000006c
Event: 45.445 Thread 0x000001ad749e4700 Uncommon trap: reason=unstable_if action=reinterpret pc=0x000001ad5fa6b76c method=java.lang.ClassLoader.compareCerts([Ljava/security/cert/Certificate;[Ljava/security/cert/Certificate;)Z @ 2 c2
Event: 45.445 Thread 0x000001ad749e4700 DEOPT PACKING pc=0x000001ad5fa6b76c sp=0x0000002f058ede10
Event: 45.445 Thread 0x000001ad749e4700 DEOPT UNPACKING pc=0x000001ad5f2a69a3 sp=0x0000002f058edd50 mode 2
Event: 45.480 Thread 0x000001ad749e4700 Uncommon trap: trap_request=0xffffff45 fr.pc=0x000001ad5fae464c relative=0x00000000000002ac
Event: 45.480 Thread 0x000001ad749e4700 Uncommon trap: reason=unstable_if action=reinterpret pc=0x000001ad5fae464c method=java.util.LinkedHashMap.get(Ljava/lang/Object;)Ljava/lang/Object; @ 16 c2
Event: 45.480 Thread 0x000001ad749e4700 DEOPT PACKING pc=0x000001ad5fae464c sp=0x0000002f058ef2f0
Event: 45.480 Thread 0x000001ad749e4700 DEOPT UNPACKING pc=0x000001ad5f2a69a3 sp=0x0000002f058ef2a8 mode 2
Event: 45.802 Thread 0x000001ad749e4700 DEOPT PACKING pc=0x000001ad58b664fe sp=0x0000002f058f3320
Event: 45.802 Thread 0x000001ad749e4700 DEOPT UNPACKING pc=0x000001ad5f2a7143 sp=0x0000002f058f2790 mode 0

Classes unloaded (0 events):
No events

Classes redefined (0 events):
No events

Internal exceptions (20 events):
Event: 41.887 Thread 0x000001ad766fc820 Implicit null exception at 0x000001ad5f9b9d6f to 0x000001ad5f9b9fb8
Event: 42.016 Thread 0x000001ad745e8240 Exception <a 'java/lang/NoSuchMethodError'{0x00000000871b46e8}: static Lorg/gradle/internal/build/event/types/DefaultTaskFinishedProgressEvent;.<clinit>()V> (0x00000000871b46e8) 
thrown [s\src\hotspot\share\prims\jni.cpp, line 1107]
Event: 42.018 Thread 0x000001ad745e8240 Exception <a 'java/lang/NoSuchMethodError'{0x00000000871d9e88}: static Lorg/gradle/internal/build/event/types/DefaultTaskSuccessResult;.<clinit>()V> (0x00000000871d9e88) 
thrown [s\src\hotspot\share\prims\jni.cpp, line 1107]
Event: 42.018 Thread 0x000001ad745e8240 Exception <a 'java/lang/NoSuchMethodError'{0x00000000871dafd0}: static Lorg/gradle/internal/build/event/types/AbstractTaskResult;.<clinit>()V> (0x00000000871dafd0) 
thrown [s\src\hotspot\share\prims\jni.cpp, line 1107]
Event: 42.021 Thread 0x000001ad76da4c90 Exception <a 'sun/nio/fs/WindowsException'{0x00000000871c82c8}> (0x00000000871c82c8) 
thrown [s\src\hotspot\share\prims\jni.cpp, line 516]
Event: 42.023 Thread 0x000001ad76da4c90 Exception <a 'sun/nio/fs/WindowsException'{0x00000000871caa40}> (0x00000000871caa40) 
thrown [s\src\hotspot\share\prims\jni.cpp, line 516]
Event: 42.025 Thread 0x000001ad76da4c90 Exception <a 'sun/nio/fs/WindowsException'{0x00000000871cd018}> (0x00000000871cd018) 
thrown [s\src\hotspot\share\prims\jni.cpp, line 516]
Event: 42.026 Thread 0x000001ad76da4c90 Exception <a 'sun/nio/fs/WindowsException'{0x00000000871cf1b8}> (0x00000000871cf1b8) 
thrown [s\src\hotspot\share\prims\jni.cpp, line 516]
Event: 42.034 Thread 0x000001ad745e8240 Exception <a 'java/lang/NoSuchMethodError'{0x000000008701a420}: static Lorg/gradle/internal/build/event/types/DefaultTaskSkippedResult;.<clinit>()V> (0x000000008701a420) 
thrown [s\src\hotspot\share\prims\jni.cpp, line 1107]
Event: 42.083 Thread 0x000001ad76da4780 Exception <a 'java/lang/NoSuchMethodError'{0x00000000870b39d8}: 'void java.lang.invoke.DirectMethodHandle$Holder.invokeVirtual(java.lang.Object, java.lang.Object)'> (0x00000000870b39d8) 
thrown [s\src\hotspot\share\interpreter\linkResolver.cpp, line 759]
Event: 43.101 Thread 0x000001ad74b38cb0 Exception <a 'sun/nio/fs/WindowsException'{0x0000000085f5ee00}> (0x0000000085f5ee00) 
thrown [s\src\hotspot\share\prims\jni.cpp, line 516]
Event: 43.160 Thread 0x000001ad74b396d0 Exception <a 'sun/nio/fs/WindowsException'{0x0000000085ee64b0}> (0x0000000085ee64b0) 
thrown [s\src\hotspot\share\prims\jni.cpp, line 516]
Event: 43.452 Thread 0x000001ad74b396d0 Exception <a 'sun/nio/fs/WindowsException'{0x0000000086f8c330}> (0x0000000086f8c330) 
thrown [s\src\hotspot\share\prims\jni.cpp, line 516]
Event: 43.454 Thread 0x000001ad74b396d0 Exception <a 'sun/nio/fs/WindowsException'{0x0000000086f8c588}> (0x0000000086f8c588) 
thrown [s\src\hotspot\share\prims\jni.cpp, line 516]
Event: 43.572 Thread 0x000001ad749e4700 Exception <a 'java/lang/ClassNotFoundException'{0x0000000086b65dd8}: build_bq6jistrrh1y6nawe9jcg2ecpBeanInfo> (0x0000000086b65dd8) 
thrown [s\src\hotspot\share\classfile\systemDictionary.cpp, line 256]
Event: 43.572 Thread 0x000001ad749e4700 Exception <a 'java/lang/ClassNotFoundException'{0x0000000086b6c7b8}: build_bq6jistrrh1y6nawe9jcg2ecpCustomizer> (0x0000000086b6c7b8) 
thrown [s\src\hotspot\share\classfile\systemDictionary.cpp, line 256]
Event: 43.942 Thread 0x000001ad749e4700 Exception <a 'java/lang/ClassNotFoundException'{0x0000000087639128}: build_1qbn0yd69i5nycqxiaz89i358BeanInfo> (0x0000000087639128) 
thrown [s\src\hotspot\share\classfile\systemDictionary.cpp, line 256]
Event: 43.943 Thread 0x000001ad749e4700 Exception <a 'java/lang/ClassNotFoundException'{0x0000000087643fa0}: build_1qbn0yd69i5nycqxiaz89i358Customizer> (0x0000000087643fa0) 
thrown [s\src\hotspot\share\classfile\systemDictionary.cpp, line 256]
Event: 45.305 Thread 0x000001ad749e4700 Implicit null exception at 0x000001ad5f99250c to 0x000001ad5f99263e
Event: 45.597 Thread 0x000001ad749e4700 Exception <a 'sun/nio/fs/WindowsException'{0x00000000887cb8e8}> (0x00000000887cb8e8) 
thrown [s\src\hotspot\share\prims\jni.cpp, line 516]

VM Operations (20 events):
Event: 43.638 Executing VM operation: G1TryInitiateConcMark done
Event: 43.722 Executing VM operation: G1PauseRemark
Event: 43.730 Executing VM operation: G1PauseRemark done
Event: 43.764 Executing VM operation: G1PauseCleanup
Event: 43.764 Executing VM operation: G1PauseCleanup done
Event: 44.357 Executing VM operation: G1CollectForAllocation
Event: 44.363 Executing VM operation: G1CollectForAllocation done
Event: 44.404 Executing VM operation: G1CollectForAllocation
Event: 44.408 Executing VM operation: G1CollectForAllocation done
Event: 44.913 Executing VM operation: G1CollectForAllocation
Event: 44.916 Executing VM operation: G1CollectForAllocation done
Event: 44.995 Executing VM operation: G1PauseRemark
Event: 45.002 Executing VM operation: G1PauseRemark done
Event: 45.035 Executing VM operation: G1PauseCleanup
Event: 45.035 Executing VM operation: G1PauseCleanup done
Event: 45.244 Executing VM operation: HandshakeAllThreads
Event: 45.245 Executing VM operation: HandshakeAllThreads done
Event: 45.505 Executing VM operation: G1CollectForAllocation
Event: 45.511 Executing VM operation: G1CollectForAllocation done
Event: 46.006 Executing VM operation: G1CollectForAllocation

Events (20 events):
Event: 45.369 loading class java/security/cert/CertPathValidatorException$Reason done
Event: 45.369 loading class java/security/cert/CertPathValidatorException$BasicReason done
Event: 45.370 loading class java/security/SignatureException
Event: 45.370 loading class java/security/SignatureException done
Event: 45.378 loading class sun/security/rsa/RSASignature$SHA256withRSA
Event: 45.379 loading class sun/security/rsa/RSASignature$SHA256withRSA done
Event: 45.381 loading class sun/security/provider/DSA$SHA256withDSA
Event: 45.381 loading class sun/security/provider/DSA$SHA256withDSA done
Event: 45.428 loading class java/util/Base64
Event: 45.429 loading class java/util/Base64 done
Event: 45.429 loading class java/util/Base64$Decoder
Event: 45.429 loading class java/util/Base64$Decoder done
Event: 45.429 loading class java/util/Base64$Encoder
Event: 45.430 loading class java/util/Base64$Encoder done
Event: 45.432 loading class java/util/jar/JarVerifier$VerifierStream
Event: 45.433 loading class java/util/jar/JarVerifier$VerifierStream done
Event: 45.433 loading class sun/security/util/ManifestEntryVerifier$SunProviderHolder
Event: 45.434 loading class sun/security/util/ManifestEntryVerifier$SunProviderHolder done
Event: 45.593 loading class java/security/KeyStore$ProtectionParameter
Event: 45.593 loading class java/security/KeyStore$ProtectionParameter done


Dynamic libraries:
0x00007ff7f9360000 - 0x00007ff7f936e000 	C:\Program Files\Microsoft\jdk-17.0.10.7-hotspot\bin\java.exe
0x00007ffb2b1d0000 - 0x00007ffb2b3e7000 	C:\WINDOWS\SYSTEM32\ntdll.dll
0x00007ffb29a90000 - 0x00007ffb29b54000 	C:\WINDOWS\System32\KERNEL32.DLL
0x00007ffb28700000 - 0x00007ffb28aa7000 	C:\WINDOWS\System32\KERNELBASE.dll
0x00007ffb285e0000 - 0x00007ffb286f1000 	C:\WINDOWS\System32\ucrtbase.dll
0x00007ffb20de0000 - 0x00007ffb20df7000 	C:\Program Files\Microsoft\jdk-17.0.10.7-hotspot\bin\jli.dll
0x00007ffb23ca0000 - 0x00007ffb23cbb000 	C:\Program Files\Microsoft\jdk-17.0.10.7-hotspot\bin\VCRUNTIME140.dll
0x00007ffb29710000 - 0x00007ffb298be000 	C:\WINDOWS\System32\USER32.dll
0x00007ffb28ab0000 - 0x00007ffb28ad6000 	C:\WINDOWS\System32\win32u.dll
0x00007ffb167d0000 - 0x00007ffb16a63000 	C:\WINDOWS\WinSxS\amd64_microsoft.windows.common-controls_6595b64144ccf1df_6.0.22621.3527_none_270e469b73872a76\COMCTL32.dll
0x00007ffb299e0000 - 0x00007ffb29a09000 	C:\WINDOWS\System32\GDI32.dll
0x00007ffb28de0000 - 0x00007ffb28ef9000 	C:\WINDOWS\System32\gdi32full.dll
0x00007ffb28d10000 - 0x00007ffb28daa000 	C:\WINDOWS\System32\msvcp_win.dll
0x00007ffb2a500000 - 0x00007ffb2a5a7000 	C:\WINDOWS\System32\msvcrt.dll
0x00007ffb29b70000 - 0x00007ffb29ba1000 	C:\WINDOWS\System32\IMM32.DLL
0x00007ffb25210000 - 0x00007ffb2521c000 	C:\Program Files\Microsoft\jdk-17.0.10.7-hotspot\bin\vcruntime140_1.dll
0x00007ffb17ab0000 - 0x00007ffb17b3d000 	C:\Program Files\Microsoft\jdk-17.0.10.7-hotspot\bin\msvcp140.dll
0x00007ffad9d30000 - 0x00007ffada995000 	C:\Program Files\Microsoft\jdk-17.0.10.7-hotspot\bin\server\jvm.dll
0x00007ffb2a5b0000 - 0x00007ffb2a662000 	C:\WINDOWS\System32\ADVAPI32.dll
0x00007ffb29bb0000 - 0x00007ffb29c58000 	C:\WINDOWS\System32\sechost.dll
0x00007ffb28db0000 - 0x00007ffb28dd8000 	C:\WINDOWS\System32\bcrypt.dll
0x00007ffb298c0000 - 0x00007ffb299d5000 	C:\WINDOWS\System32\RPCRT4.dll
0x00007ffb176a0000 - 0x00007ffb176a9000 	C:\WINDOWS\SYSTEM32\WSOCK32.dll
0x00007ffb294b0000 - 0x00007ffb29521000 	C:\WINDOWS\System32\WS2_32.dll
0x00007ffb283b0000 - 0x00007ffb283fd000 	C:\WINDOWS\SYSTEM32\POWRPROF.dll
0x00007ffb20d70000 - 0x00007ffb20d7a000 	C:\WINDOWS\SYSTEM32\VERSION.dll
0x00007ffb23e70000 - 0x00007ffb23ea4000 	C:\WINDOWS\SYSTEM32\WINMM.dll
0x00007ffb28390000 - 0x00007ffb283a3000 	C:\WINDOWS\SYSTEM32\UMPDC.dll
0x00007ffb274d0000 - 0x00007ffb274e8000 	C:\WINDOWS\SYSTEM32\kernel.appcore.dll
0x00007ffb24fe0000 - 0x00007ffb24fea000 	C:\Program Files\Microsoft\jdk-17.0.10.7-hotspot\bin\jimage.dll
0x00007ffb25cb0000 - 0x00007ffb25ee2000 	C:\WINDOWS\SYSTEM32\DBGHELP.DLL
0x00007ffb29120000 - 0x00007ffb294a8000 	C:\WINDOWS\System32\combase.dll
0x00007ffb2a0f0000 - 0x00007ffb2a1c7000 	C:\WINDOWS\System32\OLEAUT32.dll
0x00007ffb162b0000 - 0x00007ffb162e2000 	C:\WINDOWS\SYSTEM32\dbgcore.DLL
0x00007ffb284f0000 - 0x00007ffb28569000 	C:\WINDOWS\System32\bcryptPrimitives.dll
0x00007ffb15990000 - 0x00007ffb1599e000 	C:\Program Files\Microsoft\jdk-17.0.10.7-hotspot\bin\instrument.dll
0x00007ffb15960000 - 0x00007ffb15985000 	C:\Program Files\Microsoft\jdk-17.0.10.7-hotspot\bin\java.dll
0x00007ffb01770000 - 0x00007ffb01847000 	C:\Program Files\Microsoft\jdk-17.0.10.7-hotspot\bin\jsvml.dll
0x00007ffb2a880000 - 0x00007ffb2b0dc000 	C:\WINDOWS\System32\SHELL32.dll
0x00007ffb263e0000 - 0x00007ffb26cd6000 	C:\WINDOWS\SYSTEM32\windows.storage.dll
0x00007ffb262a0000 - 0x00007ffb263de000 	C:\WINDOWS\SYSTEM32\wintypes.dll
0x00007ffb29540000 - 0x00007ffb29635000 	C:\WINDOWS\System32\SHCORE.dll
0x00007ffb29640000 - 0x00007ffb2969e000 	C:\WINDOWS\System32\shlwapi.dll
0x00007ffb28420000 - 0x00007ffb28441000 	C:\WINDOWS\SYSTEM32\profapi.dll
0x00007ffb157e0000 - 0x00007ffb157f8000 	C:\Program Files\Microsoft\jdk-17.0.10.7-hotspot\bin\zip.dll
0x00007ffb17000000 - 0x00007ffb17019000 	C:\Program Files\Microsoft\jdk-17.0.10.7-hotspot\bin\net.dll
0x00007ffb241c0000 - 0x00007ffb242f6000 	C:\WINDOWS\SYSTEM32\WINHTTP.dll
0x00007ffb27940000 - 0x00007ffb279a9000 	C:\WINDOWS\system32\mswsock.dll
0x00007ffb15940000 - 0x00007ffb15956000 	C:\Program Files\Microsoft\jdk-17.0.10.7-hotspot\bin\nio.dll
0x00007ffb14e20000 - 0x00007ffb14e30000 	C:\Program Files\Microsoft\jdk-17.0.10.7-hotspot\bin\verify.dll
0x00007ffb19370000 - 0x00007ffb19397000 	C:\Users\razer\.gradle\native\68d5fa5c4cc2d200863cafc0d521ce42e7d3e7ee720ec0a83991735586a16f82\windows-amd64\native-platform.dll
0x00007ffaf8720000 - 0x00007ffaf8864000 	C:\Users\razer\.gradle\native\e376f236ea51e6404a007f0833ffe2c6e607c4080706a723a18a27aeea778392\windows-amd64\native-platform-file-events.dll
0x00007ffb21070000 - 0x00007ffb21079000 	C:\Program Files\Microsoft\jdk-17.0.10.7-hotspot\bin\management.dll
0x00007ffb19460000 - 0x00007ffb1946b000 	C:\Program Files\Microsoft\jdk-17.0.10.7-hotspot\bin\management_ext.dll
0x00007ffb29b60000 - 0x00007ffb29b68000 	C:\WINDOWS\System32\PSAPI.DLL
0x00007ffb27bd0000 - 0x00007ffb27beb000 	C:\WINDOWS\SYSTEM32\CRYPTSP.dll
0x00007ffb27430000 - 0x00007ffb27465000 	C:\WINDOWS\system32\rsaenh.dll
0x00007ffb27a20000 - 0x00007ffb27a48000 	C:\WINDOWS\SYSTEM32\USERENV.dll
0x00007ffb27bc0000 - 0x00007ffb27bcc000 	C:\WINDOWS\SYSTEM32\CRYPTBASE.dll
0x00007ffb26f40000 - 0x00007ffb26f6d000 	C:\WINDOWS\SYSTEM32\IPHLPAPI.DLL
0x00007ffb29530000 - 0x00007ffb29539000 	C:\WINDOWS\System32\NSI.dll
0x00007ffb241a0000 - 0x00007ffb241b9000 	C:\WINDOWS\SYSTEM32\dhcpcsvc6.DLL
0x00007ffb24180000 - 0x00007ffb2419f000 	C:\WINDOWS\SYSTEM32\dhcpcsvc.DLL
0x00007ffb26fb0000 - 0x00007ffb270a8000 	C:\WINDOWS\SYSTEM32\DNSAPI.dll
0x00007ffb164a0000 - 0x00007ffb164a9000 	C:\Program Files\Microsoft\jdk-17.0.10.7-hotspot\bin\extnet.dll
0x00007ffb17700000 - 0x00007ffb1770e000 	C:\Program Files\Microsoft\jdk-17.0.10.7-hotspot\bin\sunmscapi.dll
0x00007ffb28ba0000 - 0x00007ffb28d08000 	C:\WINDOWS\System32\CRYPT32.dll
0x00007ffb27da0000 - 0x00007ffb27dce000 	C:\WINDOWS\SYSTEM32\ncrypt.dll
0x00007ffb27d60000 - 0x00007ffb27d97000 	C:\WINDOWS\SYSTEM32\NTASN1.dll
0x00007ffb14b20000 - 0x00007ffb14b28000 	C:\WINDOWS\system32\wshunix.dll
0x00007ffb130f0000 - 0x00007ffb13107000 	C:\WINDOWS\system32\napinsp.dll
0x00007ffb12b00000 - 0x00007ffb12b1b000 	C:\WINDOWS\system32\pnrpnsp.dll
0x00007ffb12ae0000 - 0x00007ffb12af1000 	C:\WINDOWS\System32\winrnr.dll
0x00007ffb127b0000 - 0x00007ffb127c5000 	C:\WINDOWS\system32\wshbth.dll
0x00007ffb12780000 - 0x00007ffb127a7000 	C:\WINDOWS\system32\nlansp_c.dll
0x00007ffb18bd0000 - 0x00007ffb18bda000 	C:\Windows\System32\rasadhlp.dll
0x00007ffb21ac0000 - 0x00007ffb21b43000 	C:\WINDOWS\System32\fwpuclnt.dll
0x00007ffb274f0000 - 0x00007ffb27524000 	C:\WINDOWS\SYSTEM32\ntmarta.dll

dbghelp: loaded successfully - version: 4.0.5 - missing functions: none
symbol engine: initialized successfully - sym options: 0x614 - pdb path: .;C:\Program Files\Microsoft\jdk-17.0.10.7-hotspot\bin;C:\WINDOWS\SYSTEM32;C:\WINDOWS\WinSxS\amd64_microsoft.windows.common-controls_6595b64144ccf1df_6.0.22621.3527_none_270e469b73872a76;C:\Program Files\Microsoft\jdk-17.0.10.7-hotspot\bin\server;C:\Users\razer\.gradle\native\68d5fa5c4cc2d200863cafc0d521ce42e7d3e7ee720ec0a83991735586a16f82\windows-amd64;C:\Users\razer\.gradle\native\e376f236ea51e6404a007f0833ffe2c6e607c4080706a723a18a27aeea778392\windows-amd64

VM Arguments:
jvm_args: -XX:MaxMetaspaceSize=512m --add-opens=java.base/java.util=ALL-UNNAMED --add-opens=java.base/java.lang=ALL-UNNAMED --add-opens=java.base/java.lang.invoke=ALL-UNNAMED --add-opens=java.prefs/java.util.prefs=ALL-UNNAMED --add-opens=java.base/java.nio.charset=ALL-UNNAMED --add-opens=java.base/java.net=ALL-UNNAMED --add-opens=java.base/java.util.concurrent.atomic=ALL-UNNAMED -Xmx2048m -Dfile.encoding=utf8 -Duser.country=PE -Duser.language=es -Duser.variant -javaagent:C:\Users\razer\.gradle\wrapper\dists\gradle-8.3-all\6en3ugtfdg5xnpx44z4qbwgas\gradle-8.3\lib\agents\gradle-instrumentation-agent-8.3.jar 
java_command: org.gradle.launcher.daemon.bootstrap.GradleDaemon 8.3
java_class_path (initial): C:\Users\razer\.gradle\wrapper\dists\gradle-8.3-all\6en3ugtfdg5xnpx44z4qbwgas\gradle-8.3\lib\gradle-launcher-8.3.jar
Launcher Type: SUN_STANDARD

[Global flags]
     intx CICompilerCount                          = 4                                         {product} {ergonomic}
   size_t CompressedClassSpaceSize                 = 436207616                                 {product} {ergonomic}
     uint ConcGCThreads                            = 2                                         {product} {ergonomic}
     uint G1ConcRefinementThreads                  = 8                                         {product} {ergonomic}
   size_t G1HeapRegionSize                         = 1048576                                   {product} {ergonomic}
    uintx GCDrainStackTargetSize                   = 64                                        {product} {ergonomic}
   size_t InitialHeapSize                          = 100663296                                 {product} {ergonomic}
   size_t MarkStackSize                            = 4194304                                   {product} {ergonomic}
   size_t MaxHeapSize                              = 2147483648                                {product} {command line}
   size_t MaxMetaspaceSize                         = 536870912                                 {product} {command line}
   size_t MaxNewSize                               = 1287651328                                {product} {ergonomic}
   size_t MinHeapDeltaBytes                        = 1048576                                   {product} {ergonomic}
   size_t MinHeapSize                              = 8388608                                   {product} {ergonomic}
    uintx NonNMethodCodeHeapSize                   = 5839372                                {pd product} {ergonomic}
    uintx NonProfiledCodeHeapSize                  = 122909434                              {pd product} {ergonomic}
    uintx ProfiledCodeHeapSize                     = 122909434                              {pd product} {ergonomic}
    uintx ReservedCodeCacheSize                    = 251658240                              {pd product} {ergonomic}
     bool SegmentedCodeCache                       = true                                      {product} {ergonomic}
   size_t SoftMaxHeapSize                          = 2147483648                             {manageable} {ergonomic}
     bool UseCompressedClassPointers               = true                           {product lp64_product} {ergonomic}
     bool UseCompressedOops                        = true                           {product lp64_product} {ergonomic}
     bool UseG1GC                                  = true                                      {product} {ergonomic}
     bool UseLargePagesIndividualAllocation        = false                                  {pd product} {ergonomic}

Logging:
Log output configuration:
 #0: stdout all=warning uptime,level,tags
 #1: stderr all=off uptime,level,tags

Environment Variables:
JAVA_HOME=C:\Program Files\Microsoft\jdk-17.0.10.7-hotspot
PATH=C:\Program Files\Common Files\Oracle\Java\javapath;C:\Program Files\Microsoft\jdk-17.0.10.7-hotspot\bin;C:\WINDOWS\system32;C:\WINDOWS;C:\WINDOWS\System32\Wbem;C:\WINDOWS\System32\WindowsPowerShell\v1.0\;C:\WINDOWS\System32\OpenSSH\;C:\Program Files\Git\cmd;C:\Users\razer\AppData\Roaming\nvm;C:\Program Files\nodejs;C:\ProgramData\chocolatey\bin;C:\Program Files\nodejs\;C:\Program Files\Docker\Docker\resources\bin;C:\Users\razer\AppData\Local\Android\Sdk\tools;C:\Users\razer\AppData\Local\Programs\Python\Python38\Scripts\;C:\Users\razer\AppData\Local\Programs\Python\Python38\;C:\Users\razer\AppData\Local\Microsoft\WindowsApps;C:\Users\razer\AppData\Local\Programs\Microsoft VS Code\bin;C:\Program Files\heroku\bin;C:\Users\razer\AppData\Roaming\nvm;C:\Program Files\nodejs;C:\Users\razer\AppData\Local\Android\Sdk\platform-tools;C:\Users\razer\AppData\Roaming\npm;C:\Program Files\Java\jdk-22\bin;
USERNAME=razer
OS=Windows_NT
PROCESSOR_IDENTIFIER=AMD64 Family 23 Model 24 Stepping 1, AuthenticAMD
TMP=C:\Users\razer\AppData\Local\Temp
TEMP=C:\Users\razer\AppData\Local\Temp



Periodic native trim disabled


---------------  S Y S T E M  ---------------

OS:
 Windows 11 , 64 bit Build 22621 (10.0.22621.3527)
OS uptime: 6 days 1:32 hours
Hyper-V role detected

CPU: total 8 (initial active 8) (8 cores per cpu, 2 threads per core) family 23 model 24 stepping 1 microcode 0x0, cx8, cmov, fxsr, ht, mmx, 3dnowpref, sse, sse2, sse3, ssse3, sse4a, sse4.1, sse4.2, popcnt, lzcnt, tsc, tscinvbit, avx, avx2, aes, clmul, bmi1, bmi2, adx, sha, fma, vzeroupper, clflush, clflushopt, hv
Processor Information for all 8 processors :
  Max Mhz: 2100, Current Mhz: 2100, Mhz Limit: 2100

Memory: 4k page, system-wide physical 6091M (159M free)
TotalPageFile size 24523M (AvailPageFile size 8M)
current process WorkingSet (physical memory assigned to process): 349M, peak: 358M
current process commit charge ("private bytes"): 390M, peak: 418M

vm_info: OpenJDK 64-Bit Server VM (17.0.10+7-LTS) for windows-amd64 JRE (17.0.10+7-LTS), built on Jan 10 2024 19:47:12 by "MicrosoftCorporation" with MS VC++ 16.10 / 16.11 (VS2019)

END.
