#
# There is insufficient memory for the Java Runtime Environment to continue.
# Native memory allocation (malloc) failed to allocate 1807216 bytes for Chunk::new
# Possible reasons:
#   The system is out of physical RAM or swap space
#   The process is running with CompressedOops enabled, and the Java Heap may be blocking the growth of the native heap
# Possible solutions:
#   Reduce memory load on the system
#   Increase physical memory or swap space
#   Check if swap backing store is full
#   Decrease Java heap size (-Xmx/-Xms)
#   Decrease number of Java threads
#   Decrease Java thread stack sizes (-Xss)
#   Set larger code cache with -XX:ReservedCodeCacheSize=
#   JVM is running with Unscaled Compressed Oops mode in which the Java heap is
#     placed in the first 4GB address space. The Java Heap base address is the
#     maximum limit for the native heap growth. Please use -XX:HeapBaseMinAddress
#     to set the Java Heap base and to place the Java Heap above 4GB virtual address.
# This output file may be truncated or incomplete.
#
#  Out of Memory Error (arena.cpp:191), pid=25884, tid=7136
#
# JRE version: OpenJDK Runtime Environment Microsoft-8902769 (17.0.10+7) (build 17.0.10+7-LTS)
# Java VM: OpenJDK 64-Bit Server VM Microsoft-8902769 (17.0.10+7-LTS, mixed mode, sharing, tiered, compressed oops, compressed class ptrs, g1 gc, windows-amd64)
# No core dump will be written. Minidumps are not enabled by default on client versions of Windows
#

---------------  S U M M A R Y ------------

Command Line: -XX:MaxMetaspaceSize=512m --add-opens=java.base/java.util=ALL-UNNAMED --add-opens=java.base/java.lang=ALL-UNNAMED --add-opens=java.base/java.lang.invoke=ALL-UNNAMED --add-opens=java.prefs/java.util.prefs=ALL-UNNAMED --add-opens=java.base/java.nio.charset=ALL-UNNAMED --add-opens=java.base/java.net=ALL-UNNAMED --add-opens=java.base/java.util.concurrent.atomic=ALL-UNNAMED -Xmx2048m -Dfile.encoding=windows-1252 -Duser.country=PE -Duser.language=es -Duser.variant -javaagent:C:\Users\razer\.gradle\wrapper\dists\gradle-8.3-all\6en3ugtfdg5xnpx44z4qbwgas\gradle-8.3\lib\agents\gradle-instrumentation-agent-8.3.jar org.gradle.launcher.daemon.bootstrap.GradleDaemon 8.3

Host: AMD Ryzen 5 3500U with Radeon Vega Mobile Gfx  , 8 cores, 5G,  Windows 11 , 64 bit Build 22621 (10.0.22621.3527)
Time: Mon May 27 16:38:41 2024 Hora est. Pacífico, Sudamérica elapsed time: 125.019140 seconds (0d 0h 2m 5s)

---------------  T H R E A D  ---------------

Current thread (0x00000247fcff41a0):  JavaThread "C2 CompilerThread0" daemon [_thread_in_native, id=7136, stack(0x0000007537400000,0x0000007537500000)]


Current CompileTask:
C2: 125019 9802       4       com.sun.beans.TypeResolver::resolve (37 bytes)

Stack: [0x0000007537400000,0x0000007537500000]
Native frames: (J=compiled Java code, j=interpreted, Vv=VM code, C=native code)
V  [jvm.dll+0x67f829]
V  [jvm.dll+0x83750a]
V  [jvm.dll+0x838fce]
V  [jvm.dll+0x839633]
V  [jvm.dll+0x247cbf]
V  [jvm.dll+0xac524]
V  [jvm.dll+0xacb6c]
V  [jvm.dll+0x368ca2]
V  [jvm.dll+0x1bcfd6]
V  [jvm.dll+0x21a559]
V  [jvm.dll+0x219821]
V  [jvm.dll+0x1a5176]
V  [jvm.dll+0x22957e]
V  [jvm.dll+0x22774c]
V  [jvm.dll+0x7ec5d7]
V  [jvm.dll+0x7e69da]
V  [jvm.dll+0x67e715]
C  [ucrtbase.dll+0x29333]
C  [KERNEL32.DLL+0x1257d]
C  [ntdll.dll+0x5aa48]


---------------  P R O C E S S  ---------------

Threads class SMR info:
_java_thread_list=0x00000247fe6dd0f0, length=90, elements={
0x00000247deb94610, 0x00000247fcfd47f0, 0x00000247fcfd5670, 0x00000247fcfeb380,
0x00000247fcfebe50, 0x00000247fcfeca10, 0x00000247fcfef3e0, 0x00000247fcff41a0,
0x00000247fd00d9d0, 0x00000247fd0103e0, 0x00000247fd298340, 0x00000247fd2e8600,
0x00000247fdfcfac0, 0x00000247fd278980, 0x00000247fdf53030, 0x00000247feb13570,
0x00000247fe599d60, 0x00000247fd342140, 0x00000247fd3f4080, 0x00000247fdd59e60,
0x00000247fdd575e0, 0x00000247fdd56bc0, 0x00000247fdd58000, 0x00000247fdd58f30,
0x00000247fdd58a20, 0x00000247fdd57af0, 0x00000247fdd5a370, 0x00000247fdd570d0,
0x000002479f7797b0, 0x000002479f77c540, 0x000002479f77e8b0, 0x000002479f77edc0,
0x000002479f77ca50, 0x000002479f77bb20, 0x000002479f77c030, 0x000002479f77a1d0,
0x000002479f77d470, 0x000002479f77fcf0, 0x000002479f77de90, 0x000002479f779cc0,
0x000002479f77e3a0, 0x000002479f780200, 0x000002479f778d90, 0x00000247fdcc1af0,
0x00000247fdcc2510, 0x00000247fdcc2a20, 0x00000247fdcc4370, 0x00000247fdcc61d0,
0x00000247fdcc8030, 0x00000247fdcc66e0, 0x00000247fdcc8540, 0x00000247fdcc5cc0,
0x00000247fdcc3950, 0x00000247fdcc2f30, 0x00000247fdcc3e60, 0x00000247fdcc7b20,
0x00000247fdcc7100, 0x00000247fdcc3440, 0x00000247fdcc4880, 0x00000247fdcc4d90,
0x00000247fdcc7610, 0x00000247fdcc8a50, 0x00000247fdcc52a0, 0x00000247fdcc57b0,
0x00000247fdcc8f60, 0x00000247fdcc9470, 0x00000247a0b32c50, 0x00000247a0b2fec0,
0x00000247a0b31300, 0x00000247a0b303d0, 0x00000247a0b31810, 0x00000247a0b33160,
0x00000247a0b308e0, 0x00000247a0b31d20, 0x00000247a0b32230, 0x00000247a0b32740,
0x00000247a0b33670, 0x00000247a1744cb0, 0x00000247a1740ae0, 0x00000247a1743870,
0x00000247a1740ff0, 0x00000247a1742e50, 0x00000247a1742430, 0x00000247a1741500,
0x00000247a173ec80, 0x00000247a1741a10, 0x00000247a17405d0, 0x00000247a1743d80,
0x00000247a173dd50, 0x00000247a173f6a0
}

Java Threads: ( => current thread )
  0x00000247deb94610 JavaThread "main" [_thread_blocked, id=10276, stack(0x0000007536700000,0x0000007536800000)]
  0x00000247fcfd47f0 JavaThread "Reference Handler" daemon [_thread_blocked, id=25212, stack(0x0000007536e00000,0x0000007536f00000)]
  0x00000247fcfd5670 JavaThread "Finalizer" daemon [_thread_blocked, id=8020, stack(0x0000007536f00000,0x0000007537000000)]
  0x00000247fcfeb380 JavaThread "Signal Dispatcher" daemon [_thread_blocked, id=12872, stack(0x0000007537000000,0x0000007537100000)]
  0x00000247fcfebe50 JavaThread "Attach Listener" daemon [_thread_blocked, id=27196, stack(0x0000007537100000,0x0000007537200000)]
  0x00000247fcfeca10 JavaThread "Service Thread" daemon [_thread_blocked, id=12332, stack(0x0000007537200000,0x0000007537300000)]
  0x00000247fcfef3e0 JavaThread "Monitor Deflation Thread" daemon [_thread_blocked, id=25260, stack(0x0000007537300000,0x0000007537400000)]
=>0x00000247fcff41a0 JavaThread "C2 CompilerThread0" daemon [_thread_in_native, id=7136, stack(0x0000007537400000,0x0000007537500000)]
  0x00000247fd00d9d0 JavaThread "C1 CompilerThread0" daemon [_thread_blocked, id=11040, stack(0x0000007537500000,0x0000007537600000)]
  0x00000247fd0103e0 JavaThread "Sweeper thread" daemon [_thread_blocked, id=7540, stack(0x0000007537600000,0x0000007537700000)]
  0x00000247fd298340 JavaThread "Common-Cleaner" daemon [_thread_blocked, id=25180, stack(0x0000007537700000,0x0000007537800000)]
  0x00000247fd2e8600 JavaThread "Notification Thread" daemon [_thread_blocked, id=4404, stack(0x0000007537800000,0x0000007537900000)]
  0x00000247fdfcfac0 JavaThread "Daemon health stats" [_thread_blocked, id=26208, stack(0x0000007537e00000,0x0000007537f00000)]
  0x00000247fd278980 JavaThread "Incoming local TCP Connector on port 49963" [_thread_in_native, id=20924, stack(0x0000007537f00000,0x0000007538000000)]
  0x00000247fdf53030 JavaThread "Daemon periodic checks" [_thread_blocked, id=10236, stack(0x0000007538000000,0x0000007538100000)]
  0x00000247feb13570 JavaThread "Daemon" [_thread_blocked, id=5532, stack(0x0000007538100000,0x0000007538200000)]
  0x00000247fe599d60 JavaThread "Handler for socket connection from /127.0.0.1:49963 to /127.0.0.1:49964" [_thread_in_native, id=3172, stack(0x0000007538200000,0x0000007538300000)]
  0x00000247fd342140 JavaThread "Cancel handler" [_thread_blocked, id=7988, stack(0x0000007538300000,0x0000007538400000)]
  0x00000247fd3f4080 JavaThread "Daemon worker" [_thread_in_native, id=25748, stack(0x0000007538400000,0x0000007538500000)]
  0x00000247fdd59e60 JavaThread "Asynchronous log dispatcher for DefaultDaemonConnection: socket connection from /127.0.0.1:49963 to /127.0.0.1:49964" [_thread_blocked, id=18356, stack(0x0000007538500000,0x0000007538600000)]
  0x00000247fdd575e0 JavaThread "Stdin handler" [_thread_blocked, id=5892, stack(0x0000007538600000,0x0000007538700000)]
  0x00000247fdd56bc0 JavaThread "Daemon client event forwarder" [_thread_blocked, id=6724, stack(0x0000007538700000,0x0000007538800000)]
  0x00000247fdd58000 JavaThread "Cache worker for journal cache (C:\Users\razer\.gradle\caches\journal-1)" [_thread_blocked, id=14020, stack(0x0000007538b00000,0x0000007538c00000)]
  0x00000247fdd58f30 JavaThread "File lock request listener" [_thread_in_native, id=6596, stack(0x0000007538c00000,0x0000007538d00000)]
  0x00000247fdd58a20 JavaThread "Cache worker for file hash cache (C:\Users\razer\.gradle\caches\8.3\fileHashes)" [_thread_blocked, id=23584, stack(0x0000007538d00000,0x0000007538e00000)]
  0x00000247fdd57af0 JavaThread "File watcher server" daemon [_thread_in_native, id=16624, stack(0x0000007538e00000,0x0000007538f00000)]
  0x00000247fdd5a370 JavaThread "File watcher consumer" daemon [_thread_blocked, id=14992, stack(0x0000007538f00000,0x0000007539000000)]
  0x00000247fdd570d0 JavaThread "Cache worker for checksums cache (C:\Users\razer\Documents\dprom-minsa\dpromApp\android\.gradle\8.3\checksums)" [_thread_blocked, id=15032, stack(0x0000007539000000,0x0000007539100000)]
  0x000002479f7797b0 JavaThread "Cache worker for file hash cache (C:\Users\razer\Documents\dprom-minsa\dpromApp\android\.gradle\8.3\fileHashes)" [_thread_blocked, id=14656, stack(0x0000007539100000,0x0000007539200000)]
  0x000002479f77c540 JavaThread "Cache worker for cache directory md-supplier (C:\Users\razer\.gradle\caches\8.3\md-supplier)" [_thread_blocked, id=6592, stack(0x0000007539200000,0x0000007539300000)]
  0x000002479f77e8b0 JavaThread "Cache worker for file content cache (C:\Users\razer\.gradle\caches\8.3\fileContent)" [_thread_blocked, id=20428, stack(0x0000007539300000,0x0000007539400000)]
  0x000002479f77edc0 JavaThread "Cache worker for cache directory md-rule (C:\Users\razer\.gradle\caches\8.3\md-rule)" [_thread_blocked, id=26184, stack(0x0000007539500000,0x0000007539600000)]
  0x000002479f77ca50 JavaThread "Cache worker for execution history cache (C:\Users\razer\.gradle\caches\8.3\executionHistory)" [_thread_blocked, id=14700, stack(0x0000007539600000,0x0000007539700000)]
  0x000002479f77bb20 JavaThread "jar transforms" [_thread_blocked, id=23796, stack(0x0000007539700000,0x0000007539800000)]
  0x000002479f77c030 JavaThread "jar transforms Thread 2" [_thread_blocked, id=12228, stack(0x0000007539800000,0x0000007539900000)]
  0x000002479f77a1d0 JavaThread "jar transforms Thread 3" [_thread_blocked, id=2204, stack(0x0000007539900000,0x0000007539a00000)]
  0x000002479f77d470 JavaThread "jar transforms Thread 4" [_thread_blocked, id=17944, stack(0x0000007539a00000,0x0000007539b00000)]
  0x000002479f77fcf0 JavaThread "Cache worker for kotlin-dsl (C:\Users\razer\.gradle\caches\8.3\kotlin-dsl)" [_thread_blocked, id=24252, stack(0x0000007536400000,0x0000007536500000)]
  0x000002479f77de90 JavaThread "jar transforms Thread 5" [_thread_blocked, id=25640, stack(0x0000007536500000,0x0000007536600000)]
  0x000002479f779cc0 JavaThread "jar transforms Thread 6" [_thread_blocked, id=13396, stack(0x0000007536600000,0x0000007536700000)]
  0x000002479f77e3a0 JavaThread "Unconstrained build operations" [_thread_blocked, id=26076, stack(0x0000007539e00000,0x0000007539f00000)]
  0x000002479f780200 JavaThread "Unconstrained build operations Thread 2" [_thread_blocked, id=20908, stack(0x0000007539f00000,0x000000753a000000)]
  0x000002479f778d90 JavaThread "jar transforms Thread 7" [_thread_blocked, id=24920, stack(0x000000753a000000,0x000000753a100000)]
  0x00000247fdcc1af0 JavaThread "jar transforms Thread 8" [_thread_blocked, id=25104, stack(0x000000753a100000,0x000000753a200000)]
  0x00000247fdcc2510 JavaThread "Cache worker for dependencies-accessors (C:\Users\razer\Documents\dprom-minsa\dpromApp\android\.gradle\8.3\dependencies-accessors)" [_thread_blocked, id=25796, stack(0x000000753a200000,0x000000753a300000)]
  0x00000247fdcc2a20 JavaThread "Cache worker for Build Output Cleanup Cache (C:\Users\razer\Documents\dprom-minsa\dpromApp\node_modules\@react-native\gradle-plugin\.gradle\buildOutputCleanup)" [_thread_blocked, id=23684, stack(0x000000753a300000,0x000000753a400000)]
  0x00000247fdcc4370 JavaThread "Unconstrained build operations Thread 3" [_thread_blocked, id=22004, stack(0x000000753a400000,0x000000753a500000)]
  0x00000247fdcc61d0 JavaThread "Unconstrained build operations Thread 4" [_thread_blocked, id=18020, stack(0x000000753a500000,0x000000753a600000)]
  0x00000247fdcc8030 JavaThread "Unconstrained build operations Thread 5" [_thread_blocked, id=15012, stack(0x000000753a600000,0x000000753a700000)]
  0x00000247fdcc66e0 JavaThread "Unconstrained build operations Thread 6" [_thread_blocked, id=25836, stack(0x000000753a700000,0x000000753a800000)]
  0x00000247fdcc8540 JavaThread "Unconstrained build operations Thread 7" [_thread_blocked, id=22504, stack(0x000000753a800000,0x000000753a900000)]
  0x00000247fdcc5cc0 JavaThread "Unconstrained build operations Thread 8" [_thread_blocked, id=26452, stack(0x000000753a900000,0x000000753aa00000)]
  0x00000247fdcc3950 JavaThread "Unconstrained build operations Thread 9" [_thread_blocked, id=1812, stack(0x000000753aa00000,0x000000753ab00000)]
  0x00000247fdcc2f30 JavaThread "Memory manager" [_thread_blocked, id=596, stack(0x000000753ab00000,0x000000753ac00000)]
  0x00000247fdcc3e60 JavaThread "Cache worker for Build Output Cleanup Cache (C:\Users\razer\Documents\dprom-minsa\dpromApp\android\.gradle\buildOutputCleanup)" [_thread_blocked, id=20828, stack(0x000000753ac00000,0x000000753ad00000)]
  0x00000247fdcc7b20 JavaThread "ForkJoinPool.commonPool-worker-1" daemon [_thread_blocked, id=27008, stack(0x000000753ad00000,0x000000753ae00000)]
  0x00000247fdcc7100 JavaThread "ForkJoinPool.commonPool-worker-2" daemon [_thread_blocked, id=4020, stack(0x000000753ae00000,0x000000753af00000)]
  0x00000247fdcc3440 JavaThread "ForkJoinPool.commonPool-worker-3" daemon [_thread_blocked, id=27272, stack(0x000000753af00000,0x000000753b000000)]
  0x00000247fdcc4880 JavaThread "ForkJoinPool.commonPool-worker-4" daemon [_thread_blocked, id=3424, stack(0x000000753b000000,0x000000753b100000)]
  0x00000247fdcc4d90 JavaThread "ForkJoinPool.commonPool-worker-5" daemon [_thread_blocked, id=26908, stack(0x000000753b100000,0x000000753b200000)]
  0x00000247fdcc7610 JavaThread "ForkJoinPool.commonPool-worker-6" daemon [_thread_blocked, id=14300, stack(0x000000753b200000,0x000000753b300000)]
  0x00000247fdcc8a50 JavaThread "ForkJoinPool.commonPool-worker-7" daemon [_thread_blocked, id=26332, stack(0x000000753b300000,0x000000753b400000)]
  0x00000247fdcc52a0 JavaThread "Exec process" [_thread_blocked, id=26348, stack(0x000000753b400000,0x000000753b500000)]
  0x00000247fdcc57b0 JavaThread "Exec process Thread 2" [_thread_blocked, id=24100, stack(0x000000753b500000,0x000000753b600000)]
  0x00000247fdcc8f60 JavaThread "Exec process Thread 3" [_thread_blocked, id=19084, stack(0x000000753b600000,0x000000753b700000)]
  0x00000247fdcc9470 JavaThread "included builds" [_thread_blocked, id=2604, stack(0x000000753b700000,0x000000753b800000)]
  0x00000247a0b32c50 JavaThread "Execution worker" [_thread_blocked, id=18244, stack(0x000000753b800000,0x000000753b900000)]
  0x00000247a0b2fec0 JavaThread "Execution worker Thread 2" [_thread_blocked, id=25392, stack(0x000000753b900000,0x000000753ba00000)]
  0x00000247a0b31300 JavaThread "Execution worker Thread 3" [_thread_blocked, id=22588, stack(0x000000753ba00000,0x000000753bb00000)]
  0x00000247a0b303d0 JavaThread "Execution worker Thread 4" [_thread_blocked, id=18808, stack(0x000000753bb00000,0x000000753bc00000)]
  0x00000247a0b31810 JavaThread "Execution worker Thread 5" [_thread_blocked, id=12716, stack(0x000000753bc00000,0x000000753bd00000)]
  0x00000247a0b33160 JavaThread "Execution worker Thread 6" [_thread_blocked, id=16804, stack(0x000000753bd00000,0x000000753be00000)]
  0x00000247a0b308e0 JavaThread "Execution worker Thread 7" [_thread_blocked, id=14252, stack(0x000000753be00000,0x000000753bf00000)]
  0x00000247a0b31d20 JavaThread "Cache worker for execution history cache (C:\Users\razer\Documents\dprom-minsa\dpromApp\node_modules\@react-native\gradle-plugin\.gradle\8.3\executionHistory)" [_thread_blocked, id=10824, stack(0x000000753bf00000,0x000000753c000000)]
  0x00000247a0b32230 JavaThread "Unconstrained build operations Thread 10" [_thread_blocked, id=15528, stack(0x000000753c000000,0x000000753c100000)]
  0x00000247a0b32740 JavaThread "Unconstrained build operations Thread 11" [_thread_blocked, id=2704, stack(0x000000753c100000,0x000000753c200000)]
  0x00000247a0b33670 JavaThread "Unconstrained build operations Thread 12" [_thread_blocked, id=6172, stack(0x000000753c200000,0x000000753c300000)]
  0x00000247a1744cb0 JavaThread "Unconstrained build operations Thread 13" [_thread_blocked, id=17596, stack(0x000000753c300000,0x000000753c400000)]
  0x00000247a1740ae0 JavaThread "Unconstrained build operations Thread 14" [_thread_blocked, id=10864, stack(0x000000753c400000,0x000000753c500000)]
  0x00000247a1743870 JavaThread "Unconstrained build operations Thread 15" [_thread_blocked, id=27268, stack(0x000000753c500000,0x000000753c600000)]
  0x00000247a1740ff0 JavaThread "Unconstrained build operations Thread 16" [_thread_blocked, id=27128, stack(0x000000753c600000,0x000000753c700000)]
  0x00000247a1742e50 JavaThread "Unconstrained build operations Thread 17" [_thread_blocked, id=23752, stack(0x000000753c700000,0x000000753c800000)]
  0x00000247a1742430 JavaThread "Unconstrained build operations Thread 18" [_thread_blocked, id=9764, stack(0x000000753c800000,0x000000753c900000)]
  0x00000247a1741500 JavaThread "Unconstrained build operations Thread 19" [_thread_blocked, id=13108, stack(0x000000753c900000,0x000000753ca00000)]
  0x00000247a173ec80 JavaThread "Unconstrained build operations Thread 20" [_thread_blocked, id=23100, stack(0x000000753ca00000,0x000000753cb00000)]
  0x00000247a1741a10 JavaThread "Unconstrained build operations Thread 21" [_thread_blocked, id=9692, stack(0x000000753cb00000,0x000000753cc00000)]
  0x00000247a17405d0 JavaThread "Unconstrained build operations Thread 22" [_thread_blocked, id=4272, stack(0x000000753cc00000,0x000000753cd00000)]
  0x00000247a1743d80 JavaThread "Unconstrained build operations Thread 23" [_thread_blocked, id=18692, stack(0x000000753cd00000,0x000000753ce00000)]
  0x00000247a173dd50 JavaThread "Unconstrained build operations Thread 24" [_thread_blocked, id=7452, stack(0x000000753ce00000,0x000000753cf00000)]
  0x00000247a173f6a0 JavaThread "Unconstrained build operations Thread 25" [_thread_blocked, id=22900, stack(0x000000753cf00000,0x000000753d000000)]

Other Threads:
  0x00000247fcfcf020 VMThread "VM Thread" [stack: 0x0000007536d00000,0x0000007536e00000] [id=15304]
  0x00000247fd2e8ae0 WatcherThread [stack: 0x0000007537900000,0x0000007537a00000] [id=1504]
  0x00000247debf1610 GCTaskThread "GC Thread#0" [stack: 0x0000007536800000,0x0000007536900000] [id=26576]
  0x00000247fd9a8440 GCTaskThread "GC Thread#1" [stack: 0x0000007537a00000,0x0000007537b00000] [id=25232]
  0x00000247fdd086c0 GCTaskThread "GC Thread#2" [stack: 0x0000007537b00000,0x0000007537c00000] [id=27604]
  0x00000247fdced430 GCTaskThread "GC Thread#3" [stack: 0x0000007537c00000,0x0000007537d00000] [id=14012]
  0x00000247fddcf640 GCTaskThread "GC Thread#4" [stack: 0x0000007537d00000,0x0000007537e00000] [id=23148]
  0x00000247feb3d6b0 GCTaskThread "GC Thread#5" [stack: 0x0000007538800000,0x0000007538900000] [id=4648]
  0x00000247feb3d970 GCTaskThread "GC Thread#6" [stack: 0x0000007538900000,0x0000007538a00000] [id=24724]
  0x00000247fde60420 GCTaskThread "GC Thread#7" [stack: 0x0000007538a00000,0x0000007538b00000] [id=25812]
  0x00000247dec02560 ConcurrentGCThread "G1 Main Marker" [stack: 0x0000007536900000,0x0000007536a00000] [id=16992]
  0x00000247dec03720 ConcurrentGCThread "G1 Conc#0" [stack: 0x0000007536a00000,0x0000007536b00000] [id=27048]
  0x00000247a000aa70 ConcurrentGCThread "G1 Conc#1" [stack: 0x0000007539400000,0x0000007539500000] [id=17620]
  0x00000247dec3d620 ConcurrentGCThread "G1 Refine#0" [stack: 0x0000007536b00000,0x0000007536c00000] [id=18128]
  0x00000247dec3e050 ConcurrentGCThread "G1 Service" [stack: 0x0000007536c00000,0x0000007536d00000] [id=16168]

Threads with active compile tasks:
C2 CompilerThread0   125169 9802       4       com.sun.beans.TypeResolver::resolve (37 bytes)

VM state: not at safepoint (normal execution)

VM Mutex/Monitor currently owned by a thread: None

Heap address: 0x0000000080000000, size: 2048 MB, Compressed Oops mode: 32-bit

CDS archive(s) mapped at: [0x0000024780000000-0x0000024780bb0000-0x0000024780bb0000), size 12255232, SharedBaseAddress: 0x0000024780000000, ArchiveRelocationMode: 1.
Compressed class space mapped at: 0x0000024781000000-0x000002479b000000, reserved size: 436207616
Narrow klass base: 0x0000024780000000, Narrow klass shift: 0, Narrow klass range: 0x100000000

GC Precious Log:
 CPUs: 8 total, 8 available
 Memory: 6091M
 Large Page Support: Disabled
 NUMA Support: Disabled
 Compressed Oops: Enabled (32-bit)
 Heap Region Size: 1M
 Heap Min Capacity: 8M
 Heap Initial Capacity: 96M
 Heap Max Capacity: 2G
 Pre-touch: Disabled
 Parallel Workers: 8
 Concurrent Workers: 2
 Concurrent Refinement Workers: 8
 Periodic GC: Disabled

Heap:
 garbage-first heap   total 179200K, used 105397K [0x0000000080000000, 0x0000000100000000)
  region size 1024K, 19 young (19456K), 5 survivors (5120K)
 Metaspace       used 82470K, committed 83200K, reserved 557056K
  class space    used 11401K, committed 11712K, reserved 425984K

Heap Regions: E=young(eden), S=young(survivor), O=old, HS=humongous(starts), HC=humongous(continues), CS=collection set, F=free, OA=open archive, CA=closed archive, TAMS=top-at-mark-start (previous, next)
|   0|0x0000000080000000, 0x0000000080100000, 0x0000000080100000|100%|HS|  |TAMS 0x0000000080100000, 0x0000000080000000| Complete 
|   1|0x0000000080100000, 0x0000000080200000, 0x0000000080200000|100%|HC|  |TAMS 0x0000000080200000, 0x0000000080100000| Complete 
|   2|0x0000000080200000, 0x0000000080300000, 0x0000000080300000|100%|HC|  |TAMS 0x0000000080300000, 0x0000000080200000| Complete 
|   3|0x0000000080300000, 0x0000000080400000, 0x0000000080400000|100%|HC|  |TAMS 0x0000000080400000, 0x0000000080300000| Complete 
|   4|0x0000000080400000, 0x0000000080500000, 0x0000000080500000|100%| O|  |TAMS 0x0000000080500000, 0x0000000080400000| Untracked 
|   5|0x0000000080500000, 0x0000000080600000, 0x0000000080600000|100%| O|  |TAMS 0x0000000080600000, 0x0000000080500000| Untracked 
|   6|0x0000000080600000, 0x0000000080700000, 0x0000000080700000|100%| O|  |TAMS 0x0000000080700000, 0x0000000080600000| Untracked 
|   7|0x0000000080700000, 0x0000000080800000, 0x0000000080800000|100%| O|  |TAMS 0x0000000080800000, 0x0000000080700000| Untracked 
|   8|0x0000000080800000, 0x0000000080900000, 0x0000000080900000|100%| O|  |TAMS 0x0000000080900000, 0x0000000080800000| Untracked 
|   9|0x0000000080900000, 0x0000000080a00000, 0x0000000080a00000|100%| O|  |TAMS 0x0000000080a00000, 0x0000000080900000| Untracked 
|  10|0x0000000080a00000, 0x0000000080b00000, 0x0000000080b00000|100%| O|  |TAMS 0x0000000080b00000, 0x0000000080a00000| Untracked 
|  11|0x0000000080b00000, 0x0000000080c00000, 0x0000000080c00000|100%| O|  |TAMS 0x0000000080c00000, 0x0000000080b00000| Untracked 
|  12|0x0000000080c00000, 0x0000000080d00000, 0x0000000080d00000|100%| O|  |TAMS 0x0000000080d00000, 0x0000000080c00000| Untracked 
|  13|0x0000000080d00000, 0x0000000080e00000, 0x0000000080e00000|100%| O|  |TAMS 0x0000000080e00000, 0x0000000080d00000| Untracked 
|  14|0x0000000080e00000, 0x0000000080f00000, 0x0000000080f00000|100%| O|  |TAMS 0x0000000080f00000, 0x0000000080e00000| Untracked 
|  15|0x0000000080f00000, 0x0000000081000000, 0x0000000081000000|100%| O|  |TAMS 0x0000000081000000, 0x0000000080f00000| Untracked 
|  16|0x0000000081000000, 0x0000000081100000, 0x0000000081100000|100%| O|  |TAMS 0x0000000081100000, 0x0000000081000000| Untracked 
|  17|0x0000000081100000, 0x0000000081200000, 0x0000000081200000|100%| O|  |TAMS 0x0000000081200000, 0x0000000081100000| Untracked 
|  18|0x0000000081200000, 0x0000000081300000, 0x0000000081300000|100%| O|  |TAMS 0x0000000081300000, 0x0000000081200000| Untracked 
|  19|0x0000000081300000, 0x0000000081300000, 0x0000000081400000|  0%| F|  |TAMS 0x0000000081300000, 0x0000000081300000| Untracked 
|  20|0x0000000081400000, 0x0000000081500000, 0x0000000081500000|100%| O|  |TAMS 0x0000000081500000, 0x0000000081400000| Untracked 
|  21|0x0000000081500000, 0x0000000081600000, 0x0000000081600000|100%| O|  |TAMS 0x0000000081600000, 0x0000000081500000| Untracked 
|  22|0x0000000081600000, 0x0000000081700000, 0x0000000081700000|100%| O|  |TAMS 0x0000000081700000, 0x0000000081600000| Untracked 
|  23|0x0000000081700000, 0x0000000081800000, 0x0000000081800000|100%| O|  |TAMS 0x0000000081800000, 0x0000000081700000| Untracked 
|  24|0x0000000081800000, 0x0000000081800000, 0x0000000081900000|  0%| F|  |TAMS 0x0000000081800000, 0x0000000081800000| Untracked 
|  25|0x0000000081900000, 0x0000000081a00000, 0x0000000081a00000|100%| O|  |TAMS 0x0000000081a00000, 0x0000000081900000| Untracked 
|  26|0x0000000081a00000, 0x0000000081b00000, 0x0000000081b00000|100%| O|  |TAMS 0x0000000081b00000, 0x0000000081a00000| Untracked 
|  27|0x0000000081b00000, 0x0000000081c00000, 0x0000000081c00000|100%| O|  |TAMS 0x0000000081c00000, 0x0000000081b00000| Untracked 
|  28|0x0000000081c00000, 0x0000000081d00000, 0x0000000081d00000|100%| O|  |TAMS 0x0000000081d00000, 0x0000000081c00000| Untracked 
|  29|0x0000000081d00000, 0x0000000081e00000, 0x0000000081e00000|100%| O|  |TAMS 0x0000000081e00000, 0x0000000081d00000| Untracked 
|  30|0x0000000081e00000, 0x0000000081f00000, 0x0000000081f00000|100%| O|  |TAMS 0x0000000081f00000, 0x0000000081e00000| Untracked 
|  31|0x0000000081f00000, 0x0000000082000000, 0x0000000082000000|100%| O|  |TAMS 0x0000000082000000, 0x0000000081f00000| Untracked 
|  32|0x0000000082000000, 0x0000000082100000, 0x0000000082100000|100%| O|  |TAMS 0x0000000082100000, 0x0000000082000000| Untracked 
|  33|0x0000000082100000, 0x0000000082200000, 0x0000000082200000|100%| O|  |TAMS 0x0000000082200000, 0x0000000082100000| Untracked 
|  34|0x0000000082200000, 0x0000000082300000, 0x0000000082300000|100%| O|  |TAMS 0x0000000082300000, 0x0000000082200000| Untracked 
|  35|0x0000000082300000, 0x0000000082400000, 0x0000000082400000|100%| O|  |TAMS 0x0000000082400000, 0x0000000082300000| Untracked 
|  36|0x0000000082400000, 0x0000000082500000, 0x0000000082500000|100%| O|  |TAMS 0x0000000082500000, 0x0000000082400000| Untracked 
|  37|0x0000000082500000, 0x0000000082600000, 0x0000000082600000|100%| O|  |TAMS 0x0000000082600000, 0x0000000082500000| Untracked 
|  38|0x0000000082600000, 0x0000000082700000, 0x0000000082700000|100%| O|  |TAMS 0x0000000082700000, 0x0000000082600000| Untracked 
|  39|0x0000000082700000, 0x0000000082800000, 0x0000000082800000|100%| O|  |TAMS 0x0000000082800000, 0x0000000082700000| Untracked 
|  40|0x0000000082800000, 0x0000000082900000, 0x0000000082900000|100%| O|  |TAMS 0x0000000082900000, 0x0000000082800000| Untracked 
|  41|0x0000000082900000, 0x0000000082a00000, 0x0000000082a00000|100%|HS|  |TAMS 0x0000000082a00000, 0x0000000082900000| Complete 
|  42|0x0000000082a00000, 0x0000000082b00000, 0x0000000082b00000|100%|HC|  |TAMS 0x0000000082b00000, 0x0000000082a00000| Complete 
|  43|0x0000000082b00000, 0x0000000082c00000, 0x0000000082c00000|100%|HS|  |TAMS 0x0000000082c00000, 0x0000000082b00000| Complete 
|  44|0x0000000082c00000, 0x0000000082d00000, 0x0000000082d00000|100%|HC|  |TAMS 0x0000000082d00000, 0x0000000082c00000| Complete 
|  45|0x0000000082d00000, 0x0000000082e00000, 0x0000000082e00000|100%| O|  |TAMS 0x0000000082e00000, 0x0000000082d00000| Untracked 
|  46|0x0000000082e00000, 0x0000000082f00000, 0x0000000082f00000|100%| O|  |TAMS 0x0000000082f00000, 0x0000000082e00000| Untracked 
|  47|0x0000000082f00000, 0x0000000083000000, 0x0000000083000000|100%|HS|  |TAMS 0x0000000083000000, 0x0000000082f00000| Complete 
|  48|0x0000000083000000, 0x0000000083100000, 0x0000000083100000|100%|HC|  |TAMS 0x0000000083100000, 0x0000000083000000| Complete 
|  49|0x0000000083100000, 0x0000000083200000, 0x0000000083200000|100%|HC|  |TAMS 0x0000000083200000, 0x0000000083100000| Complete 
|  50|0x0000000083200000, 0x0000000083300000, 0x0000000083300000|100%|HC|  |TAMS 0x0000000083300000, 0x0000000083200000| Complete 
|  51|0x0000000083300000, 0x0000000083400000, 0x0000000083400000|100%| O|  |TAMS 0x0000000083400000, 0x0000000083300000| Untracked 
|  52|0x0000000083400000, 0x0000000083500000, 0x0000000083500000|100%| O|  |TAMS 0x0000000083500000, 0x0000000083400000| Untracked 
|  53|0x0000000083500000, 0x0000000083600000, 0x0000000083600000|100%| O|  |TAMS 0x0000000083600000, 0x0000000083500000| Untracked 
|  54|0x0000000083600000, 0x0000000083700000, 0x0000000083700000|100%| O|  |TAMS 0x0000000083700000, 0x0000000083600000| Untracked 
|  55|0x0000000083700000, 0x0000000083800000, 0x0000000083800000|100%|HS|  |TAMS 0x0000000083800000, 0x0000000083700000| Complete 
|  56|0x0000000083800000, 0x0000000083900000, 0x0000000083900000|100%|HC|  |TAMS 0x0000000083900000, 0x0000000083800000| Complete 
|  57|0x0000000083900000, 0x0000000083a00000, 0x0000000083a00000|100%|HC|  |TAMS 0x0000000083a00000, 0x0000000083900000| Complete 
|  58|0x0000000083a00000, 0x0000000083b00000, 0x0000000083b00000|100%|HC|  |TAMS 0x0000000083b00000, 0x0000000083a00000| Complete 
|  59|0x0000000083b00000, 0x0000000083c00000, 0x0000000083c00000|100%| O|  |TAMS 0x0000000083c00000, 0x0000000083b00000| Untracked 
|  60|0x0000000083c00000, 0x0000000083d00000, 0x0000000083d00000|100%| O|  |TAMS 0x0000000083d00000, 0x0000000083c00000| Untracked 
|  61|0x0000000083d00000, 0x0000000083e00000, 0x0000000083e00000|100%| O|  |TAMS 0x0000000083e00000, 0x0000000083d00000| Untracked 
|  62|0x0000000083e00000, 0x0000000083f00000, 0x0000000083f00000|100%| O|  |TAMS 0x0000000083f00000, 0x0000000083e00000| Untracked 
|  63|0x0000000083f00000, 0x0000000084000000, 0x0000000084000000|100%| O|  |TAMS 0x0000000084000000, 0x0000000083f00000| Untracked 
|  64|0x0000000084000000, 0x0000000084100000, 0x0000000084100000|100%| O|  |TAMS 0x0000000084100000, 0x0000000084000000| Untracked 
|  65|0x0000000084100000, 0x0000000084200000, 0x0000000084200000|100%| O|  |TAMS 0x0000000084200000, 0x0000000084100000| Untracked 
|  66|0x0000000084200000, 0x0000000084300000, 0x0000000084300000|100%| O|  |TAMS 0x0000000084300000, 0x0000000084200000| Untracked 
|  67|0x0000000084300000, 0x0000000084400000, 0x0000000084400000|100%| O|  |TAMS 0x0000000084400000, 0x0000000084300000| Untracked 
|  68|0x0000000084400000, 0x0000000084500000, 0x0000000084500000|100%| O|  |TAMS 0x0000000084500000, 0x0000000084400000| Untracked 
|  69|0x0000000084500000, 0x0000000084600000, 0x0000000084600000|100%|HS|  |TAMS 0x0000000084600000, 0x0000000084500000| Complete 
|  70|0x0000000084600000, 0x0000000084700000, 0x0000000084700000|100%|HS|  |TAMS 0x0000000084700000, 0x0000000084600000| Complete 
|  71|0x0000000084700000, 0x0000000084800000, 0x0000000084800000|100%| O|  |TAMS 0x0000000084800000, 0x0000000084700000| Untracked 
|  72|0x0000000084800000, 0x0000000084900000, 0x0000000084900000|100%|HS|  |TAMS 0x0000000084900000, 0x0000000084800000| Complete 
|  73|0x0000000084900000, 0x0000000084a00000, 0x0000000084a00000|100%| O|  |TAMS 0x0000000084a00000, 0x0000000084900000| Untracked 
|  74|0x0000000084a00000, 0x0000000084b00000, 0x0000000084b00000|100%| O|  |TAMS 0x0000000084b00000, 0x0000000084a00000| Untracked 
|  75|0x0000000084b00000, 0x0000000084c00000, 0x0000000084c00000|100%|HS|  |TAMS 0x0000000084c00000, 0x0000000084b00000| Complete 
|  76|0x0000000084c00000, 0x0000000084d00000, 0x0000000084d00000|100%| O|  |TAMS 0x0000000084d00000, 0x0000000084c00000| Untracked 
|  77|0x0000000084d00000, 0x0000000084e00000, 0x0000000084e00000|100%| O|  |TAMS 0x0000000084e00000, 0x0000000084d00000| Untracked 
|  78|0x0000000084e00000, 0x0000000084f00000, 0x0000000084f00000|100%| O|  |TAMS 0x0000000084f00000, 0x0000000084e00000| Untracked 
|  79|0x0000000084f00000, 0x0000000085000000, 0x0000000085000000|100%| O|  |TAMS 0x0000000085000000, 0x0000000084f00000| Untracked 
|  80|0x0000000085000000, 0x0000000085100000, 0x0000000085100000|100%| O|  |TAMS 0x0000000085100000, 0x0000000085000000| Untracked 
|  81|0x0000000085100000, 0x0000000085200000, 0x0000000085200000|100%| O|  |TAMS 0x0000000085200000, 0x0000000085100000| Untracked 
|  82|0x0000000085200000, 0x0000000085200000, 0x0000000085300000|  0%| F|  |TAMS 0x0000000085200000, 0x0000000085200000| Untracked 
|  83|0x0000000085300000, 0x0000000085300000, 0x0000000085400000|  0%| F|  |TAMS 0x0000000085300000, 0x0000000085300000| Untracked 
|  84|0x0000000085400000, 0x0000000085400000, 0x0000000085500000|  0%| F|  |TAMS 0x0000000085400000, 0x0000000085400000| Untracked 
|  85|0x0000000085500000, 0x0000000085600000, 0x0000000085600000|100%| O|  |TAMS 0x0000000085600000, 0x0000000085500000| Untracked 
|  86|0x0000000085600000, 0x0000000085700000, 0x0000000085700000|100%| O|  |TAMS 0x0000000085700000, 0x0000000085600000| Untracked 
|  87|0x0000000085700000, 0x0000000085800000, 0x0000000085800000|100%| O|  |TAMS 0x0000000085800000, 0x0000000085700000| Untracked 
|  88|0x0000000085800000, 0x0000000085900000, 0x0000000085900000|100%| O|  |TAMS 0x0000000085900000, 0x0000000085800000| Untracked 
|  89|0x0000000085900000, 0x0000000085a00000, 0x0000000085a00000|100%| O|  |TAMS 0x0000000085a00000, 0x0000000085900000| Untracked 
|  90|0x0000000085a00000, 0x0000000085ac4a00, 0x0000000085b00000| 76%| O|  |TAMS 0x0000000085ac4a00, 0x0000000085a00000| Untracked 
|  91|0x0000000085b00000, 0x0000000085b00000, 0x0000000085c00000|  0%| F|  |TAMS 0x0000000085b00000, 0x0000000085b00000| Untracked 
|  92|0x0000000085c00000, 0x0000000085c00000, 0x0000000085d00000|  0%| F|  |TAMS 0x0000000085c00000, 0x0000000085c00000| Untracked 
|  93|0x0000000085d00000, 0x0000000085d00000, 0x0000000085e00000|  0%| F|  |TAMS 0x0000000085d00000, 0x0000000085d00000| Untracked 
|  94|0x0000000085e00000, 0x0000000085e00000, 0x0000000085f00000|  0%| F|  |TAMS 0x0000000085e00000, 0x0000000085e00000| Untracked 
|  95|0x0000000085f00000, 0x0000000085f00000, 0x0000000086000000|  0%| F|  |TAMS 0x0000000085f00000, 0x0000000085f00000| Untracked 
|  96|0x0000000086000000, 0x0000000086000000, 0x0000000086100000|  0%| F|  |TAMS 0x0000000086000000, 0x0000000086000000| Untracked 
|  97|0x0000000086100000, 0x0000000086100000, 0x0000000086200000|  0%| F|  |TAMS 0x0000000086100000, 0x0000000086100000| Untracked 
|  98|0x0000000086200000, 0x0000000086200000, 0x0000000086300000|  0%| F|  |TAMS 0x0000000086200000, 0x0000000086200000| Untracked 
|  99|0x0000000086300000, 0x0000000086300000, 0x0000000086400000|  0%| F|  |TAMS 0x0000000086300000, 0x0000000086300000| Untracked 
| 100|0x0000000086400000, 0x0000000086400000, 0x0000000086500000|  0%| F|  |TAMS 0x0000000086400000, 0x0000000086400000| Untracked 
| 101|0x0000000086500000, 0x0000000086500000, 0x0000000086600000|  0%| F|  |TAMS 0x0000000086500000, 0x0000000086500000| Untracked 
| 102|0x0000000086600000, 0x0000000086600000, 0x0000000086700000|  0%| F|  |TAMS 0x0000000086600000, 0x0000000086600000| Untracked 
| 103|0x0000000086700000, 0x0000000086700000, 0x0000000086800000|  0%| F|  |TAMS 0x0000000086700000, 0x0000000086700000| Untracked 
| 104|0x0000000086800000, 0x0000000086800000, 0x0000000086900000|  0%| F|  |TAMS 0x0000000086800000, 0x0000000086800000| Untracked 
| 105|0x0000000086900000, 0x0000000086900000, 0x0000000086a00000|  0%| F|  |TAMS 0x0000000086900000, 0x0000000086900000| Untracked 
| 106|0x0000000086a00000, 0x0000000086a00000, 0x0000000086b00000|  0%| F|  |TAMS 0x0000000086a00000, 0x0000000086a00000| Untracked 
| 107|0x0000000086b00000, 0x0000000086b00000, 0x0000000086c00000|  0%| F|  |TAMS 0x0000000086b00000, 0x0000000086b00000| Untracked 
| 108|0x0000000086c00000, 0x0000000086c00000, 0x0000000086d00000|  0%| F|  |TAMS 0x0000000086c00000, 0x0000000086c00000| Untracked 
| 109|0x0000000086d00000, 0x0000000086d00000, 0x0000000086e00000|  0%| F|  |TAMS 0x0000000086d00000, 0x0000000086d00000| Untracked 
| 110|0x0000000086e00000, 0x0000000086e00000, 0x0000000086f00000|  0%| F|  |TAMS 0x0000000086e00000, 0x0000000086e00000| Untracked 
| 111|0x0000000086f00000, 0x0000000086f00000, 0x0000000087000000|  0%| F|  |TAMS 0x0000000086f00000, 0x0000000086f00000| Untracked 
| 112|0x0000000087000000, 0x0000000087000000, 0x0000000087100000|  0%| F|  |TAMS 0x0000000087000000, 0x0000000087000000| Untracked 
| 113|0x0000000087100000, 0x0000000087100000, 0x0000000087200000|  0%| F|  |TAMS 0x0000000087100000, 0x0000000087100000| Untracked 
| 114|0x0000000087200000, 0x0000000087200000, 0x0000000087300000|  0%| F|  |TAMS 0x0000000087200000, 0x0000000087200000| Untracked 
| 115|0x0000000087300000, 0x0000000087300000, 0x0000000087400000|  0%| F|  |TAMS 0x0000000087300000, 0x0000000087300000| Untracked 
| 116|0x0000000087400000, 0x0000000087400000, 0x0000000087500000|  0%| F|  |TAMS 0x0000000087400000, 0x0000000087400000| Untracked 
| 117|0x0000000087500000, 0x0000000087500000, 0x0000000087600000|  0%| F|  |TAMS 0x0000000087500000, 0x0000000087500000| Untracked 
| 118|0x0000000087600000, 0x0000000087600000, 0x0000000087700000|  0%| F|  |TAMS 0x0000000087600000, 0x0000000087600000| Untracked 
| 119|0x0000000087700000, 0x0000000087700000, 0x0000000087800000|  0%| F|  |TAMS 0x0000000087700000, 0x0000000087700000| Untracked 
| 120|0x0000000087800000, 0x0000000087800000, 0x0000000087900000|  0%| F|  |TAMS 0x0000000087800000, 0x0000000087800000| Untracked 
| 121|0x0000000087900000, 0x0000000087900000, 0x0000000087a00000|  0%| F|  |TAMS 0x0000000087900000, 0x0000000087900000| Untracked 
| 122|0x0000000087a00000, 0x0000000087a00000, 0x0000000087b00000|  0%| F|  |TAMS 0x0000000087a00000, 0x0000000087a00000| Untracked 
| 123|0x0000000087b00000, 0x0000000087b00000, 0x0000000087c00000|  0%| F|  |TAMS 0x0000000087b00000, 0x0000000087b00000| Untracked 
| 124|0x0000000087c00000, 0x0000000087c00000, 0x0000000087d00000|  0%| F|  |TAMS 0x0000000087c00000, 0x0000000087c00000| Untracked 
| 125|0x0000000087d00000, 0x0000000087d00000, 0x0000000087e00000|  0%| F|  |TAMS 0x0000000087d00000, 0x0000000087d00000| Untracked 
| 126|0x0000000087e00000, 0x0000000087e00000, 0x0000000087f00000|  0%| F|  |TAMS 0x0000000087e00000, 0x0000000087e00000| Untracked 
| 127|0x0000000087f00000, 0x0000000087f00000, 0x0000000088000000|  0%| F|  |TAMS 0x0000000087f00000, 0x0000000087f00000| Untracked 
| 128|0x0000000088000000, 0x0000000088000000, 0x0000000088100000|  0%| F|  |TAMS 0x0000000088000000, 0x0000000088000000| Untracked 
| 129|0x0000000088100000, 0x0000000088128de8, 0x0000000088200000| 15%| S|CS|TAMS 0x0000000088100000, 0x0000000088100000| Complete 
| 130|0x0000000088200000, 0x0000000088300000, 0x0000000088300000|100%| S|CS|TAMS 0x0000000088200000, 0x0000000088200000| Complete 
| 131|0x0000000088300000, 0x0000000088400000, 0x0000000088400000|100%| S|CS|TAMS 0x0000000088300000, 0x0000000088300000| Complete 
| 132|0x0000000088400000, 0x0000000088500000, 0x0000000088500000|100%| S|CS|TAMS 0x0000000088400000, 0x0000000088400000| Complete 
| 133|0x0000000088500000, 0x0000000088600000, 0x0000000088600000|100%| S|CS|TAMS 0x0000000088500000, 0x0000000088500000| Complete 
| 134|0x0000000088600000, 0x0000000088600000, 0x0000000088700000|  0%| F|  |TAMS 0x0000000088600000, 0x0000000088600000| Untracked 
| 135|0x0000000088700000, 0x0000000088700000, 0x0000000088800000|  0%| F|  |TAMS 0x0000000088700000, 0x0000000088700000| Untracked 
| 136|0x0000000088800000, 0x0000000088800000, 0x0000000088900000|  0%| F|  |TAMS 0x0000000088800000, 0x0000000088800000| Untracked 
| 137|0x0000000088900000, 0x0000000088900000, 0x0000000088a00000|  0%| F|  |TAMS 0x0000000088900000, 0x0000000088900000| Untracked 
| 138|0x0000000088a00000, 0x0000000088a00000, 0x0000000088b00000|  0%| F|  |TAMS 0x0000000088a00000, 0x0000000088a00000| Untracked 
| 139|0x0000000088b00000, 0x0000000088b00000, 0x0000000088c00000|  0%| F|  |TAMS 0x0000000088b00000, 0x0000000088b00000| Untracked 
| 140|0x0000000088c00000, 0x0000000088c00000, 0x0000000088d00000|  0%| F|  |TAMS 0x0000000088c00000, 0x0000000088c00000| Untracked 
| 141|0x0000000088d00000, 0x0000000088d00000, 0x0000000088e00000|  0%| F|  |TAMS 0x0000000088d00000, 0x0000000088d00000| Untracked 
| 142|0x0000000088e00000, 0x0000000088e00000, 0x0000000088f00000|  0%| F|  |TAMS 0x0000000088e00000, 0x0000000088e00000| Untracked 
| 143|0x0000000088f00000, 0x0000000088f00000, 0x0000000089000000|  0%| F|  |TAMS 0x0000000088f00000, 0x0000000088f00000| Untracked 
| 144|0x0000000089000000, 0x0000000089000000, 0x0000000089100000|  0%| F|  |TAMS 0x0000000089000000, 0x0000000089000000| Untracked 
| 145|0x0000000089100000, 0x0000000089100000, 0x0000000089200000|  0%| F|  |TAMS 0x0000000089100000, 0x0000000089100000| Untracked 
| 146|0x0000000089200000, 0x0000000089200000, 0x0000000089300000|  0%| F|  |TAMS 0x0000000089200000, 0x0000000089200000| Untracked 
| 147|0x0000000089300000, 0x0000000089300000, 0x0000000089400000|  0%| F|  |TAMS 0x0000000089300000, 0x0000000089300000| Untracked 
| 148|0x0000000089400000, 0x0000000089400000, 0x0000000089500000|  0%| F|  |TAMS 0x0000000089400000, 0x0000000089400000| Untracked 
| 149|0x0000000089500000, 0x0000000089500000, 0x0000000089600000|  0%| F|  |TAMS 0x0000000089500000, 0x0000000089500000| Untracked 
| 150|0x0000000089600000, 0x0000000089600000, 0x0000000089700000|  0%| F|  |TAMS 0x0000000089600000, 0x0000000089600000| Untracked 
| 151|0x0000000089700000, 0x0000000089700000, 0x0000000089800000|  0%| F|  |TAMS 0x0000000089700000, 0x0000000089700000| Untracked 
| 152|0x0000000089800000, 0x0000000089800000, 0x0000000089900000|  0%| F|  |TAMS 0x0000000089800000, 0x0000000089800000| Untracked 
| 153|0x0000000089900000, 0x0000000089900000, 0x0000000089a00000|  0%| F|  |TAMS 0x0000000089900000, 0x0000000089900000| Untracked 
| 154|0x0000000089a00000, 0x0000000089a00000, 0x0000000089b00000|  0%| F|  |TAMS 0x0000000089a00000, 0x0000000089a00000| Untracked 
| 155|0x0000000089b00000, 0x0000000089b00000, 0x0000000089c00000|  0%| F|  |TAMS 0x0000000089b00000, 0x0000000089b00000| Untracked 
| 156|0x0000000089c00000, 0x0000000089c00000, 0x0000000089d00000|  0%| F|  |TAMS 0x0000000089c00000, 0x0000000089c00000| Untracked 
| 157|0x0000000089d00000, 0x0000000089d00000, 0x0000000089e00000|  0%| F|  |TAMS 0x0000000089d00000, 0x0000000089d00000| Untracked 
| 158|0x0000000089e00000, 0x0000000089e00000, 0x0000000089f00000|  0%| F|  |TAMS 0x0000000089e00000, 0x0000000089e00000| Untracked 
| 159|0x0000000089f00000, 0x0000000089f00000, 0x000000008a000000|  0%| F|  |TAMS 0x0000000089f00000, 0x0000000089f00000| Untracked 
| 160|0x000000008a000000, 0x000000008a088f88, 0x000000008a100000| 53%| E|  |TAMS 0x000000008a000000, 0x000000008a000000| Complete 
| 161|0x000000008a100000, 0x000000008a200000, 0x000000008a200000|100%| E|CS|TAMS 0x000000008a100000, 0x000000008a100000| Complete 
| 162|0x000000008a200000, 0x000000008a300000, 0x000000008a300000|100%| E|CS|TAMS 0x000000008a200000, 0x000000008a200000| Complete 
| 163|0x000000008a300000, 0x000000008a400000, 0x000000008a400000|100%| E|CS|TAMS 0x000000008a300000, 0x000000008a300000| Complete 
| 164|0x000000008a400000, 0x000000008a500000, 0x000000008a500000|100%| E|CS|TAMS 0x000000008a400000, 0x000000008a400000| Complete 
| 165|0x000000008a500000, 0x000000008a600000, 0x000000008a600000|100%| E|CS|TAMS 0x000000008a500000, 0x000000008a500000| Complete 
| 166|0x000000008a600000, 0x000000008a700000, 0x000000008a700000|100%| E|CS|TAMS 0x000000008a600000, 0x000000008a600000| Complete 
| 167|0x000000008a700000, 0x000000008a800000, 0x000000008a800000|100%| E|CS|TAMS 0x000000008a700000, 0x000000008a700000| Complete 
| 168|0x000000008a800000, 0x000000008a900000, 0x000000008a900000|100%| E|CS|TAMS 0x000000008a800000, 0x000000008a800000| Complete 
| 169|0x000000008a900000, 0x000000008aa00000, 0x000000008aa00000|100%| E|CS|TAMS 0x000000008a900000, 0x000000008a900000| Complete 
| 170|0x000000008aa00000, 0x000000008ab00000, 0x000000008ab00000|100%| E|CS|TAMS 0x000000008aa00000, 0x000000008aa00000| Complete 
| 171|0x000000008ab00000, 0x000000008ac00000, 0x000000008ac00000|100%| E|CS|TAMS 0x000000008ab00000, 0x000000008ab00000| Complete 
| 172|0x000000008ac00000, 0x000000008ad00000, 0x000000008ad00000|100%| E|CS|TAMS 0x000000008ac00000, 0x000000008ac00000| Complete 
| 173|0x000000008ad00000, 0x000000008ae00000, 0x000000008ae00000|100%| E|CS|TAMS 0x000000008ad00000, 0x000000008ad00000| Complete 
| 174|0x000000008ae00000, 0x000000008af00000, 0x000000008af00000|100%| E|CS|TAMS 0x000000008ae00000, 0x000000008ae00000| Complete 

Card table byte_map: [0x00000247f5dd0000,0x00000247f61d0000] _byte_map_base: 0x00000247f59d0000

Marking Bits (Prev, Next): (CMBitMap*) 0x00000247debf1c70, (CMBitMap*) 0x00000247debf1c30
 Prev Bits: [0x00000247f85d0000, 0x00000247fa5d0000)
 Next Bits: [0x00000247f65d0000, 0x00000247f85d0000)

Polling page: 0x00000247dcb10000

Metaspace:

Usage:
  Non-class:     69.42 MB used.
      Class:     11.14 MB used.
       Both:     80.56 MB used.

Virtual space:
  Non-class space:      128.00 MB reserved,      69.81 MB ( 55%) committed,  2 nodes.
      Class space:      416.00 MB reserved,      11.44 MB (  3%) committed,  1 nodes.
             Both:      544.00 MB reserved,      81.25 MB ( 15%) committed. 

Chunk freelists:
   Non-Class:  10.03 MB
       Class:  4.45 MB
        Both:  14.46 MB

MaxMetaspaceSize: 512.00 MB
CompressedClassSpaceSize: 416.00 MB
Initial GC threshold: 21.00 MB
Current GC threshold: 133.56 MB
CDS: on
MetaspaceReclaimPolicy: balanced
 - commit_granule_bytes: 65536.
 - commit_granule_words: 8192.
 - virtual_space_node_default_size: 8388608.
 - enlarge_chunks_in_place: 1.
 - new_chunks_are_fully_committed: 0.
 - uncommit_free_chunks: 1.
 - use_allocation_guard: 0.
 - handle_deallocations: 1.


Internal statistics:

num_allocs_failed_limit: 6.
num_arena_births: 904.
num_arena_deaths: 0.
num_vsnodes_births: 3.
num_vsnodes_deaths: 0.
num_space_committed: 1300.
num_space_uncommitted: 0.
num_chunks_returned_to_freelist: 6.
num_chunks_taken_from_freelist: 4151.
num_chunk_merges: 6.
num_chunk_splits: 2755.
num_chunks_enlarged: 1870.
num_inconsistent_stats: 0.

CodeHeap 'non-profiled nmethods': size=120000Kb used=5193Kb max_used=5193Kb free=114806Kb
 bounds [0x00000247ee170000, 0x00000247ee690000, 0x00000247f56a0000]
CodeHeap 'profiled nmethods': size=120000Kb used=18124Kb max_used=18124Kb free=101875Kb
 bounds [0x00000247e66a0000, 0x00000247e7860000, 0x00000247edbd0000]
CodeHeap 'non-nmethods': size=5760Kb used=2421Kb max_used=2478Kb free=3338Kb
 bounds [0x00000247edbd0000, 0x00000247ede50000, 0x00000247ee170000]
 total_blobs=9935 nmethods=8986 adapters=859
 compilation: enabled
              stopped_count=0, restarted_count=0
 full_count=0

Compilation events (20 events):
Event: 124.573 Thread 0x00000247fd00d9d0 9825       3       java.util.TimSort::reverseRange (32 bytes)
Event: 124.574 Thread 0x00000247fd00d9d0 nmethod 9825 0x00000247e783ce90 code [0x00000247e783d060, 0x00000247e783d578]
Event: 124.640 Thread 0x00000247fd00d9d0 9826       3       java.beans.Introspector::addPropertyDescriptor (265 bytes)
Event: 124.652 Thread 0x00000247fd00d9d0 nmethod 9826 0x00000247e783d710 code [0x00000247e783dd80, 0x00000247e7842818]
Event: 124.669 Thread 0x00000247fd00d9d0 9827   !   3       com.sun.beans.finder.ClassFinder::findClass (43 bytes)
Event: 124.671 Thread 0x00000247fd00d9d0 nmethod 9827 0x00000247e7843b10 code [0x00000247e7843da0, 0x00000247e7844a18]
Event: 124.674 Thread 0x00000247fd00d9d0 9828       3       com.sun.beans.introspect.EventSetInfo::get (373 bytes)
Event: 124.682 Thread 0x00000247fd00d9d0 nmethod 9828 0x00000247e7844f10 code [0x00000247e78455e0, 0x00000247e7849288]
Event: 124.691 Thread 0x00000247fd00d9d0 9830       3       com.sun.beans.introspect.PropertyInfo::isPrefix (25 bytes)
Event: 124.691 Thread 0x00000247fd00d9d0 nmethod 9830 0x00000247e784a610 code [0x00000247e784a7e0, 0x00000247e784ac08]
Event: 124.693 Thread 0x00000247fd00d9d0 9831       3       java.util.HashMap$Values::iterator (12 bytes)
Event: 124.694 Thread 0x00000247fd00d9d0 nmethod 9831 0x00000247e784ae10 code [0x00000247e784afc0, 0x00000247e784b228]
Event: 124.700 Thread 0x00000247fd00d9d0 9832       1       org.codehaus.groovy.runtime.metaclass.MultipleSetterProperty::setGetter (6 bytes)
Event: 124.701 Thread 0x00000247fd00d9d0 nmethod 9832 0x00000247ee681710 code [0x00000247ee6818a0, 0x00000247ee6819b8]
Event: 124.703 Thread 0x00000247fd00d9d0 9833       3       org.codehaus.groovy.runtime.MetaClassHelper::getMaximumInterfaceDistance (101 bytes)
Event: 124.704 Thread 0x00000247fd00d9d0 nmethod 9833 0x00000247e784b310 code [0x00000247e784b520, 0x00000247e784bad8]
Event: 124.728 Thread 0x00000247fd00d9d0 9834       3       java.util.Collections$UnmodifiableMap::get (11 bytes)
Event: 124.729 Thread 0x00000247fd00d9d0 nmethod 9834 0x00000247e784bd90 code [0x00000247e784bf40, 0x00000247e784c108]
Event: 124.765 Thread 0x00000247fd00d9d0 9836       3       org.gradle.api.internal.model.DefaultObjectFactory::named (10 bytes)
Event: 124.766 Thread 0x00000247fd00d9d0 nmethod 9836 0x00000247e784c210 code [0x00000247e784c3c0, 0x00000247e784c528]

GC Heap History (20 events):
Event: 108.017 GC heap before
{Heap before GC invocations=43 (full 0):
 garbage-first heap   total 142336K, used 97429K [0x0000000080000000, 0x0000000100000000)
  region size 1024K, 19 young (19456K), 2 survivors (2048K)
 Metaspace       used 72370K, committed 73152K, reserved 491520K
  class space    used 10128K, committed 10496K, reserved 425984K
}
Event: 108.021 GC heap after
{Heap after GC invocations=44 (full 0):
 garbage-first heap   total 142336K, used 82851K [0x0000000080000000, 0x0000000100000000)
  region size 1024K, 3 young (3072K), 3 survivors (3072K)
 Metaspace       used 72370K, committed 73152K, reserved 491520K
  class space    used 10128K, committed 10496K, reserved 425984K
}
Event: 108.167 GC heap before
{Heap before GC invocations=44 (full 0):
 garbage-first heap   total 142336K, used 85923K [0x0000000080000000, 0x0000000100000000)
  region size 1024K, 6 young (6144K), 3 survivors (3072K)
 Metaspace       used 72641K, committed 73344K, reserved 491520K
  class space    used 10158K, committed 10496K, reserved 425984K
}
Event: 108.173 GC heap after
{Heap after GC invocations=45 (full 0):
 garbage-first heap   total 142336K, used 82727K [0x0000000080000000, 0x0000000100000000)
  region size 1024K, 1 young (1024K), 1 survivors (1024K)
 Metaspace       used 72641K, committed 73344K, reserved 491520K
  class space    used 10158K, committed 10496K, reserved 425984K
}
Event: 110.400 GC heap before
{Heap before GC invocations=45 (full 0):
 garbage-first heap   total 142336K, used 103207K [0x0000000080000000, 0x0000000100000000)
  region size 1024K, 22 young (22528K), 1 survivors (1024K)
 Metaspace       used 74549K, committed 75264K, reserved 491520K
  class space    used 10349K, committed 10688K, reserved 425984K
}
Event: 110.406 GC heap after
{Heap after GC invocations=46 (full 0):
 garbage-first heap   total 142336K, used 83226K [0x0000000080000000, 0x0000000100000000)
  region size 1024K, 1 young (1024K), 1 survivors (1024K)
 Metaspace       used 74549K, committed 75264K, reserved 491520K
  class space    used 10349K, committed 10688K, reserved 425984K
}
Event: 112.810 GC heap before
{Heap before GC invocations=47 (full 0):
 garbage-first heap   total 142336K, used 106778K [0x0000000080000000, 0x0000000100000000)
  region size 1024K, 24 young (24576K), 1 survivors (1024K)
 Metaspace       used 76085K, committed 76800K, reserved 557056K
  class space    used 10550K, committed 10880K, reserved 425984K
}
Event: 112.815 GC heap after
{Heap after GC invocations=48 (full 0):
 garbage-first heap   total 142336K, used 86122K [0x0000000080000000, 0x0000000100000000)
  region size 1024K, 3 young (3072K), 3 survivors (3072K)
 Metaspace       used 76085K, committed 76800K, reserved 557056K
  class space    used 10550K, committed 10880K, reserved 425984K
}
Event: 112.891 GC heap before
{Heap before GC invocations=48 (full 0):
 garbage-first heap   total 142336K, used 92266K [0x0000000080000000, 0x0000000100000000)
  region size 1024K, 6 young (6144K), 3 survivors (3072K)
 Metaspace       used 76085K, committed 76800K, reserved 557056K
  class space    used 10550K, committed 10880K, reserved 425984K
}
Event: 112.896 GC heap after
{Heap after GC invocations=49 (full 0):
 garbage-first heap   total 142336K, used 89105K [0x0000000080000000, 0x0000000100000000)
  region size 1024K, 1 young (1024K), 1 survivors (1024K)
 Metaspace       used 76085K, committed 76800K, reserved 557056K
  class space    used 10550K, committed 10880K, reserved 425984K
}
Event: 112.980 GC heap before
{Heap before GC invocations=49 (full 0):
 garbage-first heap   total 142336K, used 93201K [0x0000000080000000, 0x0000000100000000)
  region size 1024K, 6 young (6144K), 1 survivors (1024K)
 Metaspace       used 76095K, committed 76864K, reserved 557056K
  class space    used 10551K, committed 10880K, reserved 425984K
}
Event: 112.985 GC heap after
{Heap after GC invocations=50 (full 0):
 garbage-first heap   total 179200K, used 90430K [0x0000000080000000, 0x0000000100000000)
  region size 1024K, 3 young (3072K), 3 survivors (3072K)
 Metaspace       used 76095K, committed 76864K, reserved 557056K
  class space    used 10551K, committed 10880K, reserved 425984K
}
Event: 116.151 GC heap before
{Heap before GC invocations=51 (full 0):
 garbage-first heap   total 179200K, used 126270K [0x0000000080000000, 0x0000000100000000)
  region size 1024K, 36 young (36864K), 3 survivors (3072K)
 Metaspace       used 78225K, committed 79040K, reserved 557056K
  class space    used 10835K, committed 11200K, reserved 425984K
}
Event: 116.158 GC heap after
{Heap after GC invocations=52 (full 0):
 garbage-first heap   total 179200K, used 92597K [0x0000000080000000, 0x0000000100000000)
  region size 1024K, 4 young (4096K), 4 survivors (4096K)
 Metaspace       used 78225K, committed 79040K, reserved 557056K
  class space    used 10835K, committed 11200K, reserved 425984K
}
Event: 116.432 GC heap before
{Heap before GC invocations=52 (full 0):
 garbage-first heap   total 179200K, used 96693K [0x0000000080000000, 0x0000000100000000)
  region size 1024K, 8 young (8192K), 4 survivors (4096K)
 Metaspace       used 78454K, committed 79232K, reserved 557056K
  class space    used 10864K, committed 11200K, reserved 425984K
}
Event: 116.437 GC heap after
{Heap after GC invocations=53 (full 0):
 garbage-first heap   total 179200K, used 92559K [0x0000000080000000, 0x0000000100000000)
  region size 1024K, 1 young (1024K), 1 survivors (1024K)
 Metaspace       used 78454K, committed 79232K, reserved 557056K
  class space    used 10864K, committed 11200K, reserved 425984K
}
Event: 120.416 GC heap before
{Heap before GC invocations=53 (full 0):
 garbage-first heap   total 179200K, used 129423K [0x0000000080000000, 0x0000000100000000)
  region size 1024K, 37 young (37888K), 1 survivors (1024K)
 Metaspace       used 81280K, committed 81984K, reserved 557056K
  class space    used 11243K, committed 11584K, reserved 425984K
}
Event: 120.421 GC heap after
{Heap after GC invocations=54 (full 0):
 garbage-first heap   total 179200K, used 93526K [0x0000000080000000, 0x0000000100000000)
  region size 1024K, 2 young (2048K), 2 survivors (2048K)
 Metaspace       used 81280K, committed 81984K, reserved 557056K
  class space    used 11243K, committed 11584K, reserved 425984K
}
Event: 123.765 GC heap before
{Heap before GC invocations=55 (full 0):
 garbage-first heap   total 179200K, used 129366K [0x0000000080000000, 0x0000000100000000)
  region size 1024K, 41 young (41984K), 2 survivors (2048K)
 Metaspace       used 82401K, committed 83072K, reserved 557056K
  class space    used 11396K, committed 11712K, reserved 425984K
}
Event: 123.775 GC heap after
{Heap after GC invocations=56 (full 0):
 garbage-first heap   total 179200K, used 92085K [0x0000000080000000, 0x0000000100000000)
  region size 1024K, 5 young (5120K), 5 survivors (5120K)
 Metaspace       used 82401K, committed 83072K, reserved 557056K
  class space    used 11396K, committed 11712K, reserved 425984K
}

Dll operation events (15 events):
Event: 0.045 Loaded shared library C:\Program Files\Microsoft\jdk-17.0.10.7-hotspot\bin\java.dll
Event: 0.132 Loaded shared library C:\Program Files\Microsoft\jdk-17.0.10.7-hotspot\bin\jsvml.dll
Event: 0.264 Loaded shared library C:\Program Files\Microsoft\jdk-17.0.10.7-hotspot\bin\zip.dll
Event: 0.275 Loaded shared library C:\Program Files\Microsoft\jdk-17.0.10.7-hotspot\bin\instrument.dll
Event: 0.287 Loaded shared library C:\Program Files\Microsoft\jdk-17.0.10.7-hotspot\bin\net.dll
Event: 0.294 Loaded shared library C:\Program Files\Microsoft\jdk-17.0.10.7-hotspot\bin\nio.dll
Event: 0.304 Loaded shared library C:\Program Files\Microsoft\jdk-17.0.10.7-hotspot\bin\zip.dll
Event: 1.396 Loaded shared library C:\Program Files\Microsoft\jdk-17.0.10.7-hotspot\bin\jimage.dll
Event: 1.696 Loaded shared library C:\Program Files\Microsoft\jdk-17.0.10.7-hotspot\bin\verify.dll
Event: 2.516 Loaded shared library C:\Users\razer\.gradle\native\68d5fa5c4cc2d200863cafc0d521ce42e7d3e7ee720ec0a83991735586a16f82\windows-amd64\native-platform.dll
Event: 2.561 Loaded shared library C:\Users\razer\.gradle\native\e376f236ea51e6404a007f0833ffe2c6e607c4080706a723a18a27aeea778392\windows-amd64\native-platform-file-events.dll
Event: 7.018 Loaded shared library C:\Program Files\Microsoft\jdk-17.0.10.7-hotspot\bin\management.dll
Event: 7.030 Loaded shared library C:\Program Files\Microsoft\jdk-17.0.10.7-hotspot\bin\management_ext.dll
Event: 8.272 Loaded shared library C:\Program Files\Microsoft\jdk-17.0.10.7-hotspot\bin\extnet.dll
Event: 9.935 Loaded shared library C:\Program Files\Microsoft\jdk-17.0.10.7-hotspot\bin\sunmscapi.dll

Deoptimization events (20 events):
Event: 124.093 Thread 0x00000247fd3f4080 DEOPT PACKING pc=0x00000247ee678d20 sp=0x00000075384efa10
Event: 124.094 Thread 0x00000247fd3f4080 DEOPT UNPACKING pc=0x00000247edc269a3 sp=0x00000075384ef910 mode 2
Event: 124.175 Thread 0x00000247fd3f4080 Uncommon trap: trap_request=0xfffffff4 fr.pc=0x00000247ee67b748 relative=0x0000000000000128
Event: 124.175 Thread 0x00000247fd3f4080 Uncommon trap: reason=null_check action=make_not_entrant pc=0x00000247ee67b748 method=java.lang.PublicMethods$MethodList.getMostSpecific()Ljava/lang/reflect/Method; @ 41 c2
Event: 124.175 Thread 0x00000247fd3f4080 DEOPT PACKING pc=0x00000247ee67b748 sp=0x00000075384ef9f0
Event: 124.175 Thread 0x00000247fd3f4080 DEOPT UNPACKING pc=0x00000247edc269a3 sp=0x00000075384ef908 mode 2
Event: 124.544 Thread 0x00000247fd3f4080 Uncommon trap: trap_request=0xffffff45 fr.pc=0x00000247ee37475c relative=0x0000000000000fdc
Event: 124.544 Thread 0x00000247fd3f4080 Uncommon trap: reason=unstable_if action=reinterpret pc=0x00000247ee37475c method=org.codehaus.groovy.runtime.metaclass.MetaMethodIndex.isOverridden(Lgroovy/lang/MetaMethod;Lgroovy/lang/MetaMethod;)Z @ 52 c2
Event: 124.544 Thread 0x00000247fd3f4080 DEOPT PACKING pc=0x00000247ee37475c sp=0x00000075384f0d40
Event: 124.544 Thread 0x00000247fd3f4080 DEOPT UNPACKING pc=0x00000247edc269a3 sp=0x00000075384f0c98 mode 2
Event: 124.701 Thread 0x00000247fd3f4080 Uncommon trap: trap_request=0xffffffc6 fr.pc=0x00000247ee65af20 relative=0x0000000000000660
Event: 124.701 Thread 0x00000247fd3f4080 Uncommon trap: reason=bimorphic_or_optimized_type_check action=maybe_recompile pc=0x00000247ee65af20 method=org.codehaus.groovy.util.SingleKeyHashMap.get(Ljava/lang/Object;)Ljava/lang/Object; @ 43 c2
Event: 124.701 Thread 0x00000247fd3f4080 DEOPT PACKING pc=0x00000247ee65af20 sp=0x00000075384f0ec0
Event: 124.701 Thread 0x00000247fd3f4080 DEOPT UNPACKING pc=0x00000247edc269a3 sp=0x00000075384f0e58 mode 2
Event: 124.710 Thread 0x00000247fd3f4080 Uncommon trap: trap_request=0xffffffc6 fr.pc=0x00000247ee65af20 relative=0x0000000000000660
Event: 124.710 Thread 0x00000247fd3f4080 Uncommon trap: reason=bimorphic_or_optimized_type_check action=maybe_recompile pc=0x00000247ee65af20 method=org.codehaus.groovy.util.SingleKeyHashMap.get(Ljava/lang/Object;)Ljava/lang/Object; @ 43 c2
Event: 124.710 Thread 0x00000247fd3f4080 DEOPT PACKING pc=0x00000247ee65af20 sp=0x00000075384f0ec0
Event: 124.710 Thread 0x00000247fd3f4080 DEOPT UNPACKING pc=0x00000247edc269a3 sp=0x00000075384f0e58 mode 2
Event: 124.759 Thread 0x00000247fd3f4080 DEOPT PACKING pc=0x00000247e72db41d sp=0x00000075384f5f30
Event: 124.759 Thread 0x00000247fd3f4080 DEOPT UNPACKING pc=0x00000247edc27143 sp=0x00000075384f5458 mode 0

Classes unloaded (0 events):
No events

Classes redefined (0 events):
No events

Internal exceptions (20 events):
Event: 123.956 Thread 0x00000247fd3f4080 Exception <a 'java/lang/ClassNotFoundException'{0x000000008adf6088}: com/android/builder/signing/DefaultSigningConfigBeanInfo> (0x000000008adf6088) 
thrown [s\src\hotspot\share\classfile\systemDictionary.cpp, line 256]
Event: 123.959 Thread 0x00000247fd3f4080 Exception <a 'java/lang/ClassNotFoundException'{0x000000008ac07f50}: com/android/builder/signing/DefaultSigningConfigCustomizer> (0x000000008ac07f50) 
thrown [s\src\hotspot\share\classfile\systemDictionary.cpp, line 256]
Event: 123.963 Thread 0x00000247fd3f4080 Exception <a 'java/lang/ClassNotFoundException'{0x000000008ac30d00}: com/android/build/gradle/internal/dsl/SigningConfigCustomizer> (0x000000008ac30d00) 
thrown [s\src\hotspot\share\classfile\systemDictionary.cpp, line 256]
Event: 123.966 Thread 0x00000247fd3f4080 Exception <a 'java/lang/ClassNotFoundException'{0x000000008ac49e58}: com/android/build/gradle/internal/dsl/SigningConfig$AgpDecoratedCustomizer> (0x000000008ac49e58) 
thrown [s\src\hotspot\share\classfile\systemDictionary.cpp, line 256]
Event: 123.969 Thread 0x00000247fd3f4080 Exception <a 'java/lang/ClassNotFoundException'{0x000000008ac7f290}: com/android/build/gradle/internal/dsl/SigningConfig$AgpDecorated_DecoratedCustomizer> (0x000000008ac7f290) 
thrown [s\src\hotspot\share\classfile\systemDictionary.cpp, line 256]
Event: 123.973 Thread 0x00000247fd3f4080 Exception <a 'java/lang/ClassNotFoundException'{0x000000008ace9d40}: build_1qbn0yd69i5nycqxiaz89i358$_run_closure2$_closure5BeanInfo> (0x000000008ace9d40) 
thrown [s\src\hotspot\share\classfile\systemDictionary.cpp, line 256]
Event: 123.975 Thread 0x00000247fd3f4080 Exception <a 'java/lang/ClassNotFoundException'{0x000000008acf7aa8}: build_1qbn0yd69i5nycqxiaz89i358$_run_closure2$_closure5Customizer> (0x000000008acf7aa8) 
thrown [s\src\hotspot\share\classfile\systemDictionary.cpp, line 256]
Event: 124.056 Thread 0x00000247fd3f4080 Exception <a 'java/lang/ClassNotFoundException'{0x000000008ab1f0e0}: build_1qbn0yd69i5nycqxiaz89i358$_run_closure2BeanInfo> (0x000000008ab1f0e0) 
thrown [s\src\hotspot\share\classfile\systemDictionary.cpp, line 256]
Event: 124.057 Thread 0x00000247fd3f4080 Exception <a 'java/lang/ClassNotFoundException'{0x000000008ab2cd80}: build_1qbn0yd69i5nycqxiaz89i358$_run_closure2Customizer> (0x000000008ab2cd80) 
thrown [s\src\hotspot\share\classfile\systemDictionary.cpp, line 256]
Event: 124.093 Thread 0x00000247fd3f4080 Implicit null exception at 0x00000247ee6764a9 to 0x00000247ee678ce0
Event: 124.559 Thread 0x00000247fd3f4080 Exception <a 'java/lang/ClassNotFoundException'{0x000000008a4d7a38}: com/android/build/gradle/internal/dsl/BuildType$AgpDecorated_DecoratedBeanInfo> (0x000000008a4d7a38) 
thrown [s\src\hotspot\share\classfile\systemDictionary.cpp, line 256]
Event: 124.561 Thread 0x00000247fd3f4080 Exception <a 'java/lang/ClassNotFoundException'{0x000000008a4e8bb0}: com/android/build/gradle/internal/dsl/BuildType$AgpDecoratedBeanInfo> (0x000000008a4e8bb0) 
thrown [s\src\hotspot\share\classfile\systemDictionary.cpp, line 256]
Event: 124.564 Thread 0x00000247fd3f4080 Exception <a 'java/lang/ClassNotFoundException'{0x000000008a4f9bb8}: com/android/build/gradle/internal/dsl/BuildTypeBeanInfo> (0x000000008a4f9bb8) 
thrown [s\src\hotspot\share\classfile\systemDictionary.cpp, line 256]
Event: 124.567 Thread 0x00000247fd3f4080 Exception <a 'java/lang/ClassNotFoundException'{0x000000008a30b150}: com/android/builder/core/AbstractBuildTypeBeanInfo> (0x000000008a30b150) 
thrown [s\src\hotspot\share\classfile\systemDictionary.cpp, line 256]
Event: 124.569 Thread 0x00000247fd3f4080 Exception <a 'java/lang/ClassNotFoundException'{0x000000008a31bf20}: com/android/builder/core/AbstractBuildTypeCustomizer> (0x000000008a31bf20) 
thrown [s\src\hotspot\share\classfile\systemDictionary.cpp, line 256]
Event: 124.572 Thread 0x00000247fd3f4080 Exception <a 'java/lang/ClassNotFoundException'{0x000000008a349740}: com/android/build/gradle/internal/dsl/BuildTypeCustomizer> (0x000000008a349740) 
thrown [s\src\hotspot\share\classfile\systemDictionary.cpp, line 256]
Event: 124.638 Thread 0x00000247fd3f4080 Exception <a 'java/lang/ClassNotFoundException'{0x000000008a3d7478}: com/android/build/gradle/internal/dsl/BuildType$AgpDecoratedCustomizer> (0x000000008a3d7478) 
thrown [s\src\hotspot\share\classfile\systemDictionary.cpp, line 256]
Event: 124.672 Thread 0x00000247fd3f4080 Exception <a 'java/lang/ClassNotFoundException'{0x000000008a22d8e8}: com/android/build/gradle/internal/dsl/BuildType$AgpDecorated_DecoratedCustomizer> (0x000000008a22d8e8) 
thrown [s\src\hotspot\share\classfile\systemDictionary.cpp, line 256]
Event: 124.723 Thread 0x00000247fd3f4080 Exception <a 'java/lang/ClassNotFoundException'{0x000000008a11f1f8}: build_1qbn0yd69i5nycqxiaz89i358$_run_closure2$_closure6BeanInfo> (0x000000008a11f1f8) 
thrown [s\src\hotspot\share\classfile\systemDictionary.cpp, line 256]
Event: 124.726 Thread 0x00000247fd3f4080 Exception <a 'java/lang/ClassNotFoundException'{0x000000008a12cf60}: build_1qbn0yd69i5nycqxiaz89i358$_run_closure2$_closure6Customizer> (0x000000008a12cf60) 
thrown [s\src\hotspot\share\classfile\systemDictionary.cpp, line 256]

VM Operations (20 events):
Event: 119.463 Executing VM operation: Cleanup
Event: 119.586 Executing VM operation: Cleanup done
Event: 120.326 Executing VM operation: HandshakeAllThreads
Event: 120.341 Executing VM operation: HandshakeAllThreads done
Event: 120.416 Executing VM operation: G1CollectForAllocation
Event: 120.421 Executing VM operation: G1CollectForAllocation done
Event: 120.565 Executing VM operation: G1PauseRemark
Event: 120.578 Executing VM operation: G1PauseRemark done
Event: 120.631 Executing VM operation: G1PauseCleanup
Event: 120.635 Executing VM operation: G1PauseCleanup done
Event: 121.638 Executing VM operation: Cleanup
Event: 121.673 Executing VM operation: Cleanup done
Event: 122.675 Executing VM operation: Cleanup
Event: 122.706 Executing VM operation: Cleanup done
Event: 123.719 Executing VM operation: Cleanup
Event: 123.721 Executing VM operation: Cleanup done
Event: 123.765 Executing VM operation: G1CollectForAllocation
Event: 123.776 Executing VM operation: G1CollectForAllocation done
Event: 124.785 Executing VM operation: Cleanup
Event: 124.785 Executing VM operation: Cleanup done

Events (20 events):
Event: 112.653 loading class java/security/cert/CertPathValidatorException$Reason done
Event: 112.653 loading class java/security/cert/CertPathValidatorException$BasicReason done
Event: 112.737 loading class java/util/Base64
Event: 112.738 loading class java/util/Base64 done
Event: 112.738 loading class java/util/Base64$Decoder
Event: 112.740 loading class java/util/Base64$Decoder done
Event: 112.741 loading class java/util/Base64$Encoder
Event: 112.742 loading class java/util/Base64$Encoder done
Event: 112.745 loading class java/util/jar/JarVerifier$VerifierStream
Event: 112.746 loading class java/util/jar/JarVerifier$VerifierStream done
Event: 112.746 loading class sun/security/util/ManifestEntryVerifier$SunProviderHolder
Event: 112.747 loading class sun/security/util/ManifestEntryVerifier$SunProviderHolder done
Event: 117.700 loading class javax/xml/stream/XMLStreamException
Event: 117.701 loading class javax/xml/stream/XMLStreamException done
Event: 117.831 loading class sun/reflect/annotation/AnnotationInvocationHandler$1
Event: 117.832 loading class sun/reflect/annotation/AnnotationInvocationHandler$1 done
Event: 121.922 loading class java/util/regex/Pattern$Pos
Event: 121.923 loading class java/util/regex/Pattern$Pos done
Event: 123.527 loading class java/beans/IntrospectionException
Event: 123.527 loading class java/beans/IntrospectionException done


Dynamic libraries:
0x00007ff716a20000 - 0x00007ff716a2e000 	C:\Program Files\Microsoft\jdk-17.0.10.7-hotspot\bin\java.exe
0x00007ffb2b1d0000 - 0x00007ffb2b3e7000 	C:\WINDOWS\SYSTEM32\ntdll.dll
0x00007ffb29a90000 - 0x00007ffb29b54000 	C:\WINDOWS\System32\KERNEL32.DLL
0x00007ffb28700000 - 0x00007ffb28aa7000 	C:\WINDOWS\System32\KERNELBASE.dll
0x00007ffb285e0000 - 0x00007ffb286f1000 	C:\WINDOWS\System32\ucrtbase.dll
0x00007ffaf7e50000 - 0x00007ffaf7e6b000 	C:\Program Files\Microsoft\jdk-17.0.10.7-hotspot\bin\VCRUNTIME140.dll
0x00007ffaf8d40000 - 0x00007ffaf8d57000 	C:\Program Files\Microsoft\jdk-17.0.10.7-hotspot\bin\jli.dll
0x00007ffb29710000 - 0x00007ffb298be000 	C:\WINDOWS\System32\USER32.dll
0x00007ffb28ab0000 - 0x00007ffb28ad6000 	C:\WINDOWS\System32\win32u.dll
0x00007ffb299e0000 - 0x00007ffb29a09000 	C:\WINDOWS\System32\GDI32.dll
0x00007ffb28de0000 - 0x00007ffb28ef9000 	C:\WINDOWS\System32\gdi32full.dll
0x00007ffb167d0000 - 0x00007ffb16a63000 	C:\WINDOWS\WinSxS\amd64_microsoft.windows.common-controls_6595b64144ccf1df_6.0.22621.3527_none_270e469b73872a76\COMCTL32.dll
0x00007ffb28d10000 - 0x00007ffb28daa000 	C:\WINDOWS\System32\msvcp_win.dll
0x00007ffb2a500000 - 0x00007ffb2a5a7000 	C:\WINDOWS\System32\msvcrt.dll
0x00007ffb29b70000 - 0x00007ffb29ba1000 	C:\WINDOWS\System32\IMM32.DLL
0x00007ffb19420000 - 0x00007ffb1942c000 	C:\Program Files\Microsoft\jdk-17.0.10.7-hotspot\bin\vcruntime140_1.dll
0x00007ffaf4ab0000 - 0x00007ffaf4b3d000 	C:\Program Files\Microsoft\jdk-17.0.10.7-hotspot\bin\msvcp140.dll
0x00007ffaa7b90000 - 0x00007ffaa87f5000 	C:\Program Files\Microsoft\jdk-17.0.10.7-hotspot\bin\server\jvm.dll
0x00007ffb2a5b0000 - 0x00007ffb2a662000 	C:\WINDOWS\System32\ADVAPI32.dll
0x00007ffb29bb0000 - 0x00007ffb29c58000 	C:\WINDOWS\System32\sechost.dll
0x00007ffb28db0000 - 0x00007ffb28dd8000 	C:\WINDOWS\System32\bcrypt.dll
0x00007ffb298c0000 - 0x00007ffb299d5000 	C:\WINDOWS\System32\RPCRT4.dll
0x00007ffb283b0000 - 0x00007ffb283fd000 	C:\WINDOWS\SYSTEM32\POWRPROF.dll
0x00007ffb176a0000 - 0x00007ffb176a9000 	C:\WINDOWS\SYSTEM32\WSOCK32.dll
0x00007ffb294b0000 - 0x00007ffb29521000 	C:\WINDOWS\System32\WS2_32.dll
0x00007ffb20d70000 - 0x00007ffb20d7a000 	C:\WINDOWS\SYSTEM32\VERSION.dll
0x00007ffb23e70000 - 0x00007ffb23ea4000 	C:\WINDOWS\SYSTEM32\WINMM.dll
0x00007ffb28390000 - 0x00007ffb283a3000 	C:\WINDOWS\SYSTEM32\UMPDC.dll
0x00007ffb274d0000 - 0x00007ffb274e8000 	C:\WINDOWS\SYSTEM32\kernel.appcore.dll
0x00007ffb17700000 - 0x00007ffb1770a000 	C:\Program Files\Microsoft\jdk-17.0.10.7-hotspot\bin\jimage.dll
0x00007ffb25cb0000 - 0x00007ffb25ee2000 	C:\WINDOWS\SYSTEM32\DBGHELP.DLL
0x00007ffb29120000 - 0x00007ffb294a8000 	C:\WINDOWS\System32\combase.dll
0x00007ffb2a0f0000 - 0x00007ffb2a1c7000 	C:\WINDOWS\System32\OLEAUT32.dll
0x00007ffb162b0000 - 0x00007ffb162e2000 	C:\WINDOWS\SYSTEM32\dbgcore.DLL
0x00007ffb284f0000 - 0x00007ffb28569000 	C:\WINDOWS\System32\bcryptPrimitives.dll
0x00007ffb25210000 - 0x00007ffb2521e000 	C:\Program Files\Microsoft\jdk-17.0.10.7-hotspot\bin\instrument.dll
0x00007ffaf48a0000 - 0x00007ffaf48c5000 	C:\Program Files\Microsoft\jdk-17.0.10.7-hotspot\bin\java.dll
0x00007ffac04e0000 - 0x00007ffac05b7000 	C:\Program Files\Microsoft\jdk-17.0.10.7-hotspot\bin\jsvml.dll
0x00007ffb2a880000 - 0x00007ffb2b0dc000 	C:\WINDOWS\System32\SHELL32.dll
0x00007ffb263e0000 - 0x00007ffb26cd6000 	C:\WINDOWS\SYSTEM32\windows.storage.dll
0x00007ffb262a0000 - 0x00007ffb263de000 	C:\WINDOWS\SYSTEM32\wintypes.dll
0x00007ffb29540000 - 0x00007ffb29635000 	C:\WINDOWS\System32\SHCORE.dll
0x00007ffb29640000 - 0x00007ffb2969e000 	C:\WINDOWS\System32\shlwapi.dll
0x00007ffb28420000 - 0x00007ffb28441000 	C:\WINDOWS\SYSTEM32\profapi.dll
0x00007ffaf4840000 - 0x00007ffaf4858000 	C:\Program Files\Microsoft\jdk-17.0.10.7-hotspot\bin\zip.dll
0x00007ffaf4880000 - 0x00007ffaf4899000 	C:\Program Files\Microsoft\jdk-17.0.10.7-hotspot\bin\net.dll
0x00007ffb241c0000 - 0x00007ffb242f6000 	C:\WINDOWS\SYSTEM32\WINHTTP.dll
0x00007ffb27940000 - 0x00007ffb279a9000 	C:\WINDOWS\system32\mswsock.dll
0x00007ffaf4860000 - 0x00007ffaf4876000 	C:\Program Files\Microsoft\jdk-17.0.10.7-hotspot\bin\nio.dll
0x00007ffb25370000 - 0x00007ffb25380000 	C:\Program Files\Microsoft\jdk-17.0.10.7-hotspot\bin\verify.dll
0x00007ffae5b30000 - 0x00007ffae5b57000 	C:\Users\razer\.gradle\native\68d5fa5c4cc2d200863cafc0d521ce42e7d3e7ee720ec0a83991735586a16f82\windows-amd64\native-platform.dll
0x00007ffaf8930000 - 0x00007ffaf8a74000 	C:\Users\razer\.gradle\native\e376f236ea51e6404a007f0833ffe2c6e607c4080706a723a18a27aeea778392\windows-amd64\native-platform-file-events.dll
0x00007ffb14a00000 - 0x00007ffb14a09000 	C:\Program Files\Microsoft\jdk-17.0.10.7-hotspot\bin\management.dll
0x00007ffb0fbe0000 - 0x00007ffb0fbeb000 	C:\Program Files\Microsoft\jdk-17.0.10.7-hotspot\bin\management_ext.dll
0x00007ffb29b60000 - 0x00007ffb29b68000 	C:\WINDOWS\System32\PSAPI.DLL
0x00007ffb27bd0000 - 0x00007ffb27beb000 	C:\WINDOWS\SYSTEM32\CRYPTSP.dll
0x00007ffb27430000 - 0x00007ffb27465000 	C:\WINDOWS\system32\rsaenh.dll
0x00007ffb27a20000 - 0x00007ffb27a48000 	C:\WINDOWS\SYSTEM32\USERENV.dll
0x00007ffb27bc0000 - 0x00007ffb27bcc000 	C:\WINDOWS\SYSTEM32\CRYPTBASE.dll
0x00007ffb26f40000 - 0x00007ffb26f6d000 	C:\WINDOWS\SYSTEM32\IPHLPAPI.DLL
0x00007ffb29530000 - 0x00007ffb29539000 	C:\WINDOWS\System32\NSI.dll
0x00007ffb241a0000 - 0x00007ffb241b9000 	C:\WINDOWS\SYSTEM32\dhcpcsvc6.DLL
0x00007ffb24180000 - 0x00007ffb2419f000 	C:\WINDOWS\SYSTEM32\dhcpcsvc.DLL
0x00007ffb26fb0000 - 0x00007ffb270a8000 	C:\WINDOWS\SYSTEM32\DNSAPI.dll
0x00007ffb0bd80000 - 0x00007ffb0bd89000 	C:\Program Files\Microsoft\jdk-17.0.10.7-hotspot\bin\extnet.dll
0x00007ffb0c0b0000 - 0x00007ffb0c0be000 	C:\Program Files\Microsoft\jdk-17.0.10.7-hotspot\bin\sunmscapi.dll
0x00007ffb28ba0000 - 0x00007ffb28d08000 	C:\WINDOWS\System32\CRYPT32.dll
0x00007ffb27da0000 - 0x00007ffb27dce000 	C:\WINDOWS\SYSTEM32\ncrypt.dll
0x00007ffb27d60000 - 0x00007ffb27d97000 	C:\WINDOWS\SYSTEM32\NTASN1.dll
0x00007ffb14b20000 - 0x00007ffb14b28000 	C:\WINDOWS\system32\wshunix.dll
0x00007ffb18bd0000 - 0x00007ffb18bda000 	C:\Windows\System32\rasadhlp.dll
0x00007ffb21ac0000 - 0x00007ffb21b43000 	C:\WINDOWS\System32\fwpuclnt.dll
0x00007ffb130f0000 - 0x00007ffb13107000 	C:\WINDOWS\system32\napinsp.dll
0x00007ffb12b00000 - 0x00007ffb12b1b000 	C:\WINDOWS\system32\pnrpnsp.dll
0x00007ffb12ae0000 - 0x00007ffb12af1000 	C:\WINDOWS\System32\winrnr.dll
0x00007ffb127b0000 - 0x00007ffb127c5000 	C:\WINDOWS\system32\wshbth.dll
0x00007ffb12780000 - 0x00007ffb127a7000 	C:\WINDOWS\system32\nlansp_c.dll

dbghelp: loaded successfully - version: 4.0.5 - missing functions: none
symbol engine: initialized successfully - sym options: 0x614 - pdb path: .;C:\Program Files\Microsoft\jdk-17.0.10.7-hotspot\bin;C:\WINDOWS\SYSTEM32;C:\WINDOWS\WinSxS\amd64_microsoft.windows.common-controls_6595b64144ccf1df_6.0.22621.3527_none_270e469b73872a76;C:\Program Files\Microsoft\jdk-17.0.10.7-hotspot\bin\server;C:\Users\razer\.gradle\native\68d5fa5c4cc2d200863cafc0d521ce42e7d3e7ee720ec0a83991735586a16f82\windows-amd64;C:\Users\razer\.gradle\native\e376f236ea51e6404a007f0833ffe2c6e607c4080706a723a18a27aeea778392\windows-amd64

VM Arguments:
jvm_args: -XX:MaxMetaspaceSize=512m --add-opens=java.base/java.util=ALL-UNNAMED --add-opens=java.base/java.lang=ALL-UNNAMED --add-opens=java.base/java.lang.invoke=ALL-UNNAMED --add-opens=java.prefs/java.util.prefs=ALL-UNNAMED --add-opens=java.base/java.nio.charset=ALL-UNNAMED --add-opens=java.base/java.net=ALL-UNNAMED --add-opens=java.base/java.util.concurrent.atomic=ALL-UNNAMED -Xmx2048m -Dfile.encoding=windows-1252 -Duser.country=PE -Duser.language=es -Duser.variant -javaagent:C:\Users\razer\.gradle\wrapper\dists\gradle-8.3-all\6en3ugtfdg5xnpx44z4qbwgas\gradle-8.3\lib\agents\gradle-instrumentation-agent-8.3.jar 
java_command: org.gradle.launcher.daemon.bootstrap.GradleDaemon 8.3
java_class_path (initial): C:\Users\razer\.gradle\wrapper\dists\gradle-8.3-all\6en3ugtfdg5xnpx44z4qbwgas\gradle-8.3\lib\gradle-launcher-8.3.jar
Launcher Type: SUN_STANDARD

[Global flags]
     intx CICompilerCount                          = 4                                         {product} {ergonomic}
   size_t CompressedClassSpaceSize                 = 436207616                                 {product} {ergonomic}
     uint ConcGCThreads                            = 2                                         {product} {ergonomic}
     uint G1ConcRefinementThreads                  = 8                                         {product} {ergonomic}
   size_t G1HeapRegionSize                         = 1048576                                   {product} {ergonomic}
    uintx GCDrainStackTargetSize                   = 64                                        {product} {ergonomic}
   size_t InitialHeapSize                          = 100663296                                 {product} {ergonomic}
   size_t MarkStackSize                            = 4194304                                   {product} {ergonomic}
   size_t MaxHeapSize                              = 2147483648                                {product} {command line}
   size_t MaxMetaspaceSize                         = 536870912                                 {product} {command line}
   size_t MaxNewSize                               = 1287651328                                {product} {ergonomic}
   size_t MinHeapDeltaBytes                        = 1048576                                   {product} {ergonomic}
   size_t MinHeapSize                              = 8388608                                   {product} {ergonomic}
    uintx NonNMethodCodeHeapSize                   = 5839372                                {pd product} {ergonomic}
    uintx NonProfiledCodeHeapSize                  = 122909434                              {pd product} {ergonomic}
    uintx ProfiledCodeHeapSize                     = 122909434                              {pd product} {ergonomic}
    uintx ReservedCodeCacheSize                    = 251658240                              {pd product} {ergonomic}
     bool SegmentedCodeCache                       = true                                      {product} {ergonomic}
   size_t SoftMaxHeapSize                          = 2147483648                             {manageable} {ergonomic}
     bool UseCompressedClassPointers               = true                           {product lp64_product} {ergonomic}
     bool UseCompressedOops                        = true                           {product lp64_product} {ergonomic}
     bool UseG1GC                                  = true                                      {product} {ergonomic}
     bool UseLargePagesIndividualAllocation        = false                                  {pd product} {ergonomic}

Logging:
Log output configuration:
 #0: stdout all=warning uptime,level,tags
 #1: stderr all=off uptime,level,tags

Environment Variables:
JAVA_HOME=C:\Program Files\Microsoft\jdk-17.0.10.7-hotspot
CLASSPATH=C:\Users\razer\Documents\dprom-minsa\dpromApp\android\\gradle\wrapper\gradle-wrapper.jar
PATH=C:\Users\razer\Documents\dprom-minsa\dpromApp\node_modules\.bin;C:\Users\razer\Documents\dprom-minsa\dpromApp\node_modules\.bin;C:\Users\razer\Documents\dprom-minsa\node_modules\.bin;C:\Users\razer\Documents\node_modules\.bin;C:\Users\razer\node_modules\.bin;C:\Users\node_modules\.bin;C:\node_modules\.bin;C:\Program Files\nodejs\node_modules\npm\node_modules\@npmcli\run-script\lib\node-gyp-bin;C:\Users\razer\Documents\dprom-minsa\dpromApp\node_modules\.bin;C:\Users\razer\Documents\dprom-minsa\node_modules\.bin;C:\Users\razer\Documents\node_modules\.bin;C:\Users\razer\node_modules\.bin;C:\Users\node_modules\.bin;C:\node_modules\.bin;C:\Program Files\nodejs\node_modules\npm\node_modules\@npmcli\run-script\lib\node-gyp-bin;C:\Users\razer\bin;C:\Program Files\Git\usr\local\bin;C:\Program Files\Git\usr\bin;C:\Program Files\Git\usr\bin;C:\Program Files\Git\opt\bin;C:\Program Files\Common Files\Oracle\Java\javapath;C:\Program Files\Microsoft\jdk-17.0.10.7-hotspot\bin;C:\WINDOWS\system32;C:\WINDOWS;C:\WINDOWS\System32\Wbem;C:\WINDOWS\System32\WindowsPowerShell\v1.0;C:\WINDOWS\System32\OpenSSH;C:\Program Files\Git\cmd;C:\Users\razer\AppData\Roaming\nvm;C:\Program Files\nodejs;C:\ProgramData\chocolatey\bin;C:\Program Files\nodejs;C:\Program Files\Docker\Docker\resources\bin;C:\Users\razer\AppData\Local\Android\Sdk\tools;C:\Users\razer\AppData\Local\Programs\Python\Python38\Scripts;C:\Users\razer\AppData\Local\Programs\Python\Python38;C:\Users\razer\AppData\Local\Microsoft\WindowsApps;C:\Users\razer\AppData\Local\Programs\Microsoft VS Code\bin;C:\Program Files\heroku\bin;C:\Users\razer\AppData\Roaming\nvm;C:\Program Files\nodejs;C:\Users\razer\AppData\Local\Android\Sdk\platform-tools;C:\Users\razer\AppData\Roaming\npm;C:\Program Files\Java\jdk-22\bin;C:\Program Files\Git\usr\bin\vendor_perl;C:\Program Files\Git\usr\bin\core_perl
USERNAME=razer
SHELL=C:\Program Files\Git\usr\bin\bash.exe
LANG=en_US.UTF-8
TERM=xterm-256color
TMPDIR=C:\Users\razer\AppData\Local\Temp
OS=Windows_NT
PROCESSOR_IDENTIFIER=AMD64 Family 23 Model 24 Stepping 1, AuthenticAMD
TMP=C:\Users\razer\AppData\Local\Temp
TEMP=C:\Users\razer\AppData\Local\Temp



Periodic native trim disabled


---------------  S Y S T E M  ---------------

OS:
 Windows 11 , 64 bit Build 22621 (10.0.22621.3527)
OS uptime: 6 days 1:01 hours
Hyper-V role detected

CPU: total 8 (initial active 8) (8 cores per cpu, 2 threads per core) family 23 model 24 stepping 1 microcode 0x0, cx8, cmov, fxsr, ht, mmx, 3dnowpref, sse, sse2, sse3, ssse3, sse4a, sse4.1, sse4.2, popcnt, lzcnt, tsc, tscinvbit, avx, avx2, aes, clmul, bmi1, bmi2, adx, sha, fma, vzeroupper, clflush, clflushopt, hv
Processor Information for all 8 processors :
  Max Mhz: 2100, Current Mhz: 2100, Mhz Limit: 2100

Memory: 4k page, system-wide physical 6091M (205M free)
TotalPageFile size 24523M (AvailPageFile size 0M)
current process WorkingSet (physical memory assigned to process): 382M, peak: 384M
current process commit charge ("private bytes"): 452M, peak: 454M

vm_info: OpenJDK 64-Bit Server VM (17.0.10+7-LTS) for windows-amd64 JRE (17.0.10+7-LTS), built on Jan 10 2024 19:47:12 by "MicrosoftCorporation" with MS VC++ 16.10 / 16.11 (VS2019)

END.
